[2025-12-09 00:29:17] local.ERROR: Exception occurred {"exception_class":"Illuminate\\Database\\UniqueConstraintViolationException","message":"SQLSTATE[23000]: Integrity constraint violation: 19 UNIQUE constraint failed: users.email (Connection: sqlite, SQL: insert into \"users\" (\"name\", \"email\", \"password\", \"updated_at\", \"created_at\") values (Admin User, admin@arbiter.com, $2y$12$WxG7rHwPPQcneuxnXB4MHeHC/CPpB12j7VOgszbzMurEHll698F5u, 2025-12-09 00:29:17, 2025-12-09 00:29:17))","file":"C:\\xampp\\htdocs\\ArbiterCoffeeShop HUB\\services\\backend\\vendor\\laravel\\framework\\src\\Illuminate\\Database\\Connection.php","line":819,"code":"23000","trace":"#0 C:\\xampp\\htdocs\\ArbiterCoffeeShop HUB\\services\\backend\\vendor\\laravel\\framework\\src\\Illuminate\\Database\\Connection.php(778): Illuminate\\Database\\Connection->runQueryCallback('insert into \"us...', Array, Object(Closure))
#1 C:\\xampp\\htdocs\\ArbiterCoffeeShop HUB\\services\\backend\\vendor\\laravel\\framework\\src\\Illuminate\\Database\\Connection.php(559): Illuminate\\Database\\Connection->run('insert into \"us...', Array, Object(Closure))
#2 C:\\xampp\\htdocs\\ArbiterCoffeeShop HUB\\services\\backend\\vendor\\laravel\\framework\\src\\Illuminate\\Database\\Connection.php(523): Illuminate\\Database\\Connection->statement('insert into \"us...', Array)
#3 C:\\xampp\\htdocs\\ArbiterCoffeeShop HUB\\services\\backend\\vendor\\laravel\\framework\\src\\Illuminate\\Database\\Query\\Processors\\Processor.php(32): Illuminate\\Database\\Connection->insert('insert into \"us...', Array)
#4 C:\\xampp\\htdocs\\ArbiterCoffeeShop HUB\\services\\backend\\vendor\\laravel\\framework\\src\\Illuminate\\Database\\Query\\Builder.php(3853): Illuminate\\Database\\Query\\Processors\\Processor->processInsertGetId(Object(Illuminate\\Database\\Query\\Builder), 'insert into \"us...', Array, 'id')
#5 C:\\xampp\\htdocs\\ArbiterCoffeeShop HUB\\services\\backend\\vendor\\laravel\\framework\\src\\Illuminate\\Database\\Eloquent\\Builder.php(2235): Illuminate\\Database\\Query\\Builder->insertGetId(Array, 'id')
#6 C:\\xampp\\htdocs\\ArbiterCoffeeShop HUB\\services\\backend\\vendor\\laravel\\framework\\src\\Illuminate\\Database\\Eloquent\\Model.php(1436): Illuminate\\Database\\Eloquent\\Builder->__call('insertGetId', Array)
#7 C:\\xampp\\htdocs\\ArbiterCoffeeShop HUB\\services\\backend\\vendor\\laravel\\framework\\src\\Illuminate\\Database\\Eloquent\\Model.php(1401): Illuminate\\Database\\Eloquent\\Model->insertAndSetId(Object(Illuminate\\Database\\Eloquent\\Builder), Array)
#8 C:\\xampp\\htdocs\\ArbiterCoffeeShop HUB\\services\\backend\\vendor\\laravel\\framework\\src\\Illuminate\\Database\\Eloquent\\Model.php(1240): Illuminate\\Database\\Eloquent\\Model->performInsert(Object(Illuminate\\Database\\Eloquent\\Builder))
#9 C:\\xampp\\htdocs\\ArbiterCoffeeShop HUB\\services\\backend\\vendor\\laravel\\framework\\src\\Illuminate\\Database\\Eloquent\\Builder.php(1219): Illuminate\\Database\\Eloquent\\Model->save()
#10 C:\\xampp\\htdocs\\ArbiterCoffeeShop HUB\\services\\backend\\vendor\\laravel\\framework\\src\\Illuminate\\Support\\helpers.php(390): Illuminate\\Database\\Eloquent\\Builder->{closure:Illuminate\\Database\\Eloquent\\Builder::create():1218}(Object(App\\Models\\User))
#11 C:\\xampp\\htdocs\\ArbiterCoffeeShop HUB\\services\\backend\\vendor\\laravel\\framework\\src\\Illuminate\\Database\\Eloquent\\Builder.php(1218): tap(Object(App\\Models\\User), Object(Closure))
#12 C:\\xampp\\htdocs\\ArbiterCoffeeShop HUB\\services\\backend\\vendor\\laravel\\framework\\src\\Illuminate\\Support\\Traits\\ForwardsCalls.php(23): Illuminate\\Database\\Eloquent\\Builder->create(Array)
#13 C:\\xampp\\htdocs\\ArbiterCoffeeShop HUB\\services\\backend\\vendor\\laravel\\framework\\src\\Illuminate\\Database\\Eloquent\\Model.php(2540): Illuminate\\Database\\Eloquent\\Model->forwardCallTo(Object(Illuminate\\Database\\Eloquent\\Builder), 'create', Array)
#14 C:\\xampp\\htdocs\\ArbiterCoffeeShop HUB\\services\\backend\\vendor\\laravel\\framework\\src\\Illuminate\\Database\\Eloquent\\Model.php(2556): Illuminate\\Database\\Eloquent\\Model->__call('create', Array)
#15 C:\\xampp\\htdocs\\ArbiterCoffeeShop HUB\\services\\backend\\database\\seeders\\DatabaseSeeder.php(32): Illuminate\\Database\\Eloquent\\Model::__callStatic('create', Array)
#16 C:\\xampp\\htdocs\\ArbiterCoffeeShop HUB\\services\\backend\\vendor\\laravel\\framework\\src\\Illuminate\\Container\\BoundMethod.php(36): Database\\Seeders\\DatabaseSeeder->run()
#17 C:\\xampp\\htdocs\\ArbiterCoffeeShop HUB\\services\\backend\\vendor\\laravel\\framework\\src\\Illuminate\\Container\\Util.php(43): Illuminate\\Container\\BoundMethod::{closure:Illuminate\\Container\\BoundMethod::call():35}()
#18 C:\\xampp\\htdocs\\ArbiterCoffeeShop HUB\\services\\backend\\vendor\\laravel\\framework\\src\\Illuminate\\Container\\BoundMethod.php(96): Illuminate\\Container\\Util::unwrapIfClosure(Object(Closure))
#19 C:\\xampp\\htdocs\\ArbiterCoffeeShop HUB\\services\\backend\\vendor\\laravel\\framework\\src\\Illuminate\\Container\\BoundMethod.php(35): Illuminate\\Container\\BoundMethod::callBoundMethod(Object(Illuminate\\Foundation\\Application), Array, Object(Closure))
#20 C:\\xampp\\htdocs\\ArbiterCoffeeShop HUB\\services\\backend\\vendor\\laravel\\framework\\src\\Illuminate\\Container\\Container.php(836): Illuminate\\Container\\BoundMethod::call(Object(Illuminate\\Foundation\\Application), Array, Array, NULL)
#21 C:\\xampp\\htdocs\\ArbiterCoffeeShop HUB\\services\\backend\\vendor\\laravel\\framework\\src\\Illuminate\\Database\\Seeder.php(184): Illuminate\\Container\\Container->call(Array, Array)
#22 C:\\xampp\\htdocs\\ArbiterCoffeeShop HUB\\services\\backend\\vendor\\laravel\\framework\\src\\Illuminate\\Database\\Eloquent\\Concerns\\HasEvents.php(454): Illuminate\\Database\\Seeder->{closure:Illuminate\\Database\\Seeder::__invoke():183}()
#23 C:\\xampp\\htdocs\\ArbiterCoffeeShop HUB\\services\\backend\\vendor\\laravel\\framework\\src\\Illuminate\\Database\\Console\\Seeds\\WithoutModelEvents.php(17): Illuminate\\Database\\Eloquent\\Model::withoutEvents(Object(Closure))
#24 C:\\xampp\\htdocs\\ArbiterCoffeeShop HUB\\services\\backend\\vendor\\laravel\\framework\\src\\Illuminate\\Database\\Seeder.php(193): Database\\Seeders\\DatabaseSeeder->{closure:Illuminate\\Database\\Console\\Seeds\\WithoutModelEvents::withoutModelEvents():17}()
#25 C:\\xampp\\htdocs\\ArbiterCoffeeShop HUB\\services\\backend\\vendor\\laravel\\framework\\src\\Illuminate\\Database\\Console\\Seeds\\SeedCommand.php(71): Illuminate\\Database\\Seeder->__invoke()
#26 C:\\xampp\\htdocs\\ArbiterCoffeeShop HUB\\services\\backend\\vendor\\laravel\\framework\\src\\Illuminate\\Database\\Eloquent\\Concerns\\GuardsAttributes.php(157): Illuminate\\Database\\Console\\Seeds\\SeedCommand->{closure:Illuminate\\Database\\Console\\Seeds\\SeedCommand::handle():70}()
#27 C:\\xampp\\htdocs\\ArbiterCoffeeShop HUB\\services\\backend\\vendor\\laravel\\framework\\src\\Illuminate\\Database\\Console\\Seeds\\SeedCommand.php(70): Illuminate\\Database\\Eloquent\\Model::unguarded(Object(Closure))
#28 C:\\xampp\\htdocs\\ArbiterCoffeeShop HUB\\services\\backend\\vendor\\laravel\\framework\\src\\Illuminate\\Container\\BoundMethod.php(36): Illuminate\\Database\\Console\\Seeds\\SeedCommand->handle()
#29 C:\\xampp\\htdocs\\ArbiterCoffeeShop HUB\\services\\backend\\vendor\\laravel\\framework\\src\\Illuminate\\Container\\Util.php(43): Illuminate\\Container\\BoundMethod::{closure:Illuminate\\Container\\BoundMethod::call():35}()
#30 C:\\xampp\\htdocs\\ArbiterCoffeeShop HUB\\services\\backend\\vendor\\laravel\\framework\\src\\Illuminate\\Container\\BoundMethod.php(96): Illuminate\\Container\\Util::unwrapIfClosure(Object(Closure))
#31 C:\\xampp\\htdocs\\ArbiterCoffeeShop HUB\\services\\backend\\vendor\\laravel\\framework\\src\\Illuminate\\Container\\BoundMethod.php(35): Illuminate\\Container\\BoundMethod::callBoundMethod(Object(Illuminate\\Foundation\\Application), Array, Object(Closure))
#32 C:\\xampp\\htdocs\\ArbiterCoffeeShop HUB\\services\\backend\\vendor\\laravel\\framework\\src\\Illuminate\\Container\\Container.php(836): Illuminate\\Container\\BoundMethod::call(Object(Illuminate\\Foundation\\Application), Array, Array, NULL)
#33 C:\\xampp\\htdocs\\ArbiterCoffeeShop HUB\\services\\backend\\vendor\\laravel\\framework\\src\\Illuminate\\Console\\Command.php(211): Illuminate\\Container\\Container->call(Array)
#34 C:\\xampp\\htdocs\\ArbiterCoffeeShop HUB\\services\\backend\\vendor\\symfony\\console\\Command\\Command.php(318): Illuminate\\Console\\Command->execute(Object(Symfony\\Component\\Console\\Input\\ArgvInput), Object(Illuminate\\Console\\OutputStyle))
#35 C:\\xampp\\htdocs\\ArbiterCoffeeShop HUB\\services\\backend\\vendor\\laravel\\framework\\src\\Illuminate\\Console\\Command.php(180): Symfony\\Component\\Console\\Command\\Command->run(Object(Symfony\\Component\\Console\\Input\\ArgvInput), Object(Illuminate\\Console\\OutputStyle))
#36 C:\\xampp\\htdocs\\ArbiterCoffeeShop HUB\\services\\backend\\vendor\\symfony\\console\\Application.php(1073): Illuminate\\Console\\Command->run(Object(Symfony\\Component\\Console\\Input\\ArgvInput), Object(Symfony\\Component\\Console\\Output\\ConsoleOutput))
#37 C:\\xampp\\htdocs\\ArbiterCoffeeShop HUB\\services\\backend\\vendor\\symfony\\console\\Application.php(356): Symfony\\Component\\Console\\Application->doRunCommand(Object(Illuminate\\Database\\Console\\Seeds\\SeedCommand), Object(Symfony\\Component\\Console\\Input\\ArgvInput), Object(Symfony\\Component\\Console\\Output\\ConsoleOutput))
#38 C:\\xampp\\htdocs\\ArbiterCoffeeShop HUB\\services\\backend\\vendor\\symfony\\console\\Application.php(195): Symfony\\Component\\Console\\Application->doRun(Object(Symfony\\Component\\Console\\Input\\ArgvInput), Object(Symfony\\Component\\Console\\Output\\ConsoleOutput))
#39 C:\\xampp\\htdocs\\ArbiterCoffeeShop HUB\\services\\backend\\vendor\\laravel\\framework\\src\\Illuminate\\Foundation\\Console\\Kernel.php(197): Symfony\\Component\\Console\\Application->run(Object(Symfony\\Component\\Console\\Input\\ArgvInput), Object(Symfony\\Component\\Console\\Output\\ConsoleOutput))
#40 C:\\xampp\\htdocs\\ArbiterCoffeeShop HUB\\services\\backend\\vendor\\laravel\\framework\\src\\Illuminate\\Foundation\\Application.php(1235): Illuminate\\Foundation\\Console\\Kernel->handle(Object(Symfony\\Component\\Console\\Input\\ArgvInput), Object(Symfony\\Component\\Console\\Output\\ConsoleOutput))
#41 C:\\xampp\\htdocs\\ArbiterCoffeeShop HUB\\services\\backend\\artisan(16): Illuminate\\Foundation\\Application->handleCommand(Object(Symfony\\Component\\Console\\Input\\ArgvInput))
#42 {main}","severity":"critical","request_id":null,"user_id":null,"url":"http://localhost","method":"GET","ip":"127.0.0.1","user_agent":"Symfony","headers":{"host":["localhost"],"user-agent":["Symfony"],"accept":["text/html,application/xhtml+xml,application/xml;q=0.9,*/*;q=0.8"],"accept-language":["en-us,en;q=0.5"],"accept-charset":["ISO-8859-1,utf-8;q=0.7,*;q=0.7"]},"input":[],"session":null,"server_memory":{"peak_usage":6291456,"current_usage":6291456},"timestamp":"2025-12-09T00:29:17.085091Z"} 
[2025-12-09 00:29:18] local.ERROR: Exception occurred {"exception_class":"Illuminate\\Database\\UniqueConstraintViolationException","message":"SQLSTATE[23000]: Integrity constraint violation: 19 UNIQUE constraint failed: users.email (Connection: sqlite, SQL: insert into \"users\" (\"name\", \"email\", \"password\", \"updated_at\", \"created_at\") values (Admin User, admin@arbiter.com, $2y$12$/yhqUluTdB16pL/gcECDZeY.KbTXK/O88c3C48dOINTOvAMhM.EeK, 2025-12-09 00:29:18, 2025-12-09 00:29:18))","file":"C:\\xampp\\htdocs\\ArbiterCoffeeShop HUB\\services\\backend\\vendor\\laravel\\framework\\src\\Illuminate\\Database\\Connection.php","line":819,"code":"23000","trace":"#0 C:\\xampp\\htdocs\\ArbiterCoffeeShop HUB\\services\\backend\\vendor\\laravel\\framework\\src\\Illuminate\\Database\\Connection.php(778): Illuminate\\Database\\Connection->runQueryCallback('insert into \"us...', Array, Object(Closure))
#1 C:\\xampp\\htdocs\\ArbiterCoffeeShop HUB\\services\\backend\\vendor\\laravel\\framework\\src\\Illuminate\\Database\\Connection.php(559): Illuminate\\Database\\Connection->run('insert into \"us...', Array, Object(Closure))
#2 C:\\xampp\\htdocs\\ArbiterCoffeeShop HUB\\services\\backend\\vendor\\laravel\\framework\\src\\Illuminate\\Database\\Connection.php(523): Illuminate\\Database\\Connection->statement('insert into \"us...', Array)
#3 C:\\xampp\\htdocs\\ArbiterCoffeeShop HUB\\services\\backend\\vendor\\laravel\\framework\\src\\Illuminate\\Database\\Query\\Processors\\Processor.php(32): Illuminate\\Database\\Connection->insert('insert into \"us...', Array)
#4 C:\\xampp\\htdocs\\ArbiterCoffeeShop HUB\\services\\backend\\vendor\\laravel\\framework\\src\\Illuminate\\Database\\Query\\Builder.php(3853): Illuminate\\Database\\Query\\Processors\\Processor->processInsertGetId(Object(Illuminate\\Database\\Query\\Builder), 'insert into \"us...', Array, 'id')
#5 C:\\xampp\\htdocs\\ArbiterCoffeeShop HUB\\services\\backend\\vendor\\laravel\\framework\\src\\Illuminate\\Database\\Eloquent\\Builder.php(2235): Illuminate\\Database\\Query\\Builder->insertGetId(Array, 'id')
#6 C:\\xampp\\htdocs\\ArbiterCoffeeShop HUB\\services\\backend\\vendor\\laravel\\framework\\src\\Illuminate\\Database\\Eloquent\\Model.php(1436): Illuminate\\Database\\Eloquent\\Builder->__call('insertGetId', Array)
#7 C:\\xampp\\htdocs\\ArbiterCoffeeShop HUB\\services\\backend\\vendor\\laravel\\framework\\src\\Illuminate\\Database\\Eloquent\\Model.php(1401): Illuminate\\Database\\Eloquent\\Model->insertAndSetId(Object(Illuminate\\Database\\Eloquent\\Builder), Array)
#8 C:\\xampp\\htdocs\\ArbiterCoffeeShop HUB\\services\\backend\\vendor\\laravel\\framework\\src\\Illuminate\\Database\\Eloquent\\Model.php(1240): Illuminate\\Database\\Eloquent\\Model->performInsert(Object(Illuminate\\Database\\Eloquent\\Builder))
#9 C:\\xampp\\htdocs\\ArbiterCoffeeShop HUB\\services\\backend\\vendor\\laravel\\framework\\src\\Illuminate\\Database\\Eloquent\\Builder.php(1219): Illuminate\\Database\\Eloquent\\Model->save()
#10 C:\\xampp\\htdocs\\ArbiterCoffeeShop HUB\\services\\backend\\vendor\\laravel\\framework\\src\\Illuminate\\Support\\helpers.php(390): Illuminate\\Database\\Eloquent\\Builder->{closure:Illuminate\\Database\\Eloquent\\Builder::create():1218}(Object(App\\Models\\User))
#11 C:\\xampp\\htdocs\\ArbiterCoffeeShop HUB\\services\\backend\\vendor\\laravel\\framework\\src\\Illuminate\\Database\\Eloquent\\Builder.php(1218): tap(Object(App\\Models\\User), Object(Closure))
#12 C:\\xampp\\htdocs\\ArbiterCoffeeShop HUB\\services\\backend\\vendor\\laravel\\framework\\src\\Illuminate\\Support\\Traits\\ForwardsCalls.php(23): Illuminate\\Database\\Eloquent\\Builder->create(Array)
#13 C:\\xampp\\htdocs\\ArbiterCoffeeShop HUB\\services\\backend\\vendor\\laravel\\framework\\src\\Illuminate\\Database\\Eloquent\\Model.php(2540): Illuminate\\Database\\Eloquent\\Model->forwardCallTo(Object(Illuminate\\Database\\Eloquent\\Builder), 'create', Array)
#14 C:\\xampp\\htdocs\\ArbiterCoffeeShop HUB\\services\\backend\\vendor\\laravel\\framework\\src\\Illuminate\\Database\\Eloquent\\Model.php(2556): Illuminate\\Database\\Eloquent\\Model->__call('create', Array)
#15 C:\\xampp\\htdocs\\ArbiterCoffeeShop HUB\\services\\backend\\database\\seeders\\DatabaseSeeder.php(32): Illuminate\\Database\\Eloquent\\Model::__callStatic('create', Array)
#16 C:\\xampp\\htdocs\\ArbiterCoffeeShop HUB\\services\\backend\\vendor\\laravel\\framework\\src\\Illuminate\\Container\\BoundMethod.php(36): Database\\Seeders\\DatabaseSeeder->run()
#17 C:\\xampp\\htdocs\\ArbiterCoffeeShop HUB\\services\\backend\\vendor\\laravel\\framework\\src\\Illuminate\\Container\\Util.php(43): Illuminate\\Container\\BoundMethod::{closure:Illuminate\\Container\\BoundMethod::call():35}()
#18 C:\\xampp\\htdocs\\ArbiterCoffeeShop HUB\\services\\backend\\vendor\\laravel\\framework\\src\\Illuminate\\Container\\BoundMethod.php(96): Illuminate\\Container\\Util::unwrapIfClosure(Object(Closure))
#19 C:\\xampp\\htdocs\\ArbiterCoffeeShop HUB\\services\\backend\\vendor\\laravel\\framework\\src\\Illuminate\\Container\\BoundMethod.php(35): Illuminate\\Container\\BoundMethod::callBoundMethod(Object(Illuminate\\Foundation\\Application), Array, Object(Closure))
#20 C:\\xampp\\htdocs\\ArbiterCoffeeShop HUB\\services\\backend\\vendor\\laravel\\framework\\src\\Illuminate\\Container\\Container.php(836): Illuminate\\Container\\BoundMethod::call(Object(Illuminate\\Foundation\\Application), Array, Array, NULL)
#21 C:\\xampp\\htdocs\\ArbiterCoffeeShop HUB\\services\\backend\\vendor\\laravel\\framework\\src\\Illuminate\\Database\\Seeder.php(184): Illuminate\\Container\\Container->call(Array, Array)
#22 C:\\xampp\\htdocs\\ArbiterCoffeeShop HUB\\services\\backend\\vendor\\laravel\\framework\\src\\Illuminate\\Database\\Eloquent\\Concerns\\HasEvents.php(454): Illuminate\\Database\\Seeder->{closure:Illuminate\\Database\\Seeder::__invoke():183}()
#23 C:\\xampp\\htdocs\\ArbiterCoffeeShop HUB\\services\\backend\\vendor\\laravel\\framework\\src\\Illuminate\\Database\\Console\\Seeds\\WithoutModelEvents.php(17): Illuminate\\Database\\Eloquent\\Model::withoutEvents(Object(Closure))
#24 C:\\xampp\\htdocs\\ArbiterCoffeeShop HUB\\services\\backend\\vendor\\laravel\\framework\\src\\Illuminate\\Database\\Seeder.php(193): Database\\Seeders\\DatabaseSeeder->{closure:Illuminate\\Database\\Console\\Seeds\\WithoutModelEvents::withoutModelEvents():17}()
#25 C:\\xampp\\htdocs\\ArbiterCoffeeShop HUB\\services\\backend\\vendor\\laravel\\framework\\src\\Illuminate\\Database\\Console\\Seeds\\SeedCommand.php(71): Illuminate\\Database\\Seeder->__invoke()
#26 C:\\xampp\\htdocs\\ArbiterCoffeeShop HUB\\services\\backend\\vendor\\laravel\\framework\\src\\Illuminate\\Database\\Eloquent\\Concerns\\GuardsAttributes.php(157): Illuminate\\Database\\Console\\Seeds\\SeedCommand->{closure:Illuminate\\Database\\Console\\Seeds\\SeedCommand::handle():70}()
#27 C:\\xampp\\htdocs\\ArbiterCoffeeShop HUB\\services\\backend\\vendor\\laravel\\framework\\src\\Illuminate\\Database\\Console\\Seeds\\SeedCommand.php(70): Illuminate\\Database\\Eloquent\\Model::unguarded(Object(Closure))
#28 C:\\xampp\\htdocs\\ArbiterCoffeeShop HUB\\services\\backend\\vendor\\laravel\\framework\\src\\Illuminate\\Container\\BoundMethod.php(36): Illuminate\\Database\\Console\\Seeds\\SeedCommand->handle()
#29 C:\\xampp\\htdocs\\ArbiterCoffeeShop HUB\\services\\backend\\vendor\\laravel\\framework\\src\\Illuminate\\Container\\Util.php(43): Illuminate\\Container\\BoundMethod::{closure:Illuminate\\Container\\BoundMethod::call():35}()
#30 C:\\xampp\\htdocs\\ArbiterCoffeeShop HUB\\services\\backend\\vendor\\laravel\\framework\\src\\Illuminate\\Container\\BoundMethod.php(96): Illuminate\\Container\\Util::unwrapIfClosure(Object(Closure))
#31 C:\\xampp\\htdocs\\ArbiterCoffeeShop HUB\\services\\backend\\vendor\\laravel\\framework\\src\\Illuminate\\Container\\BoundMethod.php(35): Illuminate\\Container\\BoundMethod::callBoundMethod(Object(Illuminate\\Foundation\\Application), Array, Object(Closure))
#32 C:\\xampp\\htdocs\\ArbiterCoffeeShop HUB\\services\\backend\\vendor\\laravel\\framework\\src\\Illuminate\\Container\\Container.php(836): Illuminate\\Container\\BoundMethod::call(Object(Illuminate\\Foundation\\Application), Array, Array, NULL)
#33 C:\\xampp\\htdocs\\ArbiterCoffeeShop HUB\\services\\backend\\vendor\\laravel\\framework\\src\\Illuminate\\Console\\Command.php(211): Illuminate\\Container\\Container->call(Array)
#34 C:\\xampp\\htdocs\\ArbiterCoffeeShop HUB\\services\\backend\\vendor\\symfony\\console\\Command\\Command.php(318): Illuminate\\Console\\Command->execute(Object(Symfony\\Component\\Console\\Input\\ArgvInput), Object(Illuminate\\Console\\OutputStyle))
#35 C:\\xampp\\htdocs\\ArbiterCoffeeShop HUB\\services\\backend\\vendor\\laravel\\framework\\src\\Illuminate\\Console\\Command.php(180): Symfony\\Component\\Console\\Command\\Command->run(Object(Symfony\\Component\\Console\\Input\\ArgvInput), Object(Illuminate\\Console\\OutputStyle))
#36 C:\\xampp\\htdocs\\ArbiterCoffeeShop HUB\\services\\backend\\vendor\\symfony\\console\\Application.php(1073): Illuminate\\Console\\Command->run(Object(Symfony\\Component\\Console\\Input\\ArgvInput), Object(Symfony\\Component\\Console\\Output\\ConsoleOutput))
#37 C:\\xampp\\htdocs\\ArbiterCoffeeShop HUB\\services\\backend\\vendor\\symfony\\console\\Application.php(356): Symfony\\Component\\Console\\Application->doRunCommand(Object(Illuminate\\Database\\Console\\Seeds\\SeedCommand), Object(Symfony\\Component\\Console\\Input\\ArgvInput), Object(Symfony\\Component\\Console\\Output\\ConsoleOutput))
#38 C:\\xampp\\htdocs\\ArbiterCoffeeShop HUB\\services\\backend\\vendor\\symfony\\console\\Application.php(195): Symfony\\Component\\Console\\Application->doRun(Object(Symfony\\Component\\Console\\Input\\ArgvInput), Object(Symfony\\Component\\Console\\Output\\ConsoleOutput))
#39 C:\\xampp\\htdocs\\ArbiterCoffeeShop HUB\\services\\backend\\vendor\\laravel\\framework\\src\\Illuminate\\Foundation\\Console\\Kernel.php(197): Symfony\\Component\\Console\\Application->run(Object(Symfony\\Component\\Console\\Input\\ArgvInput), Object(Symfony\\Component\\Console\\Output\\ConsoleOutput))
#40 C:\\xampp\\htdocs\\ArbiterCoffeeShop HUB\\services\\backend\\vendor\\laravel\\framework\\src\\Illuminate\\Foundation\\Application.php(1235): Illuminate\\Foundation\\Console\\Kernel->handle(Object(Symfony\\Component\\Console\\Input\\ArgvInput), Object(Symfony\\Component\\Console\\Output\\ConsoleOutput))
#41 C:\\xampp\\htdocs\\ArbiterCoffeeShop HUB\\services\\backend\\artisan(16): Illuminate\\Foundation\\Application->handleCommand(Object(Symfony\\Component\\Console\\Input\\ArgvInput))
#42 {main}","severity":"critical","request_id":null,"user_id":null,"url":"http://localhost","method":"GET","ip":"127.0.0.1","user_agent":"Symfony","headers":{"host":["localhost"],"user-agent":["Symfony"],"accept":["text/html,application/xhtml+xml,application/xml;q=0.9,*/*;q=0.8"],"accept-language":["en-us,en;q=0.5"],"accept-charset":["ISO-8859-1,utf-8;q=0.7,*;q=0.7"]},"input":[],"session":null,"server_memory":{"peak_usage":6291456,"current_usage":6291456},"timestamp":"2025-12-09T00:29:18.691496Z"} 
[2025-12-09 01:28:51] local.ERROR: Exception occurred {"exception_class":"Psy\\Exception\\ParseErrorException","message":"PHP Parse error: Syntax error, unexpected T_NS_SEPARATOR on line 1","file":"C:\\xampp\\htdocs\\ArbiterCoffeeShop HUB\\services\\backend\\vendor\\psy\\psysh\\src\\Exception\\ParseErrorException.php","line":44,"code":0,"trace":"#0 C:\\xampp\\htdocs\\ArbiterCoffeeShop HUB\\services\\backend\\vendor\\psy\\psysh\\src\\CodeCleaner.php(560): Psy\\Exception\\ParseErrorException::fromParseError(Object(PhpParser\\Error))
#1 C:\\xampp\\htdocs\\ArbiterCoffeeShop HUB\\services\\backend\\vendor\\psy\\psysh\\src\\CodeCleaner.php(283): Psy\\CodeCleaner->parse('<?php \\\\ = App\\\\M...', false)
#2 C:\\xampp\\htdocs\\ArbiterCoffeeShop HUB\\services\\backend\\vendor\\psy\\psysh\\src\\Shell.php(934): Psy\\CodeCleaner->clean(Array, false)
#3 C:\\xampp\\htdocs\\ArbiterCoffeeShop HUB\\services\\backend\\vendor\\psy\\psysh\\src\\Shell.php(968): Psy\\Shell->addCode('\\\\ = App\\\\Models\\\\...', true)
#4 C:\\xampp\\htdocs\\ArbiterCoffeeShop HUB\\services\\backend\\vendor\\psy\\psysh\\src\\Shell.php(1511): Psy\\Shell->setCode('\\\\ = App\\\\Models\\\\...', true)
#5 C:\\xampp\\htdocs\\ArbiterCoffeeShop HUB\\services\\backend\\vendor\\laravel\\tinker\\src\\Console\\TinkerCommand.php(76): Psy\\Shell->execute('\\\\ = App\\\\Models\\\\...')
#6 C:\\xampp\\htdocs\\ArbiterCoffeeShop HUB\\services\\backend\\vendor\\laravel\\framework\\src\\Illuminate\\Container\\BoundMethod.php(36): Laravel\\Tinker\\Console\\TinkerCommand->handle()
#7 C:\\xampp\\htdocs\\ArbiterCoffeeShop HUB\\services\\backend\\vendor\\laravel\\framework\\src\\Illuminate\\Container\\Util.php(43): Illuminate\\Container\\BoundMethod::{closure:Illuminate\\Container\\BoundMethod::call():35}()
#8 C:\\xampp\\htdocs\\ArbiterCoffeeShop HUB\\services\\backend\\vendor\\laravel\\framework\\src\\Illuminate\\Container\\BoundMethod.php(96): Illuminate\\Container\\Util::unwrapIfClosure(Object(Closure))
#9 C:\\xampp\\htdocs\\ArbiterCoffeeShop HUB\\services\\backend\\vendor\\laravel\\framework\\src\\Illuminate\\Container\\BoundMethod.php(35): Illuminate\\Container\\BoundMethod::callBoundMethod(Object(Illuminate\\Foundation\\Application), Array, Object(Closure))
#10 C:\\xampp\\htdocs\\ArbiterCoffeeShop HUB\\services\\backend\\vendor\\laravel\\framework\\src\\Illuminate\\Container\\Container.php(836): Illuminate\\Container\\BoundMethod::call(Object(Illuminate\\Foundation\\Application), Array, Array, NULL)
#11 C:\\xampp\\htdocs\\ArbiterCoffeeShop HUB\\services\\backend\\vendor\\laravel\\framework\\src\\Illuminate\\Console\\Command.php(211): Illuminate\\Container\\Container->call(Array)
#12 C:\\xampp\\htdocs\\ArbiterCoffeeShop HUB\\services\\backend\\vendor\\symfony\\console\\Command\\Command.php(318): Illuminate\\Console\\Command->execute(Object(Symfony\\Component\\Console\\Input\\ArgvInput), Object(Illuminate\\Console\\OutputStyle))
#13 C:\\xampp\\htdocs\\ArbiterCoffeeShop HUB\\services\\backend\\vendor\\laravel\\framework\\src\\Illuminate\\Console\\Command.php(180): Symfony\\Component\\Console\\Command\\Command->run(Object(Symfony\\Component\\Console\\Input\\ArgvInput), Object(Illuminate\\Console\\OutputStyle))
#14 C:\\xampp\\htdocs\\ArbiterCoffeeShop HUB\\services\\backend\\vendor\\symfony\\console\\Application.php(1073): Illuminate\\Console\\Command->run(Object(Symfony\\Component\\Console\\Input\\ArgvInput), Object(Symfony\\Component\\Console\\Output\\ConsoleOutput))
#15 C:\\xampp\\htdocs\\ArbiterCoffeeShop HUB\\services\\backend\\vendor\\symfony\\console\\Application.php(356): Symfony\\Component\\Console\\Application->doRunCommand(Object(Laravel\\Tinker\\Console\\TinkerCommand), Object(Symfony\\Component\\Console\\Input\\ArgvInput), Object(Symfony\\Component\\Console\\Output\\ConsoleOutput))
#16 C:\\xampp\\htdocs\\ArbiterCoffeeShop HUB\\services\\backend\\vendor\\symfony\\console\\Application.php(195): Symfony\\Component\\Console\\Application->doRun(Object(Symfony\\Component\\Console\\Input\\ArgvInput), Object(Symfony\\Component\\Console\\Output\\ConsoleOutput))
#17 C:\\xampp\\htdocs\\ArbiterCoffeeShop HUB\\services\\backend\\vendor\\laravel\\framework\\src\\Illuminate\\Foundation\\Console\\Kernel.php(197): Symfony\\Component\\Console\\Application->run(Object(Symfony\\Component\\Console\\Input\\ArgvInput), Object(Symfony\\Component\\Console\\Output\\ConsoleOutput))
#18 C:\\xampp\\htdocs\\ArbiterCoffeeShop HUB\\services\\backend\\vendor\\laravel\\framework\\src\\Illuminate\\Foundation\\Application.php(1235): Illuminate\\Foundation\\Console\\Kernel->handle(Object(Symfony\\Component\\Console\\Input\\ArgvInput), Object(Symfony\\Component\\Console\\Output\\ConsoleOutput))
#19 C:\\xampp\\htdocs\\ArbiterCoffeeShop HUB\\services\\backend\\artisan(16): Illuminate\\Foundation\\Application->handleCommand(Object(Symfony\\Component\\Console\\Input\\ArgvInput))
#20 {main}","severity":"high","request_id":null,"user_id":null,"url":"http://localhost","method":"GET","ip":"127.0.0.1","user_agent":"Symfony","headers":{"host":["localhost"],"user-agent":["Symfony"],"accept":["text/html,application/xhtml+xml,application/xml;q=0.9,*/*;q=0.8"],"accept-language":["en-us,en;q=0.5"],"accept-charset":["ISO-8859-1,utf-8;q=0.7,*;q=0.7"]},"input":[],"session":null,"server_memory":{"peak_usage":8388608,"current_usage":8388608},"timestamp":"2025-12-09T01:28:51.811893Z"} 
[2025-12-09 14:19:05] local.ERROR: Exception occurred {"exception_class":"Psy\\Exception\\ParseErrorException","message":"PHP Parse error: Syntax error, unexpected '=' on line 1","file":"C:\\xampp\\htdocs\\ArbiterCoffeeShop HUB\\backend\\vendor\\psy\\psysh\\src\\Exception\\ParseErrorException.php","line":44,"code":0,"trace":"#0 C:\\xampp\\htdocs\\ArbiterCoffeeShop HUB\\backend\\vendor\\psy\\psysh\\src\\CodeCleaner.php(560): Psy\\Exception\\ParseErrorException::fromParseError(Object(PhpParser\\Error))
#1 C:\\xampp\\htdocs\\ArbiterCoffeeShop HUB\\backend\\vendor\\psy\\psysh\\src\\CodeCleaner.php(283): Psy\\CodeCleaner->parse('<?php  = new Ap...', false)
#2 C:\\xampp\\htdocs\\ArbiterCoffeeShop HUB\\backend\\vendor\\psy\\psysh\\src\\Shell.php(934): Psy\\CodeCleaner->clean(Array, false)
#3 C:\\xampp\\htdocs\\ArbiterCoffeeShop HUB\\backend\\vendor\\psy\\psysh\\src\\Shell.php(968): Psy\\Shell->addCode(' = new App\\\\Http...', true)
#4 C:\\xampp\\htdocs\\ArbiterCoffeeShop HUB\\backend\\vendor\\psy\\psysh\\src\\Shell.php(1511): Psy\\Shell->setCode(' = new App\\\\Http...', true)
#5 C:\\xampp\\htdocs\\ArbiterCoffeeShop HUB\\backend\\vendor\\laravel\\tinker\\src\\Console\\TinkerCommand.php(76): Psy\\Shell->execute(' = new App\\\\Http...')
#6 C:\\xampp\\htdocs\\ArbiterCoffeeShop HUB\\backend\\vendor\\laravel\\framework\\src\\Illuminate\\Container\\BoundMethod.php(36): Laravel\\Tinker\\Console\\TinkerCommand->handle()
#7 C:\\xampp\\htdocs\\ArbiterCoffeeShop HUB\\backend\\vendor\\laravel\\framework\\src\\Illuminate\\Container\\Util.php(43): Illuminate\\Container\\BoundMethod::{closure:Illuminate\\Container\\BoundMethod::call():35}()
#8 C:\\xampp\\htdocs\\ArbiterCoffeeShop HUB\\backend\\vendor\\laravel\\framework\\src\\Illuminate\\Container\\BoundMethod.php(96): Illuminate\\Container\\Util::unwrapIfClosure(Object(Closure))
#9 C:\\xampp\\htdocs\\ArbiterCoffeeShop HUB\\backend\\vendor\\laravel\\framework\\src\\Illuminate\\Container\\BoundMethod.php(35): Illuminate\\Container\\BoundMethod::callBoundMethod(Object(Illuminate\\Foundation\\Application), Array, Object(Closure))
#10 C:\\xampp\\htdocs\\ArbiterCoffeeShop HUB\\backend\\vendor\\laravel\\framework\\src\\Illuminate\\Container\\Container.php(836): Illuminate\\Container\\BoundMethod::call(Object(Illuminate\\Foundation\\Application), Array, Array, NULL)
#11 C:\\xampp\\htdocs\\ArbiterCoffeeShop HUB\\backend\\vendor\\laravel\\framework\\src\\Illuminate\\Console\\Command.php(211): Illuminate\\Container\\Container->call(Array)
#12 C:\\xampp\\htdocs\\ArbiterCoffeeShop HUB\\backend\\vendor\\symfony\\console\\Command\\Command.php(318): Illuminate\\Console\\Command->execute(Object(Symfony\\Component\\Console\\Input\\ArgvInput), Object(Illuminate\\Console\\OutputStyle))
#13 C:\\xampp\\htdocs\\ArbiterCoffeeShop HUB\\backend\\vendor\\laravel\\framework\\src\\Illuminate\\Console\\Command.php(180): Symfony\\Component\\Console\\Command\\Command->run(Object(Symfony\\Component\\Console\\Input\\ArgvInput), Object(Illuminate\\Console\\OutputStyle))
#14 C:\\xampp\\htdocs\\ArbiterCoffeeShop HUB\\backend\\vendor\\symfony\\console\\Application.php(1073): Illuminate\\Console\\Command->run(Object(Symfony\\Component\\Console\\Input\\ArgvInput), Object(Symfony\\Component\\Console\\Output\\ConsoleOutput))
#15 C:\\xampp\\htdocs\\ArbiterCoffeeShop HUB\\backend\\vendor\\symfony\\console\\Application.php(356): Symfony\\Component\\Console\\Application->doRunCommand(Object(Laravel\\Tinker\\Console\\TinkerCommand), Object(Symfony\\Component\\Console\\Input\\ArgvInput), Object(Symfony\\Component\\Console\\Output\\ConsoleOutput))
#16 C:\\xampp\\htdocs\\ArbiterCoffeeShop HUB\\backend\\vendor\\symfony\\console\\Application.php(195): Symfony\\Component\\Console\\Application->doRun(Object(Symfony\\Component\\Console\\Input\\ArgvInput), Object(Symfony\\Component\\Console\\Output\\ConsoleOutput))
#17 C:\\xampp\\htdocs\\ArbiterCoffeeShop HUB\\backend\\vendor\\laravel\\framework\\src\\Illuminate\\Foundation\\Console\\Kernel.php(197): Symfony\\Component\\Console\\Application->run(Object(Symfony\\Component\\Console\\Input\\ArgvInput), Object(Symfony\\Component\\Console\\Output\\ConsoleOutput))
#18 C:\\xampp\\htdocs\\ArbiterCoffeeShop HUB\\backend\\vendor\\laravel\\framework\\src\\Illuminate\\Foundation\\Application.php(1235): Illuminate\\Foundation\\Console\\Kernel->handle(Object(Symfony\\Component\\Console\\Input\\ArgvInput), Object(Symfony\\Component\\Console\\Output\\ConsoleOutput))
#19 C:\\xampp\\htdocs\\ArbiterCoffeeShop HUB\\backend\\artisan(16): Illuminate\\Foundation\\Application->handleCommand(Object(Symfony\\Component\\Console\\Input\\ArgvInput))
#20 {main}","severity":"high","request_id":null,"user_id":null,"url":"http://localhost","method":"GET","ip":"127.0.0.1","user_agent":"Symfony","headers":{"host":["localhost"],"user-agent":["Symfony"],"accept":["text/html,application/xhtml+xml,application/xml;q=0.9,*/*;q=0.8"],"accept-language":["en-us,en;q=0.5"],"accept-charset":["ISO-8859-1,utf-8;q=0.7,*;q=0.7"]},"input":[],"session":null,"server_memory":{"peak_usage":8388608,"current_usage":8388608},"timestamp":"2025-12-09T14:19:05.465202Z"} 
[2025-12-09 14:21:52] local.ERROR: Exception occurred {"exception_class":"RuntimeException","message":"The \"intl\" PHP extension is required to use the [format] method.","file":"C:\\xampp\\htdocs\\ArbiterCoffeeShop HUB\\backend\\vendor\\laravel\\framework\\src\\Illuminate\\Support\\Number.php","line":439,"code":0,"trace":"#0 C:\\xampp\\htdocs\\ArbiterCoffeeShop HUB\\backend\\vendor\\laravel\\framework\\src\\Illuminate\\Support\\Number.php(38): Illuminate\\Support\\Number::ensureIntlExtensionIsInstalled()
#1 C:\\xampp\\htdocs\\ArbiterCoffeeShop HUB\\backend\\vendor\\laravel\\framework\\src\\Illuminate\\Database\\Console\\ShowCommand.php(194): Illuminate\\Support\\Number::format(4)
#2 C:\\xampp\\htdocs\\ArbiterCoffeeShop HUB\\backend\\vendor\\laravel\\framework\\src\\Illuminate\\Collections\\Traits\\EnumeratesValues.php(271): Illuminate\\Database\\Console\\ShowCommand->{closure:Illuminate\\Database\\Console\\ShowCommand::displayForCli():189}(Array, 0)
#3 C:\\xampp\\htdocs\\ArbiterCoffeeShop HUB\\backend\\vendor\\laravel\\framework\\src\\Illuminate\\Database\\Console\\ShowCommand.php(189): Illuminate\\Support\\Collection->each(Object(Closure))
#4 C:\\xampp\\htdocs\\ArbiterCoffeeShop HUB\\backend\\vendor\\laravel\\framework\\src\\Illuminate\\Database\\Console\\ShowCommand.php(136): Illuminate\\Database\\Console\\ShowCommand->displayForCli(Array)
#5 C:\\xampp\\htdocs\\ArbiterCoffeeShop HUB\\backend\\vendor\\laravel\\framework\\src\\Illuminate\\Database\\Console\\ShowCommand.php(65): Illuminate\\Database\\Console\\ShowCommand->display(Array)
#6 C:\\xampp\\htdocs\\ArbiterCoffeeShop HUB\\backend\\vendor\\laravel\\framework\\src\\Illuminate\\Container\\BoundMethod.php(36): Illuminate\\Database\\Console\\ShowCommand->handle(Object(Illuminate\\Database\\DatabaseManager))
#7 C:\\xampp\\htdocs\\ArbiterCoffeeShop HUB\\backend\\vendor\\laravel\\framework\\src\\Illuminate\\Container\\Util.php(43): Illuminate\\Container\\BoundMethod::{closure:Illuminate\\Container\\BoundMethod::call():35}()
#8 C:\\xampp\\htdocs\\ArbiterCoffeeShop HUB\\backend\\vendor\\laravel\\framework\\src\\Illuminate\\Container\\BoundMethod.php(96): Illuminate\\Container\\Util::unwrapIfClosure(Object(Closure))
#9 C:\\xampp\\htdocs\\ArbiterCoffeeShop HUB\\backend\\vendor\\laravel\\framework\\src\\Illuminate\\Container\\BoundMethod.php(35): Illuminate\\Container\\BoundMethod::callBoundMethod(Object(Illuminate\\Foundation\\Application), Array, Object(Closure))
#10 C:\\xampp\\htdocs\\ArbiterCoffeeShop HUB\\backend\\vendor\\laravel\\framework\\src\\Illuminate\\Container\\Container.php(836): Illuminate\\Container\\BoundMethod::call(Object(Illuminate\\Foundation\\Application), Array, Array, NULL)
#11 C:\\xampp\\htdocs\\ArbiterCoffeeShop HUB\\backend\\vendor\\laravel\\framework\\src\\Illuminate\\Console\\Command.php(211): Illuminate\\Container\\Container->call(Array)
#12 C:\\xampp\\htdocs\\ArbiterCoffeeShop HUB\\backend\\vendor\\symfony\\console\\Command\\Command.php(318): Illuminate\\Console\\Command->execute(Object(Symfony\\Component\\Console\\Input\\ArgvInput), Object(Illuminate\\Console\\OutputStyle))
#13 C:\\xampp\\htdocs\\ArbiterCoffeeShop HUB\\backend\\vendor\\laravel\\framework\\src\\Illuminate\\Console\\Command.php(180): Symfony\\Component\\Console\\Command\\Command->run(Object(Symfony\\Component\\Console\\Input\\ArgvInput), Object(Illuminate\\Console\\OutputStyle))
#14 C:\\xampp\\htdocs\\ArbiterCoffeeShop HUB\\backend\\vendor\\symfony\\console\\Application.php(1073): Illuminate\\Console\\Command->run(Object(Symfony\\Component\\Console\\Input\\ArgvInput), Object(Symfony\\Component\\Console\\Output\\ConsoleOutput))
#15 C:\\xampp\\htdocs\\ArbiterCoffeeShop HUB\\backend\\vendor\\symfony\\console\\Application.php(356): Symfony\\Component\\Console\\Application->doRunCommand(Object(Illuminate\\Database\\Console\\ShowCommand), Object(Symfony\\Component\\Console\\Input\\ArgvInput), Object(Symfony\\Component\\Console\\Output\\ConsoleOutput))
#16 C:\\xampp\\htdocs\\ArbiterCoffeeShop HUB\\backend\\vendor\\symfony\\console\\Application.php(195): Symfony\\Component\\Console\\Application->doRun(Object(Symfony\\Component\\Console\\Input\\ArgvInput), Object(Symfony\\Component\\Console\\Output\\ConsoleOutput))
#17 C:\\xampp\\htdocs\\ArbiterCoffeeShop HUB\\backend\\vendor\\laravel\\framework\\src\\Illuminate\\Foundation\\Console\\Kernel.php(197): Symfony\\Component\\Console\\Application->run(Object(Symfony\\Component\\Console\\Input\\ArgvInput), Object(Symfony\\Component\\Console\\Output\\ConsoleOutput))
#18 C:\\xampp\\htdocs\\ArbiterCoffeeShop HUB\\backend\\vendor\\laravel\\framework\\src\\Illuminate\\Foundation\\Application.php(1235): Illuminate\\Foundation\\Console\\Kernel->handle(Object(Symfony\\Component\\Console\\Input\\ArgvInput), Object(Symfony\\Component\\Console\\Output\\ConsoleOutput))
#19 C:\\xampp\\htdocs\\ArbiterCoffeeShop HUB\\backend\\artisan(16): Illuminate\\Foundation\\Application->handleCommand(Object(Symfony\\Component\\Console\\Input\\ArgvInput))
#20 {main}","severity":"high","request_id":null,"user_id":null,"url":"http://localhost","method":"GET","ip":"127.0.0.1","user_agent":"Symfony","headers":{"host":["localhost"],"user-agent":["Symfony"],"accept":["text/html,application/xhtml+xml,application/xml;q=0.9,*/*;q=0.8"],"accept-language":["en-us,en;q=0.5"],"accept-charset":["ISO-8859-1,utf-8;q=0.7,*;q=0.7"]},"input":[],"session":null,"server_memory":{"peak_usage":4194304,"current_usage":4194304},"timestamp":"2025-12-09T14:21:52.186969Z"} 
[2025-12-09 14:25:30] local.ERROR: Exception occurred {"exception_class":"ErrorException","message":"preg_match(): No ending delimiter '/' found","file":"C:\\xampp\\htdocs\\ArbiterCoffeeShop HUB\\backend\\vendor\\laravel\\framework\\src\\Illuminate\\Validation\\Concerns\\ValidatesAttributes.php","line":2064,"code":0,"trace":"#0 C:\\xampp\\htdocs\\ArbiterCoffeeShop HUB\\backend\\vendor\\laravel\\framework\\src\\Illuminate\\Foundation\\Bootstrap\\HandleExceptions.php(258): Illuminate\\Foundation\\Bootstrap\\HandleExceptions->handleError(2, 'preg_match(): N...', 'C:\\\\xampp\\\\htdocs...', 2064)
#1 [internal function]: Illuminate\\Foundation\\Bootstrap\\HandleExceptions->{closure:Illuminate\\Foundation\\Bootstrap\\HandleExceptions::forwardsTo():257}(2, 'preg_match(): N...', 'C:\\\\xampp\\\\htdocs...', 2064)
#2 C:\\xampp\\htdocs\\ArbiterCoffeeShop HUB\\backend\\vendor\\laravel\\framework\\src\\Illuminate\\Validation\\Concerns\\ValidatesAttributes.php(2064): preg_match('/^(\\\\+63', '+639923645051')
#3 C:\\xampp\\htdocs\\ArbiterCoffeeShop HUB\\backend\\vendor\\laravel\\framework\\src\\Illuminate\\Validation\\Validator.php(685): Illuminate\\Validation\\Validator->validateRegex('phone', '+639923645051', Array, Object(Illuminate\\Validation\\Validator))
#4 C:\\xampp\\htdocs\\ArbiterCoffeeShop HUB\\backend\\vendor\\laravel\\framework\\src\\Illuminate\\Validation\\Validator.php(480): Illuminate\\Validation\\Validator->validateAttribute('phone', 'Regex')
#5 C:\\xampp\\htdocs\\ArbiterCoffeeShop HUB\\backend\\vendor\\laravel\\framework\\src\\Illuminate\\Validation\\Validator.php(515): Illuminate\\Validation\\Validator->passes()
#6 C:\\xampp\\htdocs\\ArbiterCoffeeShop HUB\\backend\\vendor\\laravel\\framework\\src\\Illuminate\\Validation\\ValidatesWhenResolvedTrait.php(31): Illuminate\\Validation\\Validator->fails()
#7 C:\\xampp\\htdocs\\ArbiterCoffeeShop HUB\\backend\\vendor\\laravel\\framework\\src\\Illuminate\\Foundation\\Providers\\FormRequestServiceProvider.php(30): Illuminate\\Foundation\\Http\\FormRequest->validateResolved()
#8 C:\\xampp\\htdocs\\ArbiterCoffeeShop HUB\\backend\\vendor\\laravel\\framework\\src\\Illuminate\\Container\\Container.php(1672): Illuminate\\Foundation\\Providers\\FormRequestServiceProvider->{closure:Illuminate\\Foundation\\Providers\\FormRequestServiceProvider::boot():29}(Object(App\\Http\\Requests\\StoreContactRequest), Object(Illuminate\\Foundation\\Application))
#9 C:\\xampp\\htdocs\\ArbiterCoffeeShop HUB\\backend\\vendor\\laravel\\framework\\src\\Illuminate\\Container\\Container.php(1608): Illuminate\\Container\\Container->fireCallbackArray(Object(App\\Http\\Requests\\StoreContactRequest), Array)
#10 C:\\xampp\\htdocs\\ArbiterCoffeeShop HUB\\backend\\vendor\\laravel\\framework\\src\\Illuminate\\Container\\Container.php(1594): Illuminate\\Container\\Container->fireAfterResolvingCallbacks('App\\\\Http\\\\Reques...', Object(App\\Http\\Requests\\StoreContactRequest))
#11 C:\\xampp\\htdocs\\ArbiterCoffeeShop HUB\\backend\\vendor\\laravel\\framework\\src\\Illuminate\\Container\\Container.php(990): Illuminate\\Container\\Container->fireResolvingCallbacks('App\\\\Http\\\\Reques...', Object(App\\Http\\Requests\\StoreContactRequest))
#12 C:\\xampp\\htdocs\\ArbiterCoffeeShop HUB\\backend\\vendor\\laravel\\framework\\src\\Illuminate\\Foundation\\Application.php(1078): Illuminate\\Container\\Container->resolve('App\\\\Http\\\\Reques...', Array, true)
#13 C:\\xampp\\htdocs\\ArbiterCoffeeShop HUB\\backend\\vendor\\laravel\\framework\\src\\Illuminate\\Container\\Container.php(903): Illuminate\\Foundation\\Application->resolve('App\\\\Http\\\\Reques...', Array)
#14 C:\\xampp\\htdocs\\ArbiterCoffeeShop HUB\\backend\\vendor\\laravel\\framework\\src\\Illuminate\\Foundation\\Application.php(1058): Illuminate\\Container\\Container->make('App\\\\Http\\\\Reques...', Array)
#15 C:\\xampp\\htdocs\\ArbiterCoffeeShop HUB\\backend\\vendor\\laravel\\framework\\src\\Illuminate\\Routing\\ResolvesRouteDependencies.php(92): Illuminate\\Foundation\\Application->make('App\\\\Http\\\\Reques...')
#16 C:\\xampp\\htdocs\\ArbiterCoffeeShop HUB\\backend\\vendor\\laravel\\framework\\src\\Illuminate\\Routing\\ResolvesRouteDependencies.php(51): Illuminate\\Routing\\ControllerDispatcher->transformDependency(Object(ReflectionParameter), Array, Object(stdClass))
#17 C:\\xampp\\htdocs\\ArbiterCoffeeShop HUB\\backend\\vendor\\laravel\\framework\\src\\Illuminate\\Routing\\ResolvesRouteDependencies.php(30): Illuminate\\Routing\\ControllerDispatcher->resolveMethodDependencies(Array, Object(ReflectionMethod))
#18 C:\\xampp\\htdocs\\ArbiterCoffeeShop HUB\\backend\\vendor\\laravel\\framework\\src\\Illuminate\\Routing\\ControllerDispatcher.php(59): Illuminate\\Routing\\ControllerDispatcher->resolveClassMethodDependencies(Array, Object(App\\Http\\Controllers\\Api\\V1\\ContactController), 'store')
#19 C:\\xampp\\htdocs\\ArbiterCoffeeShop HUB\\backend\\vendor\\laravel\\framework\\src\\Illuminate\\Routing\\ControllerDispatcher.php(40): Illuminate\\Routing\\ControllerDispatcher->resolveParameters(Object(Illuminate\\Routing\\Route), Object(App\\Http\\Controllers\\Api\\V1\\ContactController), 'store')
#20 C:\\xampp\\htdocs\\ArbiterCoffeeShop HUB\\backend\\vendor\\laravel\\framework\\src\\Illuminate\\Routing\\Route.php(265): Illuminate\\Routing\\ControllerDispatcher->dispatch(Object(Illuminate\\Routing\\Route), Object(App\\Http\\Controllers\\Api\\V1\\ContactController), 'store')
#21 C:\\xampp\\htdocs\\ArbiterCoffeeShop HUB\\backend\\vendor\\laravel\\framework\\src\\Illuminate\\Routing\\Route.php(211): Illuminate\\Routing\\Route->runController()
#22 C:\\xampp\\htdocs\\ArbiterCoffeeShop HUB\\backend\\vendor\\laravel\\framework\\src\\Illuminate\\Routing\\Router.php(822): Illuminate\\Routing\\Route->run()
#23 C:\\xampp\\htdocs\\ArbiterCoffeeShop HUB\\backend\\vendor\\laravel\\framework\\src\\Illuminate\\Pipeline\\Pipeline.php(180): Illuminate\\Routing\\Router->{closure:Illuminate\\Routing\\Router::runRouteWithinStack():821}(Object(Illuminate\\Http\\Request))
#24 C:\\xampp\\htdocs\\ArbiterCoffeeShop HUB\\backend\\app\\Http\\Middleware\\SecurityHeaders.php(18): Illuminate\\Pipeline\\Pipeline->{closure:Illuminate\\Pipeline\\Pipeline::prepareDestination():178}(Object(Illuminate\\Http\\Request))
#25 C:\\xampp\\htdocs\\ArbiterCoffeeShop HUB\\backend\\vendor\\laravel\\framework\\src\\Illuminate\\Pipeline\\Pipeline.php(219): App\\Http\\Middleware\\SecurityHeaders->handle(Object(Illuminate\\Http\\Request), Object(Closure))
#26 C:\\xampp\\htdocs\\ArbiterCoffeeShop HUB\\backend\\app\\Http\\Middleware\\CompressResponse.php(18): Illuminate\\Pipeline\\Pipeline->{closure:{closure:Illuminate\\Pipeline\\Pipeline::carry():194}:195}(Object(Illuminate\\Http\\Request))
#27 C:\\xampp\\htdocs\\ArbiterCoffeeShop HUB\\backend\\vendor\\laravel\\framework\\src\\Illuminate\\Pipeline\\Pipeline.php(219): App\\Http\\Middleware\\CompressResponse->handle(Object(Illuminate\\Http\\Request), Object(Closure))
#28 C:\\xampp\\htdocs\\ArbiterCoffeeShop HUB\\backend\\app\\Http\\Middleware\\ApiPerformanceMonitor.php(26): Illuminate\\Pipeline\\Pipeline->{closure:{closure:Illuminate\\Pipeline\\Pipeline::carry():194}:195}(Object(Illuminate\\Http\\Request))
#29 C:\\xampp\\htdocs\\ArbiterCoffeeShop HUB\\backend\\vendor\\laravel\\framework\\src\\Illuminate\\Pipeline\\Pipeline.php(219): App\\Http\\Middleware\\ApiPerformanceMonitor->handle(Object(Illuminate\\Http\\Request), Object(Closure))
#30 C:\\xampp\\htdocs\\ArbiterCoffeeShop HUB\\backend\\vendor\\laravel\\framework\\src\\Illuminate\\Routing\\Middleware\\SubstituteBindings.php(50): Illuminate\\Pipeline\\Pipeline->{closure:{closure:Illuminate\\Pipeline\\Pipeline::carry():194}:195}(Object(Illuminate\\Http\\Request))
#31 C:\\xampp\\htdocs\\ArbiterCoffeeShop HUB\\backend\\vendor\\laravel\\framework\\src\\Illuminate\\Pipeline\\Pipeline.php(219): Illuminate\\Routing\\Middleware\\SubstituteBindings->handle(Object(Illuminate\\Http\\Request), Object(Closure))
#32 C:\\xampp\\htdocs\\ArbiterCoffeeShop HUB\\backend\\vendor\\laravel\\framework\\src\\Illuminate\\Pipeline\\Pipeline.php(137): Illuminate\\Pipeline\\Pipeline->{closure:{closure:Illuminate\\Pipeline\\Pipeline::carry():194}:195}(Object(Illuminate\\Http\\Request))
#33 C:\\xampp\\htdocs\\ArbiterCoffeeShop HUB\\backend\\vendor\\laravel\\framework\\src\\Illuminate\\Routing\\Router.php(821): Illuminate\\Pipeline\\Pipeline->then(Object(Closure))
#34 C:\\xampp\\htdocs\\ArbiterCoffeeShop HUB\\backend\\vendor\\laravel\\framework\\src\\Illuminate\\Routing\\Router.php(800): Illuminate\\Routing\\Router->runRouteWithinStack(Object(Illuminate\\Routing\\Route), Object(Illuminate\\Http\\Request))
#35 C:\\xampp\\htdocs\\ArbiterCoffeeShop HUB\\backend\\vendor\\laravel\\framework\\src\\Illuminate\\Routing\\Router.php(764): Illuminate\\Routing\\Router->runRoute(Object(Illuminate\\Http\\Request), Object(Illuminate\\Routing\\Route))
#36 C:\\xampp\\htdocs\\ArbiterCoffeeShop HUB\\backend\\vendor\\laravel\\framework\\src\\Illuminate\\Routing\\Router.php(753): Illuminate\\Routing\\Router->dispatchToRoute(Object(Illuminate\\Http\\Request))
#37 C:\\xampp\\htdocs\\ArbiterCoffeeShop HUB\\backend\\vendor\\laravel\\framework\\src\\Illuminate\\Foundation\\Http\\Kernel.php(200): Illuminate\\Routing\\Router->dispatch(Object(Illuminate\\Http\\Request))
#38 C:\\xampp\\htdocs\\ArbiterCoffeeShop HUB\\backend\\vendor\\laravel\\framework\\src\\Illuminate\\Pipeline\\Pipeline.php(180): Illuminate\\Foundation\\Http\\Kernel->{closure:Illuminate\\Foundation\\Http\\Kernel::dispatchToRouter():197}(Object(Illuminate\\Http\\Request))
#39 C:\\xampp\\htdocs\\ArbiterCoffeeShop HUB\\backend\\vendor\\barryvdh\\laravel-debugbar\\src\\Middleware\\InjectDebugbar.php(66): Illuminate\\Pipeline\\Pipeline->{closure:Illuminate\\Pipeline\\Pipeline::prepareDestination():178}(Object(Illuminate\\Http\\Request))
#40 C:\\xampp\\htdocs\\ArbiterCoffeeShop HUB\\backend\\vendor\\laravel\\framework\\src\\Illuminate\\Pipeline\\Pipeline.php(219): Barryvdh\\Debugbar\\Middleware\\InjectDebugbar->handle(Object(Illuminate\\Http\\Request), Object(Closure))
#41 C:\\xampp\\htdocs\\ArbiterCoffeeShop HUB\\backend\\vendor\\laravel\\framework\\src\\Illuminate\\Foundation\\Http\\Middleware\\TransformsRequest.php(21): Illuminate\\Pipeline\\Pipeline->{closure:{closure:Illuminate\\Pipeline\\Pipeline::carry():194}:195}(Object(Illuminate\\Http\\Request))
#42 C:\\xampp\\htdocs\\ArbiterCoffeeShop HUB\\backend\\vendor\\laravel\\framework\\src\\Illuminate\\Foundation\\Http\\Middleware\\ConvertEmptyStringsToNull.php(31): Illuminate\\Foundation\\Http\\Middleware\\TransformsRequest->handle(Object(Illuminate\\Http\\Request), Object(Closure))
#43 C:\\xampp\\htdocs\\ArbiterCoffeeShop HUB\\backend\\vendor\\laravel\\framework\\src\\Illuminate\\Pipeline\\Pipeline.php(219): Illuminate\\Foundation\\Http\\Middleware\\ConvertEmptyStringsToNull->handle(Object(Illuminate\\Http\\Request), Object(Closure))
#44 C:\\xampp\\htdocs\\ArbiterCoffeeShop HUB\\backend\\vendor\\laravel\\framework\\src\\Illuminate\\Foundation\\Http\\Middleware\\TransformsRequest.php(21): Illuminate\\Pipeline\\Pipeline->{closure:{closure:Illuminate\\Pipeline\\Pipeline::carry():194}:195}(Object(Illuminate\\Http\\Request))
#45 C:\\xampp\\htdocs\\ArbiterCoffeeShop HUB\\backend\\vendor\\laravel\\framework\\src\\Illuminate\\Foundation\\Http\\Middleware\\TrimStrings.php(51): Illuminate\\Foundation\\Http\\Middleware\\TransformsRequest->handle(Object(Illuminate\\Http\\Request), Object(Closure))
#46 C:\\xampp\\htdocs\\ArbiterCoffeeShop HUB\\backend\\vendor\\laravel\\framework\\src\\Illuminate\\Pipeline\\Pipeline.php(219): Illuminate\\Foundation\\Http\\Middleware\\TrimStrings->handle(Object(Illuminate\\Http\\Request), Object(Closure))
#47 C:\\xampp\\htdocs\\ArbiterCoffeeShop HUB\\backend\\vendor\\laravel\\framework\\src\\Illuminate\\Http\\Middleware\\ValidatePostSize.php(27): Illuminate\\Pipeline\\Pipeline->{closure:{closure:Illuminate\\Pipeline\\Pipeline::carry():194}:195}(Object(Illuminate\\Http\\Request))
#48 C:\\xampp\\htdocs\\ArbiterCoffeeShop HUB\\backend\\vendor\\laravel\\framework\\src\\Illuminate\\Pipeline\\Pipeline.php(219): Illuminate\\Http\\Middleware\\ValidatePostSize->handle(Object(Illuminate\\Http\\Request), Object(Closure))
#49 C:\\xampp\\htdocs\\ArbiterCoffeeShop HUB\\backend\\vendor\\laravel\\framework\\src\\Illuminate\\Foundation\\Http\\Middleware\\PreventRequestsDuringMaintenance.php(109): Illuminate\\Pipeline\\Pipeline->{closure:{closure:Illuminate\\Pipeline\\Pipeline::carry():194}:195}(Object(Illuminate\\Http\\Request))
#50 C:\\xampp\\htdocs\\ArbiterCoffeeShop HUB\\backend\\vendor\\laravel\\framework\\src\\Illuminate\\Pipeline\\Pipeline.php(219): Illuminate\\Foundation\\Http\\Middleware\\PreventRequestsDuringMaintenance->handle(Object(Illuminate\\Http\\Request), Object(Closure))
#51 C:\\xampp\\htdocs\\ArbiterCoffeeShop HUB\\backend\\vendor\\laravel\\framework\\src\\Illuminate\\Http\\Middleware\\HandleCors.php(61): Illuminate\\Pipeline\\Pipeline->{closure:{closure:Illuminate\\Pipeline\\Pipeline::carry():194}:195}(Object(Illuminate\\Http\\Request))
#52 C:\\xampp\\htdocs\\ArbiterCoffeeShop HUB\\backend\\vendor\\laravel\\framework\\src\\Illuminate\\Pipeline\\Pipeline.php(219): Illuminate\\Http\\Middleware\\HandleCors->handle(Object(Illuminate\\Http\\Request), Object(Closure))
#53 C:\\xampp\\htdocs\\ArbiterCoffeeShop HUB\\backend\\vendor\\laravel\\framework\\src\\Illuminate\\Http\\Middleware\\TrustProxies.php(58): Illuminate\\Pipeline\\Pipeline->{closure:{closure:Illuminate\\Pipeline\\Pipeline::carry():194}:195}(Object(Illuminate\\Http\\Request))
#54 C:\\xampp\\htdocs\\ArbiterCoffeeShop HUB\\backend\\vendor\\laravel\\framework\\src\\Illuminate\\Pipeline\\Pipeline.php(219): Illuminate\\Http\\Middleware\\TrustProxies->handle(Object(Illuminate\\Http\\Request), Object(Closure))
#55 C:\\xampp\\htdocs\\ArbiterCoffeeShop HUB\\backend\\vendor\\laravel\\framework\\src\\Illuminate\\Foundation\\Http\\Middleware\\InvokeDeferredCallbacks.php(22): Illuminate\\Pipeline\\Pipeline->{closure:{closure:Illuminate\\Pipeline\\Pipeline::carry():194}:195}(Object(Illuminate\\Http\\Request))
#56 C:\\xampp\\htdocs\\ArbiterCoffeeShop HUB\\backend\\vendor\\laravel\\framework\\src\\Illuminate\\Pipeline\\Pipeline.php(219): Illuminate\\Foundation\\Http\\Middleware\\InvokeDeferredCallbacks->handle(Object(Illuminate\\Http\\Request), Object(Closure))
#57 C:\\xampp\\htdocs\\ArbiterCoffeeShop HUB\\backend\\vendor\\laravel\\framework\\src\\Illuminate\\Http\\Middleware\\ValidatePathEncoding.php(26): Illuminate\\Pipeline\\Pipeline->{closure:{closure:Illuminate\\Pipeline\\Pipeline::carry():194}:195}(Object(Illuminate\\Http\\Request))
#58 C:\\xampp\\htdocs\\ArbiterCoffeeShop HUB\\backend\\vendor\\laravel\\framework\\src\\Illuminate\\Pipeline\\Pipeline.php(219): Illuminate\\Http\\Middleware\\ValidatePathEncoding->handle(Object(Illuminate\\Http\\Request), Object(Closure))
#59 C:\\xampp\\htdocs\\ArbiterCoffeeShop HUB\\backend\\vendor\\laravel\\framework\\src\\Illuminate\\Pipeline\\Pipeline.php(137): Illuminate\\Pipeline\\Pipeline->{closure:{closure:Illuminate\\Pipeline\\Pipeline::carry():194}:195}(Object(Illuminate\\Http\\Request))
#60 C:\\xampp\\htdocs\\ArbiterCoffeeShop HUB\\backend\\vendor\\laravel\\framework\\src\\Illuminate\\Foundation\\Http\\Kernel.php(175): Illuminate\\Pipeline\\Pipeline->then(Object(Closure))
#61 C:\\xampp\\htdocs\\ArbiterCoffeeShop HUB\\backend\\vendor\\laravel\\framework\\src\\Illuminate\\Foundation\\Http\\Kernel.php(144): Illuminate\\Foundation\\Http\\Kernel->sendRequestThroughRouter(Object(Illuminate\\Http\\Request))
#62 C:\\xampp\\htdocs\\ArbiterCoffeeShop HUB\\backend\\vendor\\laravel\\framework\\src\\Illuminate\\Foundation\\Application.php(1220): Illuminate\\Foundation\\Http\\Kernel->handle(Object(Illuminate\\Http\\Request))
#63 C:\\xampp\\htdocs\\ArbiterCoffeeShop HUB\\backend\\public\\index.php(20): Illuminate\\Foundation\\Application->handleRequest(Object(Illuminate\\Http\\Request))
#64 C:\\xampp\\htdocs\\ArbiterCoffeeShop HUB\\backend\\vendor\\laravel\\framework\\src\\Illuminate\\Foundation\\resources\\server.php(23): require_once('C:\\\\xampp\\\\htdocs...')
#65 {main}","severity":"high","request_id":null,"user_id":null,"url":"http://localhost:8000/api/v1/contact","method":"POST","ip":"127.0.0.1","user_agent":"Mozilla/5.0 (Windows NT 10.0; Win64; x64) AppleWebKit/537.36 (KHTML, like Gecko) Chrome/143.0.0.0 Safari/537.36 Edg/143.0.0.0","headers":{"host":["localhost:8000"],"connection":["keep-alive"],"content-length":["159"],"sec-ch-ua-platform":["\"Windows\""],"user-agent":["Mozilla/5.0 (Windows NT 10.0; Win64; x64) AppleWebKit/537.36 (KHTML, like Gecko) Chrome/143.0.0.0 Safari/537.36 Edg/143.0.0.0"],"accept":["application/json"],"sec-ch-ua":["\"Microsoft Edge\";v=\"143\", \"Chromium\";v=\"143\", \"Not A(Brand\";v=\"24\""],"content-type":["application/json"],"dnt":["1"],"sec-ch-ua-mobile":["?0"],"origin":["http://localhost:3000"],"sec-fetch-site":["same-site"],"sec-fetch-mode":["cors"],"sec-fetch-dest":["empty"],"referer":["http://localhost:3000/"],"accept-encoding":["gzip, deflate, br, zstd"],"accept-language":["en-US,en;q=0.9,da;q=0.8"]},"input":{"name":"Eil John Kerby Aguilar","email":"01.kerbz.aguilar@gmail.com","phone":"+639923645051","subject":"Something","message":"Hello","inquiry_type":"general"},"session":null,"server_memory":{"peak_usage":6291456,"current_usage":6291456},"timestamp":"2025-12-09T14:25:30.000049Z"} 
[2025-12-09 14:25:30] local.ERROR: preg_match(): No ending delimiter '/' found {"exception":"ErrorException","status_code":500,"error_type":"api_error","severity":"high","request_id":null,"user_id":null,"method":"POST","url":"http://localhost:8000/api/v1/contact","ip":"127.0.0.1"} 
[2025-12-09 14:25:30] local.ERROR: API Server Error {"request_id":"req_69383159e72d45.91540770","timestamp":"2025-12-09 14:25:30","method":"POST","endpoint":"api/v1/contact","route":null,"execution_time_ms":57.65,"memory_kb":666.62,"status_code":500,"user_id":null,"ip":"127.0.0.1","user_agent":"Mozilla/5.0 (Windows NT 10.0; Win64; x64) AppleWebKit/537.36 (KHTML, like Gecko) Chrome/143.0.0.0 Safari/537.36 Edg/143.0.0.0","error_type":"server_error","severity":"high"} 
[2025-12-09 14:30:44] local.ERROR: Exception occurred {"exception_class":"Psy\\Exception\\ParseErrorException","message":"PHP Parse error: Syntax error, unexpected T_NS_SEPARATOR on line 1","file":"C:\\xampp\\htdocs\\ArbiterCoffeeShop HUB\\backend\\vendor\\psy\\psysh\\src\\Exception\\ParseErrorException.php","line":44,"code":0,"trace":"#0 C:\\xampp\\htdocs\\ArbiterCoffeeShop HUB\\backend\\vendor\\psy\\psysh\\src\\CodeCleaner.php(560): Psy\\Exception\\ParseErrorException::fromParseError(Object(PhpParser\\Error))
#1 C:\\xampp\\htdocs\\ArbiterCoffeeShop HUB\\backend\\vendor\\psy\\psysh\\src\\CodeCleaner.php(283): Psy\\CodeCleaner->parse('<?php echo 'Tes...', false)
#2 C:\\xampp\\htdocs\\ArbiterCoffeeShop HUB\\backend\\vendor\\psy\\psysh\\src\\Shell.php(934): Psy\\CodeCleaner->clean(Array, false)
#3 C:\\xampp\\htdocs\\ArbiterCoffeeShop HUB\\backend\\vendor\\psy\\psysh\\src\\Shell.php(968): Psy\\Shell->addCode('echo 'Testing c...', true)
#4 C:\\xampp\\htdocs\\ArbiterCoffeeShop HUB\\backend\\vendor\\psy\\psysh\\src\\Shell.php(1511): Psy\\Shell->setCode('echo 'Testing c...', true)
#5 C:\\xampp\\htdocs\\ArbiterCoffeeShop HUB\\backend\\vendor\\laravel\\tinker\\src\\Console\\TinkerCommand.php(76): Psy\\Shell->execute('echo 'Testing c...')
#6 C:\\xampp\\htdocs\\ArbiterCoffeeShop HUB\\backend\\vendor\\laravel\\framework\\src\\Illuminate\\Container\\BoundMethod.php(36): Laravel\\Tinker\\Console\\TinkerCommand->handle()
#7 C:\\xampp\\htdocs\\ArbiterCoffeeShop HUB\\backend\\vendor\\laravel\\framework\\src\\Illuminate\\Container\\Util.php(43): Illuminate\\Container\\BoundMethod::{closure:Illuminate\\Container\\BoundMethod::call():35}()
#8 C:\\xampp\\htdocs\\ArbiterCoffeeShop HUB\\backend\\vendor\\laravel\\framework\\src\\Illuminate\\Container\\BoundMethod.php(96): Illuminate\\Container\\Util::unwrapIfClosure(Object(Closure))
#9 C:\\xampp\\htdocs\\ArbiterCoffeeShop HUB\\backend\\vendor\\laravel\\framework\\src\\Illuminate\\Container\\BoundMethod.php(35): Illuminate\\Container\\BoundMethod::callBoundMethod(Object(Illuminate\\Foundation\\Application), Array, Object(Closure))
#10 C:\\xampp\\htdocs\\ArbiterCoffeeShop HUB\\backend\\vendor\\laravel\\framework\\src\\Illuminate\\Container\\Container.php(836): Illuminate\\Container\\BoundMethod::call(Object(Illuminate\\Foundation\\Application), Array, Array, NULL)
#11 C:\\xampp\\htdocs\\ArbiterCoffeeShop HUB\\backend\\vendor\\laravel\\framework\\src\\Illuminate\\Console\\Command.php(211): Illuminate\\Container\\Container->call(Array)
#12 C:\\xampp\\htdocs\\ArbiterCoffeeShop HUB\\backend\\vendor\\symfony\\console\\Command\\Command.php(318): Illuminate\\Console\\Command->execute(Object(Symfony\\Component\\Console\\Input\\ArgvInput), Object(Illuminate\\Console\\OutputStyle))
#13 C:\\xampp\\htdocs\\ArbiterCoffeeShop HUB\\backend\\vendor\\laravel\\framework\\src\\Illuminate\\Console\\Command.php(180): Symfony\\Component\\Console\\Command\\Command->run(Object(Symfony\\Component\\Console\\Input\\ArgvInput), Object(Illuminate\\Console\\OutputStyle))
#14 C:\\xampp\\htdocs\\ArbiterCoffeeShop HUB\\backend\\vendor\\symfony\\console\\Application.php(1073): Illuminate\\Console\\Command->run(Object(Symfony\\Component\\Console\\Input\\ArgvInput), Object(Symfony\\Component\\Console\\Output\\ConsoleOutput))
#15 C:\\xampp\\htdocs\\ArbiterCoffeeShop HUB\\backend\\vendor\\symfony\\console\\Application.php(356): Symfony\\Component\\Console\\Application->doRunCommand(Object(Laravel\\Tinker\\Console\\TinkerCommand), Object(Symfony\\Component\\Console\\Input\\ArgvInput), Object(Symfony\\Component\\Console\\Output\\ConsoleOutput))
#16 C:\\xampp\\htdocs\\ArbiterCoffeeShop HUB\\backend\\vendor\\symfony\\console\\Application.php(195): Symfony\\Component\\Console\\Application->doRun(Object(Symfony\\Component\\Console\\Input\\ArgvInput), Object(Symfony\\Component\\Console\\Output\\ConsoleOutput))
#17 C:\\xampp\\htdocs\\ArbiterCoffeeShop HUB\\backend\\vendor\\laravel\\framework\\src\\Illuminate\\Foundation\\Console\\Kernel.php(197): Symfony\\Component\\Console\\Application->run(Object(Symfony\\Component\\Console\\Input\\ArgvInput), Object(Symfony\\Component\\Console\\Output\\ConsoleOutput))
#18 C:\\xampp\\htdocs\\ArbiterCoffeeShop HUB\\backend\\vendor\\laravel\\framework\\src\\Illuminate\\Foundation\\Application.php(1235): Illuminate\\Foundation\\Console\\Kernel->handle(Object(Symfony\\Component\\Console\\Input\\ArgvInput), Object(Symfony\\Component\\Console\\Output\\ConsoleOutput))
#19 C:\\xampp\\htdocs\\ArbiterCoffeeShop HUB\\backend\\artisan(16): Illuminate\\Foundation\\Application->handleCommand(Object(Symfony\\Component\\Console\\Input\\ArgvInput))
#20 {main}","severity":"high","request_id":null,"user_id":null,"url":"http://localhost","method":"GET","ip":"127.0.0.1","user_agent":"Symfony","headers":{"host":["localhost"],"user-agent":["Symfony"],"accept":["text/html,application/xhtml+xml,application/xml;q=0.9,*/*;q=0.8"],"accept-language":["en-us,en;q=0.5"],"accept-charset":["ISO-8859-1,utf-8;q=0.7,*;q=0.7"]},"input":[],"session":null,"server_memory":{"peak_usage":8388608,"current_usage":8388608},"timestamp":"2025-12-09T14:30:44.830316Z"} 
