[2025-12-04 02:03:10] local.ERROR: Exception occurred {"exception_class":"NunoMaduro\\Collision\\Adapters\\Laravel\\Exceptions\\RequirementsException","message":"Running Collision 8.x artisan test command in parallel requires at least ParaTest (brianium/paratest) 7.x.","file":"C:\\xampp\\htdocs\\ArbiterCoffeeShop HUB\\arbiter-backend\\vendor\\nunomaduro\\collision\\src\\Adapters\\Laravel\\Commands\\TestCommand.php","line":90,"code":0,"trace":"#0 C:\\xampp\\htdocs\\ArbiterCoffeeShop HUB\\arbiter-backend\\vendor\\laravel\\framework\\src\\Illuminate\\Container\\BoundMethod.php(36): NunoMaduro\\Collision\\Adapters\\Laravel\\Commands\\TestCommand->handle()
#1 C:\\xampp\\htdocs\\ArbiterCoffeeShop HUB\\arbiter-backend\\vendor\\laravel\\framework\\src\\Illuminate\\Container\\Util.php(43): Illuminate\\Container\\BoundMethod::{closure:Illuminate\\Container\\BoundMethod::call():35}()
#2 C:\\xampp\\htdocs\\ArbiterCoffeeShop HUB\\arbiter-backend\\vendor\\laravel\\framework\\src\\Illuminate\\Container\\BoundMethod.php(96): Illuminate\\Container\\Util::unwrapIfClosure(Object(Closure))
#3 C:\\xampp\\htdocs\\ArbiterCoffeeShop HUB\\arbiter-backend\\vendor\\laravel\\framework\\src\\Illuminate\\Container\\BoundMethod.php(35): Illuminate\\Container\\BoundMethod::callBoundMethod(Object(Illuminate\\Foundation\\Application), Array, Object(Closure))
#4 C:\\xampp\\htdocs\\ArbiterCoffeeShop HUB\\arbiter-backend\\vendor\\laravel\\framework\\src\\Illuminate\\Container\\Container.php(836): Illuminate\\Container\\BoundMethod::call(Object(Illuminate\\Foundation\\Application), Array, Array, NULL)
#5 C:\\xampp\\htdocs\\ArbiterCoffeeShop HUB\\arbiter-backend\\vendor\\laravel\\framework\\src\\Illuminate\\Console\\Command.php(211): Illuminate\\Container\\Container->call(Array)
#6 C:\\xampp\\htdocs\\ArbiterCoffeeShop HUB\\arbiter-backend\\vendor\\symfony\\console\\Command\\Command.php(318): Illuminate\\Console\\Command->execute(Object(Symfony\\Component\\Console\\Input\\ArgvInput), Object(Illuminate\\Console\\OutputStyle))
#7 C:\\xampp\\htdocs\\ArbiterCoffeeShop HUB\\arbiter-backend\\vendor\\laravel\\framework\\src\\Illuminate\\Console\\Command.php(180): Symfony\\Component\\Console\\Command\\Command->run(Object(Symfony\\Component\\Console\\Input\\ArgvInput), Object(Illuminate\\Console\\OutputStyle))
#8 C:\\xampp\\htdocs\\ArbiterCoffeeShop HUB\\arbiter-backend\\vendor\\symfony\\console\\Application.php(1073): Illuminate\\Console\\Command->run(Object(Symfony\\Component\\Console\\Input\\ArgvInput), Object(Symfony\\Component\\Console\\Output\\ConsoleOutput))
#9 C:\\xampp\\htdocs\\ArbiterCoffeeShop HUB\\arbiter-backend\\vendor\\symfony\\console\\Application.php(356): Symfony\\Component\\Console\\Application->doRunCommand(Object(NunoMaduro\\Collision\\Adapters\\Laravel\\Commands\\TestCommand), Object(Symfony\\Component\\Console\\Input\\ArgvInput), Object(Symfony\\Component\\Console\\Output\\ConsoleOutput))
#10 C:\\xampp\\htdocs\\ArbiterCoffeeShop HUB\\arbiter-backend\\vendor\\symfony\\console\\Application.php(195): Symfony\\Component\\Console\\Application->doRun(Object(Symfony\\Component\\Console\\Input\\ArgvInput), Object(Symfony\\Component\\Console\\Output\\ConsoleOutput))
#11 C:\\xampp\\htdocs\\ArbiterCoffeeShop HUB\\arbiter-backend\\vendor\\laravel\\framework\\src\\Illuminate\\Foundation\\Console\\Kernel.php(197): Symfony\\Component\\Console\\Application->run(Object(Symfony\\Component\\Console\\Input\\ArgvInput), Object(Symfony\\Component\\Console\\Output\\ConsoleOutput))
#12 C:\\xampp\\htdocs\\ArbiterCoffeeShop HUB\\arbiter-backend\\vendor\\laravel\\framework\\src\\Illuminate\\Foundation\\Application.php(1235): Illuminate\\Foundation\\Console\\Kernel->handle(Object(Symfony\\Component\\Console\\Input\\ArgvInput), Object(Symfony\\Component\\Console\\Output\\ConsoleOutput))
#13 C:\\xampp\\htdocs\\ArbiterCoffeeShop HUB\\arbiter-backend\\artisan(16): Illuminate\\Foundation\\Application->handleCommand(Object(Symfony\\Component\\Console\\Input\\ArgvInput))
#14 {main}","severity":"high","request_id":null,"user_id":null,"url":"http://localhost:8000","method":"GET","ip":"127.0.0.1","user_agent":"Symfony","headers":{"host":["localhost:8000"],"user-agent":["Symfony"],"accept":["text/html,application/xhtml+xml,application/xml;q=0.9,*/*;q=0.8"],"accept-language":["en-us,en;q=0.5"],"accept-charset":["ISO-8859-1,utf-8;q=0.7,*;q=0.7"]},"input":[],"session":null,"server_memory":{"peak_usage":4194304,"current_usage":4194304},"timestamp":"2025-12-04T02:03:10.133428Z"} 
[2025-12-04 02:56:03] testing.ERROR: API Server Error {"request_id":"req_6930f8430cde53.33369949","timestamp":"2025-12-04 02:56:03","method":"POST","endpoint":"api/v1/webhooks/stripe","route":null,"execution_time_ms":5.82,"memory_kb":80.56,"status_code":500,"user_id":null,"ip":"127.0.0.1","user_agent":"Symfony","error_type":"server_error","severity":"high"} 
[2025-12-04 02:56:03] testing.ERROR: Exception occurred {"exception_class":"TypeError","message":"Cannot assign null to property App\\Services\\Payment\\GCashPaymentGateway::$apiKey of type string","file":"C:\\xampp\\htdocs\\ArbiterCoffeeShop HUB\\arbiter-backend\\app\\Services\\Payment\\GCashPaymentGateway.php","line":19,"code":0,"trace":"#0 C:\\xampp\\htdocs\\ArbiterCoffeeShop HUB\\arbiter-backend\\app\\Services\\Payment\\PaymentGatewayFactory.php(20): App\\Services\\Payment\\GCashPaymentGateway->__construct()
#1 C:\\xampp\\htdocs\\ArbiterCoffeeShop HUB\\arbiter-backend\\app\\Http\\Controllers\\Api\\V1\\PaymentWebhookController.php(78): App\\Services\\Payment\\PaymentGatewayFactory::create('gcash')
#2 C:\\xampp\\htdocs\\ArbiterCoffeeShop HUB\\arbiter-backend\\vendor\\laravel\\framework\\src\\Illuminate\\Routing\\ControllerDispatcher.php(46): App\\Http\\Controllers\\Api\\V1\\PaymentWebhookController->gcashWebhook(Object(Illuminate\\Http\\Request))
#3 C:\\xampp\\htdocs\\ArbiterCoffeeShop HUB\\arbiter-backend\\vendor\\laravel\\framework\\src\\Illuminate\\Routing\\Route.php(265): Illuminate\\Routing\\ControllerDispatcher->dispatch(Object(Illuminate\\Routing\\Route), Object(App\\Http\\Controllers\\Api\\V1\\PaymentWebhookController), 'gcashWebhook')
#4 C:\\xampp\\htdocs\\ArbiterCoffeeShop HUB\\arbiter-backend\\vendor\\laravel\\framework\\src\\Illuminate\\Routing\\Route.php(211): Illuminate\\Routing\\Route->runController()
#5 C:\\xampp\\htdocs\\ArbiterCoffeeShop HUB\\arbiter-backend\\vendor\\laravel\\framework\\src\\Illuminate\\Routing\\Router.php(822): Illuminate\\Routing\\Route->run()
#6 C:\\xampp\\htdocs\\ArbiterCoffeeShop HUB\\arbiter-backend\\vendor\\laravel\\framework\\src\\Illuminate\\Pipeline\\Pipeline.php(180): Illuminate\\Routing\\Router->{closure:Illuminate\\Routing\\Router::runRouteWithinStack():821}(Object(Illuminate\\Http\\Request))
#7 C:\\xampp\\htdocs\\ArbiterCoffeeShop HUB\\arbiter-backend\\app\\Http\\Middleware\\SecurityHeaders.php(18): Illuminate\\Pipeline\\Pipeline->{closure:Illuminate\\Pipeline\\Pipeline::prepareDestination():178}(Object(Illuminate\\Http\\Request))
#8 C:\\xampp\\htdocs\\ArbiterCoffeeShop HUB\\arbiter-backend\\vendor\\laravel\\framework\\src\\Illuminate\\Pipeline\\Pipeline.php(219): App\\Http\\Middleware\\SecurityHeaders->handle(Object(Illuminate\\Http\\Request), Object(Closure))
#9 C:\\xampp\\htdocs\\ArbiterCoffeeShop HUB\\arbiter-backend\\app\\Http\\Middleware\\CompressResponse.php(18): Illuminate\\Pipeline\\Pipeline->{closure:{closure:Illuminate\\Pipeline\\Pipeline::carry():194}:195}(Object(Illuminate\\Http\\Request))
#10 C:\\xampp\\htdocs\\ArbiterCoffeeShop HUB\\arbiter-backend\\vendor\\laravel\\framework\\src\\Illuminate\\Pipeline\\Pipeline.php(219): App\\Http\\Middleware\\CompressResponse->handle(Object(Illuminate\\Http\\Request), Object(Closure))
#11 C:\\xampp\\htdocs\\ArbiterCoffeeShop HUB\\arbiter-backend\\app\\Http\\Middleware\\ApiPerformanceMonitor.php(26): Illuminate\\Pipeline\\Pipeline->{closure:{closure:Illuminate\\Pipeline\\Pipeline::carry():194}:195}(Object(Illuminate\\Http\\Request))
#12 C:\\xampp\\htdocs\\ArbiterCoffeeShop HUB\\arbiter-backend\\vendor\\laravel\\framework\\src\\Illuminate\\Pipeline\\Pipeline.php(219): App\\Http\\Middleware\\ApiPerformanceMonitor->handle(Object(Illuminate\\Http\\Request), Object(Closure))
#13 C:\\xampp\\htdocs\\ArbiterCoffeeShop HUB\\arbiter-backend\\vendor\\laravel\\framework\\src\\Illuminate\\Routing\\Middleware\\SubstituteBindings.php(50): Illuminate\\Pipeline\\Pipeline->{closure:{closure:Illuminate\\Pipeline\\Pipeline::carry():194}:195}(Object(Illuminate\\Http\\Request))
#14 C:\\xampp\\htdocs\\ArbiterCoffeeShop HUB\\arbiter-backend\\vendor\\laravel\\framework\\src\\Illuminate\\Pipeline\\Pipeline.php(219): Illuminate\\Routing\\Middleware\\SubstituteBindings->handle(Object(Illuminate\\Http\\Request), Object(Closure))
#15 C:\\xampp\\htdocs\\ArbiterCoffeeShop HUB\\arbiter-backend\\vendor\\laravel\\framework\\src\\Illuminate\\Pipeline\\Pipeline.php(137): Illuminate\\Pipeline\\Pipeline->{closure:{closure:Illuminate\\Pipeline\\Pipeline::carry():194}:195}(Object(Illuminate\\Http\\Request))
#16 C:\\xampp\\htdocs\\ArbiterCoffeeShop HUB\\arbiter-backend\\vendor\\laravel\\framework\\src\\Illuminate\\Routing\\Router.php(821): Illuminate\\Pipeline\\Pipeline->then(Object(Closure))
#17 C:\\xampp\\htdocs\\ArbiterCoffeeShop HUB\\arbiter-backend\\vendor\\laravel\\framework\\src\\Illuminate\\Routing\\Router.php(800): Illuminate\\Routing\\Router->runRouteWithinStack(Object(Illuminate\\Routing\\Route), Object(Illuminate\\Http\\Request))
#18 C:\\xampp\\htdocs\\ArbiterCoffeeShop HUB\\arbiter-backend\\vendor\\laravel\\framework\\src\\Illuminate\\Routing\\Router.php(764): Illuminate\\Routing\\Router->runRoute(Object(Illuminate\\Http\\Request), Object(Illuminate\\Routing\\Route))
#19 C:\\xampp\\htdocs\\ArbiterCoffeeShop HUB\\arbiter-backend\\vendor\\laravel\\framework\\src\\Illuminate\\Routing\\Router.php(753): Illuminate\\Routing\\Router->dispatchToRoute(Object(Illuminate\\Http\\Request))
#20 C:\\xampp\\htdocs\\ArbiterCoffeeShop HUB\\arbiter-backend\\vendor\\laravel\\framework\\src\\Illuminate\\Foundation\\Http\\Kernel.php(200): Illuminate\\Routing\\Router->dispatch(Object(Illuminate\\Http\\Request))
#21 C:\\xampp\\htdocs\\ArbiterCoffeeShop HUB\\arbiter-backend\\vendor\\laravel\\framework\\src\\Illuminate\\Pipeline\\Pipeline.php(180): Illuminate\\Foundation\\Http\\Kernel->{closure:Illuminate\\Foundation\\Http\\Kernel::dispatchToRouter():197}(Object(Illuminate\\Http\\Request))
#22 C:\\xampp\\htdocs\\ArbiterCoffeeShop HUB\\arbiter-backend\\vendor\\barryvdh\\laravel-debugbar\\src\\Middleware\\InjectDebugbar.php(59): Illuminate\\Pipeline\\Pipeline->{closure:Illuminate\\Pipeline\\Pipeline::prepareDestination():178}(Object(Illuminate\\Http\\Request))
#23 C:\\xampp\\htdocs\\ArbiterCoffeeShop HUB\\arbiter-backend\\vendor\\laravel\\framework\\src\\Illuminate\\Pipeline\\Pipeline.php(219): Barryvdh\\Debugbar\\Middleware\\InjectDebugbar->handle(Object(Illuminate\\Http\\Request), Object(Closure))
#24 C:\\xampp\\htdocs\\ArbiterCoffeeShop HUB\\arbiter-backend\\vendor\\laravel\\framework\\src\\Illuminate\\Foundation\\Http\\Middleware\\TransformsRequest.php(21): Illuminate\\Pipeline\\Pipeline->{closure:{closure:Illuminate\\Pipeline\\Pipeline::carry():194}:195}(Object(Illuminate\\Http\\Request))
#25 C:\\xampp\\htdocs\\ArbiterCoffeeShop HUB\\arbiter-backend\\vendor\\laravel\\framework\\src\\Illuminate\\Foundation\\Http\\Middleware\\ConvertEmptyStringsToNull.php(31): Illuminate\\Foundation\\Http\\Middleware\\TransformsRequest->handle(Object(Illuminate\\Http\\Request), Object(Closure))
#26 C:\\xampp\\htdocs\\ArbiterCoffeeShop HUB\\arbiter-backend\\vendor\\laravel\\framework\\src\\Illuminate\\Pipeline\\Pipeline.php(219): Illuminate\\Foundation\\Http\\Middleware\\ConvertEmptyStringsToNull->handle(Object(Illuminate\\Http\\Request), Object(Closure))
#27 C:\\xampp\\htdocs\\ArbiterCoffeeShop HUB\\arbiter-backend\\vendor\\laravel\\framework\\src\\Illuminate\\Foundation\\Http\\Middleware\\TransformsRequest.php(21): Illuminate\\Pipeline\\Pipeline->{closure:{closure:Illuminate\\Pipeline\\Pipeline::carry():194}:195}(Object(Illuminate\\Http\\Request))
#28 C:\\xampp\\htdocs\\ArbiterCoffeeShop HUB\\arbiter-backend\\vendor\\laravel\\framework\\src\\Illuminate\\Foundation\\Http\\Middleware\\TrimStrings.php(51): Illuminate\\Foundation\\Http\\Middleware\\TransformsRequest->handle(Object(Illuminate\\Http\\Request), Object(Closure))
#29 C:\\xampp\\htdocs\\ArbiterCoffeeShop HUB\\arbiter-backend\\vendor\\laravel\\framework\\src\\Illuminate\\Pipeline\\Pipeline.php(219): Illuminate\\Foundation\\Http\\Middleware\\TrimStrings->handle(Object(Illuminate\\Http\\Request), Object(Closure))
#30 C:\\xampp\\htdocs\\ArbiterCoffeeShop HUB\\arbiter-backend\\vendor\\laravel\\framework\\src\\Illuminate\\Http\\Middleware\\ValidatePostSize.php(27): Illuminate\\Pipeline\\Pipeline->{closure:{closure:Illuminate\\Pipeline\\Pipeline::carry():194}:195}(Object(Illuminate\\Http\\Request))
#31 C:\\xampp\\htdocs\\ArbiterCoffeeShop HUB\\arbiter-backend\\vendor\\laravel\\framework\\src\\Illuminate\\Pipeline\\Pipeline.php(219): Illuminate\\Http\\Middleware\\ValidatePostSize->handle(Object(Illuminate\\Http\\Request), Object(Closure))
#32 C:\\xampp\\htdocs\\ArbiterCoffeeShop HUB\\arbiter-backend\\vendor\\laravel\\framework\\src\\Illuminate\\Foundation\\Http\\Middleware\\PreventRequestsDuringMaintenance.php(109): Illuminate\\Pipeline\\Pipeline->{closure:{closure:Illuminate\\Pipeline\\Pipeline::carry():194}:195}(Object(Illuminate\\Http\\Request))
#33 C:\\xampp\\htdocs\\ArbiterCoffeeShop HUB\\arbiter-backend\\vendor\\laravel\\framework\\src\\Illuminate\\Pipeline\\Pipeline.php(219): Illuminate\\Foundation\\Http\\Middleware\\PreventRequestsDuringMaintenance->handle(Object(Illuminate\\Http\\Request), Object(Closure))
#34 C:\\xampp\\htdocs\\ArbiterCoffeeShop HUB\\arbiter-backend\\vendor\\laravel\\framework\\src\\Illuminate\\Http\\Middleware\\HandleCors.php(61): Illuminate\\Pipeline\\Pipeline->{closure:{closure:Illuminate\\Pipeline\\Pipeline::carry():194}:195}(Object(Illuminate\\Http\\Request))
#35 C:\\xampp\\htdocs\\ArbiterCoffeeShop HUB\\arbiter-backend\\vendor\\laravel\\framework\\src\\Illuminate\\Pipeline\\Pipeline.php(219): Illuminate\\Http\\Middleware\\HandleCors->handle(Object(Illuminate\\Http\\Request), Object(Closure))
#36 C:\\xampp\\htdocs\\ArbiterCoffeeShop HUB\\arbiter-backend\\vendor\\laravel\\framework\\src\\Illuminate\\Http\\Middleware\\TrustProxies.php(58): Illuminate\\Pipeline\\Pipeline->{closure:{closure:Illuminate\\Pipeline\\Pipeline::carry():194}:195}(Object(Illuminate\\Http\\Request))
#37 C:\\xampp\\htdocs\\ArbiterCoffeeShop HUB\\arbiter-backend\\vendor\\laravel\\framework\\src\\Illuminate\\Pipeline\\Pipeline.php(219): Illuminate\\Http\\Middleware\\TrustProxies->handle(Object(Illuminate\\Http\\Request), Object(Closure))
#38 C:\\xampp\\htdocs\\ArbiterCoffeeShop HUB\\arbiter-backend\\vendor\\laravel\\framework\\src\\Illuminate\\Foundation\\Http\\Middleware\\InvokeDeferredCallbacks.php(22): Illuminate\\Pipeline\\Pipeline->{closure:{closure:Illuminate\\Pipeline\\Pipeline::carry():194}:195}(Object(Illuminate\\Http\\Request))
#39 C:\\xampp\\htdocs\\ArbiterCoffeeShop HUB\\arbiter-backend\\vendor\\laravel\\framework\\src\\Illuminate\\Pipeline\\Pipeline.php(219): Illuminate\\Foundation\\Http\\Middleware\\InvokeDeferredCallbacks->handle(Object(Illuminate\\Http\\Request), Object(Closure))
#40 C:\\xampp\\htdocs\\ArbiterCoffeeShop HUB\\arbiter-backend\\vendor\\laravel\\framework\\src\\Illuminate\\Http\\Middleware\\ValidatePathEncoding.php(26): Illuminate\\Pipeline\\Pipeline->{closure:{closure:Illuminate\\Pipeline\\Pipeline::carry():194}:195}(Object(Illuminate\\Http\\Request))
#41 C:\\xampp\\htdocs\\ArbiterCoffeeShop HUB\\arbiter-backend\\vendor\\laravel\\framework\\src\\Illuminate\\Pipeline\\Pipeline.php(219): Illuminate\\Http\\Middleware\\ValidatePathEncoding->handle(Object(Illuminate\\Http\\Request), Object(Closure))
#42 C:\\xampp\\htdocs\\ArbiterCoffeeShop HUB\\arbiter-backend\\vendor\\laravel\\framework\\src\\Illuminate\\Pipeline\\Pipeline.php(137): Illuminate\\Pipeline\\Pipeline->{closure:{closure:Illuminate\\Pipeline\\Pipeline::carry():194}:195}(Object(Illuminate\\Http\\Request))
#43 C:\\xampp\\htdocs\\ArbiterCoffeeShop HUB\\arbiter-backend\\vendor\\laravel\\framework\\src\\Illuminate\\Foundation\\Http\\Kernel.php(175): Illuminate\\Pipeline\\Pipeline->then(Object(Closure))
#44 C:\\xampp\\htdocs\\ArbiterCoffeeShop HUB\\arbiter-backend\\vendor\\laravel\\framework\\src\\Illuminate\\Foundation\\Http\\Kernel.php(144): Illuminate\\Foundation\\Http\\Kernel->sendRequestThroughRouter(Object(Illuminate\\Http\\Request))
#45 C:\\xampp\\htdocs\\ArbiterCoffeeShop HUB\\arbiter-backend\\vendor\\laravel\\framework\\src\\Illuminate\\Foundation\\Testing\\Concerns\\MakesHttpRequests.php(607): Illuminate\\Foundation\\Http\\Kernel->handle(Object(Illuminate\\Http\\Request))
#46 C:\\xampp\\htdocs\\ArbiterCoffeeShop HUB\\arbiter-backend\\vendor\\laravel\\framework\\src\\Illuminate\\Foundation\\Testing\\Concerns\\MakesHttpRequests.php(573): Illuminate\\Foundation\\Testing\\TestCase->call('POST', '/api/v1/webhook...', Array, Array, Array, Array, '[]')
#47 C:\\xampp\\htdocs\\ArbiterCoffeeShop HUB\\arbiter-backend\\vendor\\laravel\\framework\\src\\Illuminate\\Foundation\\Testing\\Concerns\\MakesHttpRequests.php(411): Illuminate\\Foundation\\Testing\\TestCase->json('POST', '/api/v1/webhook...', Array, Array, 0)
#48 C:\\xampp\\htdocs\\ArbiterCoffeeShop HUB\\arbiter-backend\\tests\\Feature\\PaymentGatewayTest.php(190): Illuminate\\Foundation\\Testing\\TestCase->postJson('/api/v1/webhook...', Array, Array)
#49 C:\\xampp\\htdocs\\ArbiterCoffeeShop HUB\\arbiter-backend\\vendor\\phpunit\\phpunit\\src\\Framework\\TestCase.php(1657): Tests\\Feature\\PaymentGatewayTest->it_processes_gcash_webhook()
#50 C:\\xampp\\htdocs\\ArbiterCoffeeShop HUB\\arbiter-backend\\vendor\\phpunit\\phpunit\\src\\Framework\\TestCase.php(515): PHPUnit\\Framework\\TestCase->runTest()
#51 C:\\xampp\\htdocs\\ArbiterCoffeeShop HUB\\arbiter-backend\\vendor\\phpunit\\phpunit\\src\\Framework\\TestRunner\\TestRunner.php(87): PHPUnit\\Framework\\TestCase->runBare()
#52 C:\\xampp\\htdocs\\ArbiterCoffeeShop HUB\\arbiter-backend\\vendor\\phpunit\\phpunit\\src\\Framework\\TestCase.php(361): PHPUnit\\Framework\\TestRunner->run(Object(Tests\\Feature\\PaymentGatewayTest))
#53 C:\\xampp\\htdocs\\ArbiterCoffeeShop HUB\\arbiter-backend\\vendor\\phpunit\\phpunit\\src\\Framework\\TestSuite.php(369): PHPUnit\\Framework\\TestCase->run()
#54 C:\\xampp\\htdocs\\ArbiterCoffeeShop HUB\\arbiter-backend\\vendor\\phpunit\\phpunit\\src\\Framework\\TestSuite.php(369): PHPUnit\\Framework\\TestSuite->run()
#55 C:\\xampp\\htdocs\\ArbiterCoffeeShop HUB\\arbiter-backend\\vendor\\phpunit\\phpunit\\src\\Framework\\TestSuite.php(369): PHPUnit\\Framework\\TestSuite->run()
#56 C:\\xampp\\htdocs\\ArbiterCoffeeShop HUB\\arbiter-backend\\vendor\\phpunit\\phpunit\\src\\TextUI\\TestRunner.php(64): PHPUnit\\Framework\\TestSuite->run()
#57 C:\\xampp\\htdocs\\ArbiterCoffeeShop HUB\\arbiter-backend\\vendor\\phpunit\\phpunit\\src\\TextUI\\Application.php(211): PHPUnit\\TextUI\\TestRunner->run(Object(PHPUnit\\TextUI\\Configuration\\Configuration), Object(PHPUnit\\Runner\\ResultCache\\DefaultResultCache), Object(PHPUnit\\Framework\\TestSuite))
#58 C:\\xampp\\htdocs\\ArbiterCoffeeShop HUB\\arbiter-backend\\vendor\\phpunit\\phpunit\\phpunit(104): PHPUnit\\TextUI\\Application->run(Array)
#59 {main}","severity":"high","request_id":null,"user_id":null,"url":"http://localhost:8000/api/v1/webhooks/gcash","method":"POST","ip":"127.0.0.1","user_agent":"Symfony","headers":{"host":["localhost:8000"],"user-agent":["Symfony"],"accept":["application/json"],"accept-language":["en-us,en;q=0.5"],"accept-charset":["ISO-8859-1,utf-8;q=0.7,*;q=0.7"],"content-length":["2"],"content-type":["application/json"],"x-gcash-signature":["test_signature"]},"input":[],"session":null,"server_memory":{"peak_usage":27262976,"current_usage":27262976},"timestamp":"2025-12-04T02:56:03.109184Z"} 
[2025-12-04 02:56:03] testing.ERROR: Cannot assign null to property App\Services\Payment\GCashPaymentGateway::$apiKey of type string {"exception":"TypeError","status_code":500,"error_type":"api_error","severity":"high","request_id":null,"user_id":null,"method":"POST","url":"http://localhost:8000/api/v1/webhooks/gcash","ip":"127.0.0.1"} 
[2025-12-04 02:56:03] testing.ERROR: API Server Error {"request_id":"req_6930f8431a2954.27235007","timestamp":"2025-12-04 02:56:03","method":"POST","endpoint":"api/v1/webhooks/gcash","route":null,"execution_time_ms":6.64,"memory_kb":90.45,"status_code":500,"user_id":null,"ip":"127.0.0.1","user_agent":"Symfony","error_type":"server_error","severity":"high"} 
[2025-12-04 03:18:43] testing.ERROR: API Server Error {"request_id":"req_6930fd93b63755.24817549","timestamp":"2025-12-04 03:18:43","method":"POST","endpoint":"api/v1/ml/recommendations/track/click","route":null,"execution_time_ms":18.96,"memory_kb":42.2,"status_code":500,"user_id":72,"ip":"127.0.0.1","user_agent":"Symfony","error_type":"server_error","severity":"high"} 
[2025-12-04 03:18:43] testing.ERROR: API Server Error {"request_id":"req_6930fd93e3a305.21421162","timestamp":"2025-12-04 03:18:43","method":"POST","endpoint":"api/v1/ml/recommendations/track/purchase","route":null,"execution_time_ms":6.86,"memory_kb":41.79,"status_code":500,"user_id":74,"ip":"127.0.0.1","user_agent":"Symfony","error_type":"server_error","severity":"high"} 
[2025-12-04 03:18:44] testing.ERROR: API Server Error {"request_id":"req_6930fd94eb69d2.75211748","timestamp":"2025-12-04 03:18:44","method":"POST","endpoint":"api/v1/ml/recommendations","route":null,"execution_time_ms":4.42,"memory_kb":38.34,"status_code":500,"user_id":82,"ip":"127.0.0.1","user_agent":"Symfony","error_type":"server_error","severity":"high"} 
[2025-12-04 03:46:35] testing.ERROR: API Server Error {"request_id":"req_6931041b345bf1.14702902","timestamp":"2025-12-04 03:46:35","method":"POST","endpoint":"api/v1/ml/recommendations","route":null,"execution_time_ms":3.47,"memory_kb":37.66,"status_code":500,"user_id":27,"ip":"127.0.0.1","user_agent":"Symfony","error_type":"server_error","severity":"high"} 
[2025-12-04 03:52:58] testing.ERROR: API Server Error {"request_id":"req_6931059a0dcb15.38794325","timestamp":"2025-12-04 03:52:58","method":"POST","endpoint":"api/v1/ml/recommendations","route":null,"execution_time_ms":5.32,"memory_kb":37.66,"status_code":500,"user_id":27,"ip":"127.0.0.1","user_agent":"Symfony","error_type":"server_error","severity":"high"} 
[2025-12-04 03:57:43] testing.ERROR: API Server Error {"request_id":"req_693106b785f730.21500827","timestamp":"2025-12-04 03:57:43","method":"POST","endpoint":"api/v1/ml/recommendations","route":null,"execution_time_ms":4.11,"memory_kb":37.66,"status_code":500,"user_id":90,"ip":"127.0.0.1","user_agent":"Symfony","error_type":"server_error","severity":"high"} 
[2025-12-04 04:00:16] testing.ERROR: API Server Error {"request_id":"req_69310750665dc3.86479760","timestamp":"2025-12-04 04:00:16","method":"POST","endpoint":"api/v1/ml/recommendations","route":null,"execution_time_ms":10.08,"memory_kb":58.31,"status_code":500,"user_id":94,"ip":"127.0.0.1","user_agent":"Symfony","error_type":"server_error","severity":"high"} 
[2025-12-04 04:06:33] local.ERROR: Exception occurred {"exception_class":"NunoMaduro\\Collision\\Adapters\\Laravel\\Exceptions\\RequirementsException","message":"Running Collision 8.x artisan test command in parallel requires at least ParaTest (brianium/paratest) 7.x.","file":"C:\\xampp\\htdocs\\ArbiterCoffeeShop HUB\\arbiter-backend\\vendor\\nunomaduro\\collision\\src\\Adapters\\Laravel\\Commands\\TestCommand.php","line":90,"code":0,"trace":"#0 C:\\xampp\\htdocs\\ArbiterCoffeeShop HUB\\arbiter-backend\\vendor\\laravel\\framework\\src\\Illuminate\\Container\\BoundMethod.php(36): NunoMaduro\\Collision\\Adapters\\Laravel\\Commands\\TestCommand->handle()
#1 C:\\xampp\\htdocs\\ArbiterCoffeeShop HUB\\arbiter-backend\\vendor\\laravel\\framework\\src\\Illuminate\\Container\\Util.php(43): Illuminate\\Container\\BoundMethod::{closure:Illuminate\\Container\\BoundMethod::call():35}()
#2 C:\\xampp\\htdocs\\ArbiterCoffeeShop HUB\\arbiter-backend\\vendor\\laravel\\framework\\src\\Illuminate\\Container\\BoundMethod.php(96): Illuminate\\Container\\Util::unwrapIfClosure(Object(Closure))
#3 C:\\xampp\\htdocs\\ArbiterCoffeeShop HUB\\arbiter-backend\\vendor\\laravel\\framework\\src\\Illuminate\\Container\\BoundMethod.php(35): Illuminate\\Container\\BoundMethod::callBoundMethod(Object(Illuminate\\Foundation\\Application), Array, Object(Closure))
#4 C:\\xampp\\htdocs\\ArbiterCoffeeShop HUB\\arbiter-backend\\vendor\\laravel\\framework\\src\\Illuminate\\Container\\Container.php(836): Illuminate\\Container\\BoundMethod::call(Object(Illuminate\\Foundation\\Application), Array, Array, NULL)
#5 C:\\xampp\\htdocs\\ArbiterCoffeeShop HUB\\arbiter-backend\\vendor\\laravel\\framework\\src\\Illuminate\\Console\\Command.php(211): Illuminate\\Container\\Container->call(Array)
#6 C:\\xampp\\htdocs\\ArbiterCoffeeShop HUB\\arbiter-backend\\vendor\\symfony\\console\\Command\\Command.php(318): Illuminate\\Console\\Command->execute(Object(Symfony\\Component\\Console\\Input\\ArgvInput), Object(Illuminate\\Console\\OutputStyle))
#7 C:\\xampp\\htdocs\\ArbiterCoffeeShop HUB\\arbiter-backend\\vendor\\laravel\\framework\\src\\Illuminate\\Console\\Command.php(180): Symfony\\Component\\Console\\Command\\Command->run(Object(Symfony\\Component\\Console\\Input\\ArgvInput), Object(Illuminate\\Console\\OutputStyle))
#8 C:\\xampp\\htdocs\\ArbiterCoffeeShop HUB\\arbiter-backend\\vendor\\symfony\\console\\Application.php(1073): Illuminate\\Console\\Command->run(Object(Symfony\\Component\\Console\\Input\\ArgvInput), Object(Symfony\\Component\\Console\\Output\\ConsoleOutput))
#9 C:\\xampp\\htdocs\\ArbiterCoffeeShop HUB\\arbiter-backend\\vendor\\symfony\\console\\Application.php(356): Symfony\\Component\\Console\\Application->doRunCommand(Object(NunoMaduro\\Collision\\Adapters\\Laravel\\Commands\\TestCommand), Object(Symfony\\Component\\Console\\Input\\ArgvInput), Object(Symfony\\Component\\Console\\Output\\ConsoleOutput))
#10 C:\\xampp\\htdocs\\ArbiterCoffeeShop HUB\\arbiter-backend\\vendor\\symfony\\console\\Application.php(195): Symfony\\Component\\Console\\Application->doRun(Object(Symfony\\Component\\Console\\Input\\ArgvInput), Object(Symfony\\Component\\Console\\Output\\ConsoleOutput))
#11 C:\\xampp\\htdocs\\ArbiterCoffeeShop HUB\\arbiter-backend\\vendor\\laravel\\framework\\src\\Illuminate\\Foundation\\Console\\Kernel.php(197): Symfony\\Component\\Console\\Application->run(Object(Symfony\\Component\\Console\\Input\\ArgvInput), Object(Symfony\\Component\\Console\\Output\\ConsoleOutput))
#12 C:\\xampp\\htdocs\\ArbiterCoffeeShop HUB\\arbiter-backend\\vendor\\laravel\\framework\\src\\Illuminate\\Foundation\\Application.php(1235): Illuminate\\Foundation\\Console\\Kernel->handle(Object(Symfony\\Component\\Console\\Input\\ArgvInput), Object(Symfony\\Component\\Console\\Output\\ConsoleOutput))
#13 C:\\xampp\\htdocs\\ArbiterCoffeeShop HUB\\arbiter-backend\\artisan(16): Illuminate\\Foundation\\Application->handleCommand(Object(Symfony\\Component\\Console\\Input\\ArgvInput))
#14 {main}","severity":"high","request_id":null,"user_id":null,"url":"http://localhost:8000","method":"GET","ip":"127.0.0.1","user_agent":"Symfony","headers":{"host":["localhost:8000"],"user-agent":["Symfony"],"accept":["text/html,application/xhtml+xml,application/xml;q=0.9,*/*;q=0.8"],"accept-language":["en-us,en;q=0.5"],"accept-charset":["ISO-8859-1,utf-8;q=0.7,*;q=0.7"]},"input":[],"session":null,"server_memory":{"peak_usage":4194304,"current_usage":4194304},"timestamp":"2025-12-04T04:06:33.188123Z"} 
[2025-12-04 04:07:12] testing.ERROR: API Server Error {"request_id":"req_693108f04b0025.48162023","timestamp":"2025-12-04 04:07:12","method":"POST","endpoint":"api/v1/ml/recommendations","route":null,"execution_time_ms":11.61,"memory_kb":37.66,"status_code":500,"user_id":90,"ip":"127.0.0.1","user_agent":"Symfony","error_type":"server_error","severity":"high"} 
[2025-12-04 04:09:45] testing.ERROR: API Server Error {"request_id":"req_69310989d8e224.81206879","timestamp":"2025-12-04 04:09:45","method":"POST","endpoint":"api/v1/ml/recommendations","route":null,"execution_time_ms":13.94,"memory_kb":58.31,"status_code":500,"user_id":94,"ip":"127.0.0.1","user_agent":"Symfony","error_type":"server_error","severity":"high"} 
[2025-12-04 10:30:26] local.ERROR: Exception occurred {"exception_class":"Psy\\Exception\\ParseErrorException","message":"PHP Parse error: Syntax error, unexpected T_NS_SEPARATOR on line 1","file":"C:\\xampp\\htdocs\\ArbiterCoffeeShop HUB\\arbiter-backend\\vendor\\psy\\psysh\\src\\Exception\\ParseErrorException.php","line":44,"code":0,"trace":"#0 C:\\xampp\\htdocs\\ArbiterCoffeeShop HUB\\arbiter-backend\\vendor\\psy\\psysh\\src\\CodeCleaner.php(560): Psy\\Exception\\ParseErrorException::fromParseError(Object(PhpParser\\Error))
#1 C:\\xampp\\htdocs\\ArbiterCoffeeShop HUB\\arbiter-backend\\vendor\\psy\\psysh\\src\\CodeCleaner.php(283): Psy\\CodeCleaner->parse('<?php echo 'Tes...', false)
#2 C:\\xampp\\htdocs\\ArbiterCoffeeShop HUB\\arbiter-backend\\vendor\\psy\\psysh\\src\\Shell.php(934): Psy\\CodeCleaner->clean(Array, false)
#3 C:\\xampp\\htdocs\\ArbiterCoffeeShop HUB\\arbiter-backend\\vendor\\psy\\psysh\\src\\Shell.php(968): Psy\\Shell->addCode('echo 'Testing a...', true)
#4 C:\\xampp\\htdocs\\ArbiterCoffeeShop HUB\\arbiter-backend\\vendor\\psy\\psysh\\src\\Shell.php(1511): Psy\\Shell->setCode('echo 'Testing a...', true)
#5 C:\\xampp\\htdocs\\ArbiterCoffeeShop HUB\\arbiter-backend\\vendor\\laravel\\tinker\\src\\Console\\TinkerCommand.php(76): Psy\\Shell->execute('echo 'Testing a...')
#6 C:\\xampp\\htdocs\\ArbiterCoffeeShop HUB\\arbiter-backend\\vendor\\laravel\\framework\\src\\Illuminate\\Container\\BoundMethod.php(36): Laravel\\Tinker\\Console\\TinkerCommand->handle()
#7 C:\\xampp\\htdocs\\ArbiterCoffeeShop HUB\\arbiter-backend\\vendor\\laravel\\framework\\src\\Illuminate\\Container\\Util.php(43): Illuminate\\Container\\BoundMethod::{closure:Illuminate\\Container\\BoundMethod::call():35}()
#8 C:\\xampp\\htdocs\\ArbiterCoffeeShop HUB\\arbiter-backend\\vendor\\laravel\\framework\\src\\Illuminate\\Container\\BoundMethod.php(96): Illuminate\\Container\\Util::unwrapIfClosure(Object(Closure))
#9 C:\\xampp\\htdocs\\ArbiterCoffeeShop HUB\\arbiter-backend\\vendor\\laravel\\framework\\src\\Illuminate\\Container\\BoundMethod.php(35): Illuminate\\Container\\BoundMethod::callBoundMethod(Object(Illuminate\\Foundation\\Application), Array, Object(Closure))
#10 C:\\xampp\\htdocs\\ArbiterCoffeeShop HUB\\arbiter-backend\\vendor\\laravel\\framework\\src\\Illuminate\\Container\\Container.php(836): Illuminate\\Container\\BoundMethod::call(Object(Illuminate\\Foundation\\Application), Array, Array, NULL)
#11 C:\\xampp\\htdocs\\ArbiterCoffeeShop HUB\\arbiter-backend\\vendor\\laravel\\framework\\src\\Illuminate\\Console\\Command.php(211): Illuminate\\Container\\Container->call(Array)
#12 C:\\xampp\\htdocs\\ArbiterCoffeeShop HUB\\arbiter-backend\\vendor\\symfony\\console\\Command\\Command.php(318): Illuminate\\Console\\Command->execute(Object(Symfony\\Component\\Console\\Input\\ArgvInput), Object(Illuminate\\Console\\OutputStyle))
#13 C:\\xampp\\htdocs\\ArbiterCoffeeShop HUB\\arbiter-backend\\vendor\\laravel\\framework\\src\\Illuminate\\Console\\Command.php(180): Symfony\\Component\\Console\\Command\\Command->run(Object(Symfony\\Component\\Console\\Input\\ArgvInput), Object(Illuminate\\Console\\OutputStyle))
#14 C:\\xampp\\htdocs\\ArbiterCoffeeShop HUB\\arbiter-backend\\vendor\\symfony\\console\\Application.php(1073): Illuminate\\Console\\Command->run(Object(Symfony\\Component\\Console\\Input\\ArgvInput), Object(Symfony\\Component\\Console\\Output\\ConsoleOutput))
#15 C:\\xampp\\htdocs\\ArbiterCoffeeShop HUB\\arbiter-backend\\vendor\\symfony\\console\\Application.php(356): Symfony\\Component\\Console\\Application->doRunCommand(Object(Laravel\\Tinker\\Console\\TinkerCommand), Object(Symfony\\Component\\Console\\Input\\ArgvInput), Object(Symfony\\Component\\Console\\Output\\ConsoleOutput))
#16 C:\\xampp\\htdocs\\ArbiterCoffeeShop HUB\\arbiter-backend\\vendor\\symfony\\console\\Application.php(195): Symfony\\Component\\Console\\Application->doRun(Object(Symfony\\Component\\Console\\Input\\ArgvInput), Object(Symfony\\Component\\Console\\Output\\ConsoleOutput))
#17 C:\\xampp\\htdocs\\ArbiterCoffeeShop HUB\\arbiter-backend\\vendor\\laravel\\framework\\src\\Illuminate\\Foundation\\Console\\Kernel.php(197): Symfony\\Component\\Console\\Application->run(Object(Symfony\\Component\\Console\\Input\\ArgvInput), Object(Symfony\\Component\\Console\\Output\\ConsoleOutput))
#18 C:\\xampp\\htdocs\\ArbiterCoffeeShop HUB\\arbiter-backend\\vendor\\laravel\\framework\\src\\Illuminate\\Foundation\\Application.php(1235): Illuminate\\Foundation\\Console\\Kernel->handle(Object(Symfony\\Component\\Console\\Input\\ArgvInput), Object(Symfony\\Component\\Console\\Output\\ConsoleOutput))
#19 C:\\xampp\\htdocs\\ArbiterCoffeeShop HUB\\arbiter-backend\\artisan(16): Illuminate\\Foundation\\Application->handleCommand(Object(Symfony\\Component\\Console\\Input\\ArgvInput))
#20 {main}","severity":"high","request_id":null,"user_id":null,"url":"http://localhost:8000","method":"GET","ip":"127.0.0.1","user_agent":"Symfony","headers":{"host":["localhost:8000"],"user-agent":["Symfony"],"accept":["text/html,application/xhtml+xml,application/xml;q=0.9,*/*;q=0.8"],"accept-language":["en-us,en;q=0.5"],"accept-charset":["ISO-8859-1,utf-8;q=0.7,*;q=0.7"]},"input":[],"session":null,"server_memory":{"peak_usage":8388608,"current_usage":8388608},"timestamp":"2025-12-04T10:30:26.087178Z"} 
[2025-12-04 10:30:27] local.ERROR: Exception occurred {"exception_class":"Psy\\Exception\\ParseErrorException","message":"PHP Parse error: Syntax error, unexpected T_NS_SEPARATOR on line 1","file":"C:\\xampp\\htdocs\\ArbiterCoffeeShop HUB\\arbiter-backend\\vendor\\psy\\psysh\\src\\Exception\\ParseErrorException.php","line":44,"code":0,"trace":"#0 C:\\xampp\\htdocs\\ArbiterCoffeeShop HUB\\arbiter-backend\\vendor\\psy\\psysh\\src\\CodeCleaner.php(560): Psy\\Exception\\ParseErrorException::fromParseError(Object(PhpParser\\Error))
#1 C:\\xampp\\htdocs\\ArbiterCoffeeShop HUB\\arbiter-backend\\vendor\\psy\\psysh\\src\\CodeCleaner.php(283): Psy\\CodeCleaner->parse('<?php \\\\ = App\\\\M...', false)
#2 C:\\xampp\\htdocs\\ArbiterCoffeeShop HUB\\arbiter-backend\\vendor\\psy\\psysh\\src\\Shell.php(934): Psy\\CodeCleaner->clean(Array, false)
#3 C:\\xampp\\htdocs\\ArbiterCoffeeShop HUB\\arbiter-backend\\vendor\\psy\\psysh\\src\\Shell.php(968): Psy\\Shell->addCode('\\\\ = App\\\\Models\\\\...', true)
#4 C:\\xampp\\htdocs\\ArbiterCoffeeShop HUB\\arbiter-backend\\vendor\\psy\\psysh\\src\\Shell.php(1511): Psy\\Shell->setCode('\\\\ = App\\\\Models\\\\...', true)
#5 C:\\xampp\\htdocs\\ArbiterCoffeeShop HUB\\arbiter-backend\\vendor\\laravel\\tinker\\src\\Console\\TinkerCommand.php(76): Psy\\Shell->execute('\\\\ = App\\\\Models\\\\...')
#6 C:\\xampp\\htdocs\\ArbiterCoffeeShop HUB\\arbiter-backend\\vendor\\laravel\\framework\\src\\Illuminate\\Container\\BoundMethod.php(36): Laravel\\Tinker\\Console\\TinkerCommand->handle()
#7 C:\\xampp\\htdocs\\ArbiterCoffeeShop HUB\\arbiter-backend\\vendor\\laravel\\framework\\src\\Illuminate\\Container\\Util.php(43): Illuminate\\Container\\BoundMethod::{closure:Illuminate\\Container\\BoundMethod::call():35}()
#8 C:\\xampp\\htdocs\\ArbiterCoffeeShop HUB\\arbiter-backend\\vendor\\laravel\\framework\\src\\Illuminate\\Container\\BoundMethod.php(96): Illuminate\\Container\\Util::unwrapIfClosure(Object(Closure))
#9 C:\\xampp\\htdocs\\ArbiterCoffeeShop HUB\\arbiter-backend\\vendor\\laravel\\framework\\src\\Illuminate\\Container\\BoundMethod.php(35): Illuminate\\Container\\BoundMethod::callBoundMethod(Object(Illuminate\\Foundation\\Application), Array, Object(Closure))
#10 C:\\xampp\\htdocs\\ArbiterCoffeeShop HUB\\arbiter-backend\\vendor\\laravel\\framework\\src\\Illuminate\\Container\\Container.php(836): Illuminate\\Container\\BoundMethod::call(Object(Illuminate\\Foundation\\Application), Array, Array, NULL)
#11 C:\\xampp\\htdocs\\ArbiterCoffeeShop HUB\\arbiter-backend\\vendor\\laravel\\framework\\src\\Illuminate\\Console\\Command.php(211): Illuminate\\Container\\Container->call(Array)
#12 C:\\xampp\\htdocs\\ArbiterCoffeeShop HUB\\arbiter-backend\\vendor\\symfony\\console\\Command\\Command.php(318): Illuminate\\Console\\Command->execute(Object(Symfony\\Component\\Console\\Input\\ArgvInput), Object(Illuminate\\Console\\OutputStyle))
#13 C:\\xampp\\htdocs\\ArbiterCoffeeShop HUB\\arbiter-backend\\vendor\\laravel\\framework\\src\\Illuminate\\Console\\Command.php(180): Symfony\\Component\\Console\\Command\\Command->run(Object(Symfony\\Component\\Console\\Input\\ArgvInput), Object(Illuminate\\Console\\OutputStyle))
#14 C:\\xampp\\htdocs\\ArbiterCoffeeShop HUB\\arbiter-backend\\vendor\\symfony\\console\\Application.php(1073): Illuminate\\Console\\Command->run(Object(Symfony\\Component\\Console\\Input\\ArgvInput), Object(Symfony\\Component\\Console\\Output\\ConsoleOutput))
#15 C:\\xampp\\htdocs\\ArbiterCoffeeShop HUB\\arbiter-backend\\vendor\\symfony\\console\\Application.php(356): Symfony\\Component\\Console\\Application->doRunCommand(Object(Laravel\\Tinker\\Console\\TinkerCommand), Object(Symfony\\Component\\Console\\Input\\ArgvInput), Object(Symfony\\Component\\Console\\Output\\ConsoleOutput))
#16 C:\\xampp\\htdocs\\ArbiterCoffeeShop HUB\\arbiter-backend\\vendor\\symfony\\console\\Application.php(195): Symfony\\Component\\Console\\Application->doRun(Object(Symfony\\Component\\Console\\Input\\ArgvInput), Object(Symfony\\Component\\Console\\Output\\ConsoleOutput))
#17 C:\\xampp\\htdocs\\ArbiterCoffeeShop HUB\\arbiter-backend\\vendor\\laravel\\framework\\src\\Illuminate\\Foundation\\Console\\Kernel.php(197): Symfony\\Component\\Console\\Application->run(Object(Symfony\\Component\\Console\\Input\\ArgvInput), Object(Symfony\\Component\\Console\\Output\\ConsoleOutput))
#18 C:\\xampp\\htdocs\\ArbiterCoffeeShop HUB\\arbiter-backend\\vendor\\laravel\\framework\\src\\Illuminate\\Foundation\\Application.php(1235): Illuminate\\Foundation\\Console\\Kernel->handle(Object(Symfony\\Component\\Console\\Input\\ArgvInput), Object(Symfony\\Component\\Console\\Output\\ConsoleOutput))
#19 C:\\xampp\\htdocs\\ArbiterCoffeeShop HUB\\arbiter-backend\\artisan(16): Illuminate\\Foundation\\Application->handleCommand(Object(Symfony\\Component\\Console\\Input\\ArgvInput))
#20 {main}","severity":"high","request_id":null,"user_id":null,"url":"http://localhost:8000","method":"GET","ip":"127.0.0.1","user_agent":"Symfony","headers":{"host":["localhost:8000"],"user-agent":["Symfony"],"accept":["text/html,application/xhtml+xml,application/xml;q=0.9,*/*;q=0.8"],"accept-language":["en-us,en;q=0.5"],"accept-charset":["ISO-8859-1,utf-8;q=0.7,*;q=0.7"]},"input":[],"session":null,"server_memory":{"peak_usage":8388608,"current_usage":8388608},"timestamp":"2025-12-04T10:30:27.832487Z"} 
[2025-12-04 10:30:42] local.ERROR: Exception occurred {"exception_class":"Illuminate\\Database\\UniqueConstraintViolationException","message":"SQLSTATE[23000]: Integrity constraint violation: 1062 Duplicate entry 'admin@arbiter.com' for key 'users_email_unique' (Connection: mysql, SQL: insert into `users` (`name`, `email`, `password`, `updated_at`, `created_at`) values (Admin User, admin@arbiter.com, $2y$12$9lYTl90o.QG4VbDLzDEqcem21JHxwD.Nj4SjJGsZ/6jFzlteh3eB6, 2025-12-04 10:30:42, 2025-12-04 10:30:42))","file":"C:\\xampp\\htdocs\\ArbiterCoffeeShop HUB\\arbiter-backend\\vendor\\laravel\\framework\\src\\Illuminate\\Database\\Connection.php","line":819,"code":"23000","trace":"#0 C:\\xampp\\htdocs\\ArbiterCoffeeShop HUB\\arbiter-backend\\vendor\\laravel\\framework\\src\\Illuminate\\Database\\Connection.php(778): Illuminate\\Database\\Connection->runQueryCallback('insert into `us...', Array, Object(Closure))
#1 C:\\xampp\\htdocs\\ArbiterCoffeeShop HUB\\arbiter-backend\\vendor\\laravel\\framework\\src\\Illuminate\\Database\\MySqlConnection.php(42): Illuminate\\Database\\Connection->run('insert into `us...', Array, Object(Closure))
#2 C:\\xampp\\htdocs\\ArbiterCoffeeShop HUB\\arbiter-backend\\vendor\\laravel\\framework\\src\\Illuminate\\Database\\Query\\Processors\\MySqlProcessor.php(35): Illuminate\\Database\\MySqlConnection->insert('insert into `us...', Array, 'id')
#3 C:\\xampp\\htdocs\\ArbiterCoffeeShop HUB\\arbiter-backend\\vendor\\laravel\\framework\\src\\Illuminate\\Database\\Query\\Builder.php(3853): Illuminate\\Database\\Query\\Processors\\MySqlProcessor->processInsertGetId(Object(Illuminate\\Database\\Query\\Builder), 'insert into `us...', Array, 'id')
#4 C:\\xampp\\htdocs\\ArbiterCoffeeShop HUB\\arbiter-backend\\vendor\\laravel\\framework\\src\\Illuminate\\Database\\Eloquent\\Builder.php(2235): Illuminate\\Database\\Query\\Builder->insertGetId(Array, 'id')
#5 C:\\xampp\\htdocs\\ArbiterCoffeeShop HUB\\arbiter-backend\\vendor\\laravel\\framework\\src\\Illuminate\\Database\\Eloquent\\Model.php(1436): Illuminate\\Database\\Eloquent\\Builder->__call('insertGetId', Array)
#6 C:\\xampp\\htdocs\\ArbiterCoffeeShop HUB\\arbiter-backend\\vendor\\laravel\\framework\\src\\Illuminate\\Database\\Eloquent\\Model.php(1401): Illuminate\\Database\\Eloquent\\Model->insertAndSetId(Object(Illuminate\\Database\\Eloquent\\Builder), Array)
#7 C:\\xampp\\htdocs\\ArbiterCoffeeShop HUB\\arbiter-backend\\vendor\\laravel\\framework\\src\\Illuminate\\Database\\Eloquent\\Model.php(1240): Illuminate\\Database\\Eloquent\\Model->performInsert(Object(Illuminate\\Database\\Eloquent\\Builder))
#8 C:\\xampp\\htdocs\\ArbiterCoffeeShop HUB\\arbiter-backend\\vendor\\laravel\\framework\\src\\Illuminate\\Database\\Eloquent\\Builder.php(1219): Illuminate\\Database\\Eloquent\\Model->save()
#9 C:\\xampp\\htdocs\\ArbiterCoffeeShop HUB\\arbiter-backend\\vendor\\laravel\\framework\\src\\Illuminate\\Support\\helpers.php(390): Illuminate\\Database\\Eloquent\\Builder->{closure:Illuminate\\Database\\Eloquent\\Builder::create():1218}(Object(App\\Models\\User))
#10 C:\\xampp\\htdocs\\ArbiterCoffeeShop HUB\\arbiter-backend\\vendor\\laravel\\framework\\src\\Illuminate\\Database\\Eloquent\\Builder.php(1218): tap(Object(App\\Models\\User), Object(Closure))
#11 C:\\xampp\\htdocs\\ArbiterCoffeeShop HUB\\arbiter-backend\\vendor\\laravel\\framework\\src\\Illuminate\\Support\\Traits\\ForwardsCalls.php(23): Illuminate\\Database\\Eloquent\\Builder->create(Array)
#12 C:\\xampp\\htdocs\\ArbiterCoffeeShop HUB\\arbiter-backend\\vendor\\laravel\\framework\\src\\Illuminate\\Database\\Eloquent\\Model.php(2540): Illuminate\\Database\\Eloquent\\Model->forwardCallTo(Object(Illuminate\\Database\\Eloquent\\Builder), 'create', Array)
#13 C:\\xampp\\htdocs\\ArbiterCoffeeShop HUB\\arbiter-backend\\vendor\\laravel\\framework\\src\\Illuminate\\Database\\Eloquent\\Model.php(2556): Illuminate\\Database\\Eloquent\\Model->__call('create', Array)
#14 C:\\xampp\\htdocs\\ArbiterCoffeeShop HUB\\arbiter-backend\\database\\seeders\\DatabaseSeeder.php(32): Illuminate\\Database\\Eloquent\\Model::__callStatic('create', Array)
#15 C:\\xampp\\htdocs\\ArbiterCoffeeShop HUB\\arbiter-backend\\vendor\\laravel\\framework\\src\\Illuminate\\Container\\BoundMethod.php(36): Database\\Seeders\\DatabaseSeeder->run()
#16 C:\\xampp\\htdocs\\ArbiterCoffeeShop HUB\\arbiter-backend\\vendor\\laravel\\framework\\src\\Illuminate\\Container\\Util.php(43): Illuminate\\Container\\BoundMethod::{closure:Illuminate\\Container\\BoundMethod::call():35}()
#17 C:\\xampp\\htdocs\\ArbiterCoffeeShop HUB\\arbiter-backend\\vendor\\laravel\\framework\\src\\Illuminate\\Container\\BoundMethod.php(96): Illuminate\\Container\\Util::unwrapIfClosure(Object(Closure))
#18 C:\\xampp\\htdocs\\ArbiterCoffeeShop HUB\\arbiter-backend\\vendor\\laravel\\framework\\src\\Illuminate\\Container\\BoundMethod.php(35): Illuminate\\Container\\BoundMethod::callBoundMethod(Object(Illuminate\\Foundation\\Application), Array, Object(Closure))
#19 C:\\xampp\\htdocs\\ArbiterCoffeeShop HUB\\arbiter-backend\\vendor\\laravel\\framework\\src\\Illuminate\\Container\\Container.php(836): Illuminate\\Container\\BoundMethod::call(Object(Illuminate\\Foundation\\Application), Array, Array, NULL)
#20 C:\\xampp\\htdocs\\ArbiterCoffeeShop HUB\\arbiter-backend\\vendor\\laravel\\framework\\src\\Illuminate\\Database\\Seeder.php(184): Illuminate\\Container\\Container->call(Array, Array)
#21 C:\\xampp\\htdocs\\ArbiterCoffeeShop HUB\\arbiter-backend\\vendor\\laravel\\framework\\src\\Illuminate\\Database\\Eloquent\\Concerns\\HasEvents.php(454): Illuminate\\Database\\Seeder->{closure:Illuminate\\Database\\Seeder::__invoke():183}()
#22 C:\\xampp\\htdocs\\ArbiterCoffeeShop HUB\\arbiter-backend\\vendor\\laravel\\framework\\src\\Illuminate\\Database\\Console\\Seeds\\WithoutModelEvents.php(17): Illuminate\\Database\\Eloquent\\Model::withoutEvents(Object(Closure))
#23 C:\\xampp\\htdocs\\ArbiterCoffeeShop HUB\\arbiter-backend\\vendor\\laravel\\framework\\src\\Illuminate\\Database\\Seeder.php(193): Database\\Seeders\\DatabaseSeeder->{closure:Illuminate\\Database\\Console\\Seeds\\WithoutModelEvents::withoutModelEvents():17}()
#24 C:\\xampp\\htdocs\\ArbiterCoffeeShop HUB\\arbiter-backend\\vendor\\laravel\\framework\\src\\Illuminate\\Database\\Console\\Seeds\\SeedCommand.php(71): Illuminate\\Database\\Seeder->__invoke()
#25 C:\\xampp\\htdocs\\ArbiterCoffeeShop HUB\\arbiter-backend\\vendor\\laravel\\framework\\src\\Illuminate\\Database\\Eloquent\\Concerns\\GuardsAttributes.php(157): Illuminate\\Database\\Console\\Seeds\\SeedCommand->{closure:Illuminate\\Database\\Console\\Seeds\\SeedCommand::handle():70}()
#26 C:\\xampp\\htdocs\\ArbiterCoffeeShop HUB\\arbiter-backend\\vendor\\laravel\\framework\\src\\Illuminate\\Database\\Console\\Seeds\\SeedCommand.php(70): Illuminate\\Database\\Eloquent\\Model::unguarded(Object(Closure))
#27 C:\\xampp\\htdocs\\ArbiterCoffeeShop HUB\\arbiter-backend\\vendor\\laravel\\framework\\src\\Illuminate\\Container\\BoundMethod.php(36): Illuminate\\Database\\Console\\Seeds\\SeedCommand->handle()
#28 C:\\xampp\\htdocs\\ArbiterCoffeeShop HUB\\arbiter-backend\\vendor\\laravel\\framework\\src\\Illuminate\\Container\\Util.php(43): Illuminate\\Container\\BoundMethod::{closure:Illuminate\\Container\\BoundMethod::call():35}()
#29 C:\\xampp\\htdocs\\ArbiterCoffeeShop HUB\\arbiter-backend\\vendor\\laravel\\framework\\src\\Illuminate\\Container\\BoundMethod.php(96): Illuminate\\Container\\Util::unwrapIfClosure(Object(Closure))
#30 C:\\xampp\\htdocs\\ArbiterCoffeeShop HUB\\arbiter-backend\\vendor\\laravel\\framework\\src\\Illuminate\\Container\\BoundMethod.php(35): Illuminate\\Container\\BoundMethod::callBoundMethod(Object(Illuminate\\Foundation\\Application), Array, Object(Closure))
#31 C:\\xampp\\htdocs\\ArbiterCoffeeShop HUB\\arbiter-backend\\vendor\\laravel\\framework\\src\\Illuminate\\Container\\Container.php(836): Illuminate\\Container\\BoundMethod::call(Object(Illuminate\\Foundation\\Application), Array, Array, NULL)
#32 C:\\xampp\\htdocs\\ArbiterCoffeeShop HUB\\arbiter-backend\\vendor\\laravel\\framework\\src\\Illuminate\\Console\\Command.php(211): Illuminate\\Container\\Container->call(Array)
#33 C:\\xampp\\htdocs\\ArbiterCoffeeShop HUB\\arbiter-backend\\vendor\\symfony\\console\\Command\\Command.php(318): Illuminate\\Console\\Command->execute(Object(Symfony\\Component\\Console\\Input\\ArgvInput), Object(Illuminate\\Console\\OutputStyle))
#34 C:\\xampp\\htdocs\\ArbiterCoffeeShop HUB\\arbiter-backend\\vendor\\laravel\\framework\\src\\Illuminate\\Console\\Command.php(180): Symfony\\Component\\Console\\Command\\Command->run(Object(Symfony\\Component\\Console\\Input\\ArgvInput), Object(Illuminate\\Console\\OutputStyle))
#35 C:\\xampp\\htdocs\\ArbiterCoffeeShop HUB\\arbiter-backend\\vendor\\symfony\\console\\Application.php(1073): Illuminate\\Console\\Command->run(Object(Symfony\\Component\\Console\\Input\\ArgvInput), Object(Symfony\\Component\\Console\\Output\\ConsoleOutput))
#36 C:\\xampp\\htdocs\\ArbiterCoffeeShop HUB\\arbiter-backend\\vendor\\symfony\\console\\Application.php(356): Symfony\\Component\\Console\\Application->doRunCommand(Object(Illuminate\\Database\\Console\\Seeds\\SeedCommand), Object(Symfony\\Component\\Console\\Input\\ArgvInput), Object(Symfony\\Component\\Console\\Output\\ConsoleOutput))
#37 C:\\xampp\\htdocs\\ArbiterCoffeeShop HUB\\arbiter-backend\\vendor\\symfony\\console\\Application.php(195): Symfony\\Component\\Console\\Application->doRun(Object(Symfony\\Component\\Console\\Input\\ArgvInput), Object(Symfony\\Component\\Console\\Output\\ConsoleOutput))
#38 C:\\xampp\\htdocs\\ArbiterCoffeeShop HUB\\arbiter-backend\\vendor\\laravel\\framework\\src\\Illuminate\\Foundation\\Console\\Kernel.php(197): Symfony\\Component\\Console\\Application->run(Object(Symfony\\Component\\Console\\Input\\ArgvInput), Object(Symfony\\Component\\Console\\Output\\ConsoleOutput))
#39 C:\\xampp\\htdocs\\ArbiterCoffeeShop HUB\\arbiter-backend\\vendor\\laravel\\framework\\src\\Illuminate\\Foundation\\Application.php(1235): Illuminate\\Foundation\\Console\\Kernel->handle(Object(Symfony\\Component\\Console\\Input\\ArgvInput), Object(Symfony\\Component\\Console\\Output\\ConsoleOutput))
#40 C:\\xampp\\htdocs\\ArbiterCoffeeShop HUB\\arbiter-backend\\artisan(16): Illuminate\\Foundation\\Application->handleCommand(Object(Symfony\\Component\\Console\\Input\\ArgvInput))
#41 {main}","severity":"critical","request_id":null,"user_id":null,"url":"http://localhost:8000","method":"GET","ip":"127.0.0.1","user_agent":"Symfony","headers":{"host":["localhost:8000"],"user-agent":["Symfony"],"accept":["text/html,application/xhtml+xml,application/xml;q=0.9,*/*;q=0.8"],"accept-language":["en-us,en;q=0.5"],"accept-charset":["ISO-8859-1,utf-8;q=0.7,*;q=0.7"]},"input":[],"session":null,"server_memory":{"peak_usage":6291456,"current_usage":6291456},"timestamp":"2025-12-04T10:30:42.265784Z"} 
[2025-12-04 14:43:16] local.ERROR: Exception occurred {"exception_class":"Illuminate\\Database\\QueryException","message":"SQLSTATE[HY000] [2002] No connection could be made because the target machine actively refused it (Connection: mysql, SQL: select * from `coffee_beans` where `is_featured` = 1 and `coffee_beans`.`deleted_at` is null limit 2)","file":"C:\\xampp\\htdocs\\ArbiterCoffeeShop HUB\\arbiter-backend\\vendor\\laravel\\framework\\src\\Illuminate\\Database\\Connection.php","line":824,"code":2002,"trace":"#0 C:\\xampp\\htdocs\\ArbiterCoffeeShop HUB\\arbiter-backend\\vendor\\laravel\\framework\\src\\Illuminate\\Database\\Connection.php(978): Illuminate\\Database\\Connection->runQueryCallback('select * from `...', Array, Object(Closure))
#1 C:\\xampp\\htdocs\\ArbiterCoffeeShop HUB\\arbiter-backend\\vendor\\laravel\\framework\\src\\Illuminate\\Database\\Connection.php(957): Illuminate\\Database\\Connection->tryAgainIfCausedByLostConnection(Object(Illuminate\\Database\\QueryException), 'select * from `...', Array, Object(Closure))
#2 C:\\xampp\\htdocs\\ArbiterCoffeeShop HUB\\arbiter-backend\\vendor\\laravel\\framework\\src\\Illuminate\\Database\\Connection.php(780): Illuminate\\Database\\Connection->handleQueryException(Object(Illuminate\\Database\\QueryException), 'select * from `...', Array, Object(Closure))
#3 C:\\xampp\\htdocs\\ArbiterCoffeeShop HUB\\arbiter-backend\\vendor\\laravel\\framework\\src\\Illuminate\\Database\\Connection.php(397): Illuminate\\Database\\Connection->run('select * from `...', Array, Object(Closure))
#4 C:\\xampp\\htdocs\\ArbiterCoffeeShop HUB\\arbiter-backend\\vendor\\laravel\\framework\\src\\Illuminate\\Database\\Query\\Builder.php(3188): Illuminate\\Database\\Connection->select('select * from `...', Array, true)
#5 C:\\xampp\\htdocs\\ArbiterCoffeeShop HUB\\arbiter-backend\\vendor\\laravel\\framework\\src\\Illuminate\\Database\\Query\\Builder.php(3173): Illuminate\\Database\\Query\\Builder->runSelect()
#6 C:\\xampp\\htdocs\\ArbiterCoffeeShop HUB\\arbiter-backend\\vendor\\laravel\\framework\\src\\Illuminate\\Database\\Query\\Builder.php(3763): Illuminate\\Database\\Query\\Builder->{closure:Illuminate\\Database\\Query\\Builder::get():3172}()
#7 C:\\xampp\\htdocs\\ArbiterCoffeeShop HUB\\arbiter-backend\\vendor\\laravel\\framework\\src\\Illuminate\\Database\\Query\\Builder.php(3172): Illuminate\\Database\\Query\\Builder->onceWithColumns(Array, Object(Closure))
#8 C:\\xampp\\htdocs\\ArbiterCoffeeShop HUB\\arbiter-backend\\vendor\\laravel\\framework\\src\\Illuminate\\Database\\Eloquent\\Builder.php(902): Illuminate\\Database\\Query\\Builder->get(Array)
#9 C:\\xampp\\htdocs\\ArbiterCoffeeShop HUB\\arbiter-backend\\vendor\\laravel\\framework\\src\\Illuminate\\Database\\Eloquent\\Builder.php(884): Illuminate\\Database\\Eloquent\\Builder->getModels(Array)
#10 C:\\xampp\\htdocs\\ArbiterCoffeeShop HUB\\arbiter-backend\\app\\Http\\Controllers\\Api\\V1\\CoffeeBeanController.php(58): Illuminate\\Database\\Eloquent\\Builder->get()
#11 C:\\xampp\\htdocs\\ArbiterCoffeeShop HUB\\arbiter-backend\\vendor\\laravel\\framework\\src\\Illuminate\\Routing\\ControllerDispatcher.php(46): App\\Http\\Controllers\\Api\\V1\\CoffeeBeanController->featured()
#12 C:\\xampp\\htdocs\\ArbiterCoffeeShop HUB\\arbiter-backend\\vendor\\laravel\\framework\\src\\Illuminate\\Routing\\Route.php(265): Illuminate\\Routing\\ControllerDispatcher->dispatch(Object(Illuminate\\Routing\\Route), Object(App\\Http\\Controllers\\Api\\V1\\CoffeeBeanController), 'featured')
#13 C:\\xampp\\htdocs\\ArbiterCoffeeShop HUB\\arbiter-backend\\vendor\\laravel\\framework\\src\\Illuminate\\Routing\\Route.php(211): Illuminate\\Routing\\Route->runController()
#14 C:\\xampp\\htdocs\\ArbiterCoffeeShop HUB\\arbiter-backend\\vendor\\laravel\\framework\\src\\Illuminate\\Routing\\Router.php(822): Illuminate\\Routing\\Route->run()
#15 C:\\xampp\\htdocs\\ArbiterCoffeeShop HUB\\arbiter-backend\\vendor\\laravel\\framework\\src\\Illuminate\\Pipeline\\Pipeline.php(180): Illuminate\\Routing\\Router->{closure:Illuminate\\Routing\\Router::runRouteWithinStack():821}(Object(Illuminate\\Http\\Request))
#16 C:\\xampp\\htdocs\\ArbiterCoffeeShop HUB\\arbiter-backend\\app\\Http\\Middleware\\CacheResponse.php(49): Illuminate\\Pipeline\\Pipeline->{closure:Illuminate\\Pipeline\\Pipeline::prepareDestination():178}(Object(Illuminate\\Http\\Request))
#17 C:\\xampp\\htdocs\\ArbiterCoffeeShop HUB\\arbiter-backend\\vendor\\laravel\\framework\\src\\Illuminate\\Pipeline\\Pipeline.php(219): App\\Http\\Middleware\\CacheResponse->handle(Object(Illuminate\\Http\\Request), Object(Closure), 300)
#18 C:\\xampp\\htdocs\\ArbiterCoffeeShop HUB\\arbiter-backend\\app\\Http\\Middleware\\SecurityHeaders.php(18): Illuminate\\Pipeline\\Pipeline->{closure:{closure:Illuminate\\Pipeline\\Pipeline::carry():194}:195}(Object(Illuminate\\Http\\Request))
#19 C:\\xampp\\htdocs\\ArbiterCoffeeShop HUB\\arbiter-backend\\vendor\\laravel\\framework\\src\\Illuminate\\Pipeline\\Pipeline.php(219): App\\Http\\Middleware\\SecurityHeaders->handle(Object(Illuminate\\Http\\Request), Object(Closure))
#20 C:\\xampp\\htdocs\\ArbiterCoffeeShop HUB\\arbiter-backend\\app\\Http\\Middleware\\CompressResponse.php(18): Illuminate\\Pipeline\\Pipeline->{closure:{closure:Illuminate\\Pipeline\\Pipeline::carry():194}:195}(Object(Illuminate\\Http\\Request))
#21 C:\\xampp\\htdocs\\ArbiterCoffeeShop HUB\\arbiter-backend\\vendor\\laravel\\framework\\src\\Illuminate\\Pipeline\\Pipeline.php(219): App\\Http\\Middleware\\CompressResponse->handle(Object(Illuminate\\Http\\Request), Object(Closure))
#22 C:\\xampp\\htdocs\\ArbiterCoffeeShop HUB\\arbiter-backend\\app\\Http\\Middleware\\ApiPerformanceMonitor.php(26): Illuminate\\Pipeline\\Pipeline->{closure:{closure:Illuminate\\Pipeline\\Pipeline::carry():194}:195}(Object(Illuminate\\Http\\Request))
#23 C:\\xampp\\htdocs\\ArbiterCoffeeShop HUB\\arbiter-backend\\vendor\\laravel\\framework\\src\\Illuminate\\Pipeline\\Pipeline.php(219): App\\Http\\Middleware\\ApiPerformanceMonitor->handle(Object(Illuminate\\Http\\Request), Object(Closure))
#24 C:\\xampp\\htdocs\\ArbiterCoffeeShop HUB\\arbiter-backend\\vendor\\laravel\\framework\\src\\Illuminate\\Routing\\Middleware\\SubstituteBindings.php(50): Illuminate\\Pipeline\\Pipeline->{closure:{closure:Illuminate\\Pipeline\\Pipeline::carry():194}:195}(Object(Illuminate\\Http\\Request))
#25 C:\\xampp\\htdocs\\ArbiterCoffeeShop HUB\\arbiter-backend\\vendor\\laravel\\framework\\src\\Illuminate\\Pipeline\\Pipeline.php(219): Illuminate\\Routing\\Middleware\\SubstituteBindings->handle(Object(Illuminate\\Http\\Request), Object(Closure))
#26 C:\\xampp\\htdocs\\ArbiterCoffeeShop HUB\\arbiter-backend\\vendor\\laravel\\framework\\src\\Illuminate\\Pipeline\\Pipeline.php(137): Illuminate\\Pipeline\\Pipeline->{closure:{closure:Illuminate\\Pipeline\\Pipeline::carry():194}:195}(Object(Illuminate\\Http\\Request))
#27 C:\\xampp\\htdocs\\ArbiterCoffeeShop HUB\\arbiter-backend\\vendor\\laravel\\framework\\src\\Illuminate\\Routing\\Router.php(821): Illuminate\\Pipeline\\Pipeline->then(Object(Closure))
#28 C:\\xampp\\htdocs\\ArbiterCoffeeShop HUB\\arbiter-backend\\vendor\\laravel\\framework\\src\\Illuminate\\Routing\\Router.php(800): Illuminate\\Routing\\Router->runRouteWithinStack(Object(Illuminate\\Routing\\Route), Object(Illuminate\\Http\\Request))
#29 C:\\xampp\\htdocs\\ArbiterCoffeeShop HUB\\arbiter-backend\\vendor\\laravel\\framework\\src\\Illuminate\\Routing\\Router.php(764): Illuminate\\Routing\\Router->runRoute(Object(Illuminate\\Http\\Request), Object(Illuminate\\Routing\\Route))
#30 C:\\xampp\\htdocs\\ArbiterCoffeeShop HUB\\arbiter-backend\\vendor\\laravel\\framework\\src\\Illuminate\\Routing\\Router.php(753): Illuminate\\Routing\\Router->dispatchToRoute(Object(Illuminate\\Http\\Request))
#31 C:\\xampp\\htdocs\\ArbiterCoffeeShop HUB\\arbiter-backend\\vendor\\laravel\\framework\\src\\Illuminate\\Foundation\\Http\\Kernel.php(200): Illuminate\\Routing\\Router->dispatch(Object(Illuminate\\Http\\Request))
#32 C:\\xampp\\htdocs\\ArbiterCoffeeShop HUB\\arbiter-backend\\vendor\\laravel\\framework\\src\\Illuminate\\Pipeline\\Pipeline.php(180): Illuminate\\Foundation\\Http\\Kernel->{closure:Illuminate\\Foundation\\Http\\Kernel::dispatchToRouter():197}(Object(Illuminate\\Http\\Request))
#33 C:\\xampp\\htdocs\\ArbiterCoffeeShop HUB\\arbiter-backend\\vendor\\barryvdh\\laravel-debugbar\\src\\Middleware\\InjectDebugbar.php(66): Illuminate\\Pipeline\\Pipeline->{closure:Illuminate\\Pipeline\\Pipeline::prepareDestination():178}(Object(Illuminate\\Http\\Request))
#34 C:\\xampp\\htdocs\\ArbiterCoffeeShop HUB\\arbiter-backend\\vendor\\laravel\\framework\\src\\Illuminate\\Pipeline\\Pipeline.php(219): Barryvdh\\Debugbar\\Middleware\\InjectDebugbar->handle(Object(Illuminate\\Http\\Request), Object(Closure))
#35 C:\\xampp\\htdocs\\ArbiterCoffeeShop HUB\\arbiter-backend\\vendor\\laravel\\framework\\src\\Illuminate\\Foundation\\Http\\Middleware\\TransformsRequest.php(21): Illuminate\\Pipeline\\Pipeline->{closure:{closure:Illuminate\\Pipeline\\Pipeline::carry():194}:195}(Object(Illuminate\\Http\\Request))
#36 C:\\xampp\\htdocs\\ArbiterCoffeeShop HUB\\arbiter-backend\\vendor\\laravel\\framework\\src\\Illuminate\\Foundation\\Http\\Middleware\\ConvertEmptyStringsToNull.php(31): Illuminate\\Foundation\\Http\\Middleware\\TransformsRequest->handle(Object(Illuminate\\Http\\Request), Object(Closure))
#37 C:\\xampp\\htdocs\\ArbiterCoffeeShop HUB\\arbiter-backend\\vendor\\laravel\\framework\\src\\Illuminate\\Pipeline\\Pipeline.php(219): Illuminate\\Foundation\\Http\\Middleware\\ConvertEmptyStringsToNull->handle(Object(Illuminate\\Http\\Request), Object(Closure))
#38 C:\\xampp\\htdocs\\ArbiterCoffeeShop HUB\\arbiter-backend\\vendor\\laravel\\framework\\src\\Illuminate\\Foundation\\Http\\Middleware\\TransformsRequest.php(21): Illuminate\\Pipeline\\Pipeline->{closure:{closure:Illuminate\\Pipeline\\Pipeline::carry():194}:195}(Object(Illuminate\\Http\\Request))
#39 C:\\xampp\\htdocs\\ArbiterCoffeeShop HUB\\arbiter-backend\\vendor\\laravel\\framework\\src\\Illuminate\\Foundation\\Http\\Middleware\\TrimStrings.php(51): Illuminate\\Foundation\\Http\\Middleware\\TransformsRequest->handle(Object(Illuminate\\Http\\Request), Object(Closure))
#40 C:\\xampp\\htdocs\\ArbiterCoffeeShop HUB\\arbiter-backend\\vendor\\laravel\\framework\\src\\Illuminate\\Pipeline\\Pipeline.php(219): Illuminate\\Foundation\\Http\\Middleware\\TrimStrings->handle(Object(Illuminate\\Http\\Request), Object(Closure))
#41 C:\\xampp\\htdocs\\ArbiterCoffeeShop HUB\\arbiter-backend\\vendor\\laravel\\framework\\src\\Illuminate\\Http\\Middleware\\ValidatePostSize.php(27): Illuminate\\Pipeline\\Pipeline->{closure:{closure:Illuminate\\Pipeline\\Pipeline::carry():194}:195}(Object(Illuminate\\Http\\Request))
#42 C:\\xampp\\htdocs\\ArbiterCoffeeShop HUB\\arbiter-backend\\vendor\\laravel\\framework\\src\\Illuminate\\Pipeline\\Pipeline.php(219): Illuminate\\Http\\Middleware\\ValidatePostSize->handle(Object(Illuminate\\Http\\Request), Object(Closure))
#43 C:\\xampp\\htdocs\\ArbiterCoffeeShop HUB\\arbiter-backend\\vendor\\laravel\\framework\\src\\Illuminate\\Foundation\\Http\\Middleware\\PreventRequestsDuringMaintenance.php(109): Illuminate\\Pipeline\\Pipeline->{closure:{closure:Illuminate\\Pipeline\\Pipeline::carry():194}:195}(Object(Illuminate\\Http\\Request))
#44 C:\\xampp\\htdocs\\ArbiterCoffeeShop HUB\\arbiter-backend\\vendor\\laravel\\framework\\src\\Illuminate\\Pipeline\\Pipeline.php(219): Illuminate\\Foundation\\Http\\Middleware\\PreventRequestsDuringMaintenance->handle(Object(Illuminate\\Http\\Request), Object(Closure))
#45 C:\\xampp\\htdocs\\ArbiterCoffeeShop HUB\\arbiter-backend\\vendor\\laravel\\framework\\src\\Illuminate\\Http\\Middleware\\HandleCors.php(61): Illuminate\\Pipeline\\Pipeline->{closure:{closure:Illuminate\\Pipeline\\Pipeline::carry():194}:195}(Object(Illuminate\\Http\\Request))
#46 C:\\xampp\\htdocs\\ArbiterCoffeeShop HUB\\arbiter-backend\\vendor\\laravel\\framework\\src\\Illuminate\\Pipeline\\Pipeline.php(219): Illuminate\\Http\\Middleware\\HandleCors->handle(Object(Illuminate\\Http\\Request), Object(Closure))
#47 C:\\xampp\\htdocs\\ArbiterCoffeeShop HUB\\arbiter-backend\\vendor\\laravel\\framework\\src\\Illuminate\\Http\\Middleware\\TrustProxies.php(58): Illuminate\\Pipeline\\Pipeline->{closure:{closure:Illuminate\\Pipeline\\Pipeline::carry():194}:195}(Object(Illuminate\\Http\\Request))
#48 C:\\xampp\\htdocs\\ArbiterCoffeeShop HUB\\arbiter-backend\\vendor\\laravel\\framework\\src\\Illuminate\\Pipeline\\Pipeline.php(219): Illuminate\\Http\\Middleware\\TrustProxies->handle(Object(Illuminate\\Http\\Request), Object(Closure))
#49 C:\\xampp\\htdocs\\ArbiterCoffeeShop HUB\\arbiter-backend\\vendor\\laravel\\framework\\src\\Illuminate\\Foundation\\Http\\Middleware\\InvokeDeferredCallbacks.php(22): Illuminate\\Pipeline\\Pipeline->{closure:{closure:Illuminate\\Pipeline\\Pipeline::carry():194}:195}(Object(Illuminate\\Http\\Request))
#50 C:\\xampp\\htdocs\\ArbiterCoffeeShop HUB\\arbiter-backend\\vendor\\laravel\\framework\\src\\Illuminate\\Pipeline\\Pipeline.php(219): Illuminate\\Foundation\\Http\\Middleware\\InvokeDeferredCallbacks->handle(Object(Illuminate\\Http\\Request), Object(Closure))
#51 C:\\xampp\\htdocs\\ArbiterCoffeeShop HUB\\arbiter-backend\\vendor\\laravel\\framework\\src\\Illuminate\\Http\\Middleware\\ValidatePathEncoding.php(26): Illuminate\\Pipeline\\Pipeline->{closure:{closure:Illuminate\\Pipeline\\Pipeline::carry():194}:195}(Object(Illuminate\\Http\\Request))
#52 C:\\xampp\\htdocs\\ArbiterCoffeeShop HUB\\arbiter-backend\\vendor\\laravel\\framework\\src\\Illuminate\\Pipeline\\Pipeline.php(219): Illuminate\\Http\\Middleware\\ValidatePathEncoding->handle(Object(Illuminate\\Http\\Request), Object(Closure))
#53 C:\\xampp\\htdocs\\ArbiterCoffeeShop HUB\\arbiter-backend\\vendor\\laravel\\framework\\src\\Illuminate\\Pipeline\\Pipeline.php(137): Illuminate\\Pipeline\\Pipeline->{closure:{closure:Illuminate\\Pipeline\\Pipeline::carry():194}:195}(Object(Illuminate\\Http\\Request))
#54 C:\\xampp\\htdocs\\ArbiterCoffeeShop HUB\\arbiter-backend\\vendor\\laravel\\framework\\src\\Illuminate\\Foundation\\Http\\Kernel.php(175): Illuminate\\Pipeline\\Pipeline->then(Object(Closure))
#55 C:\\xampp\\htdocs\\ArbiterCoffeeShop HUB\\arbiter-backend\\vendor\\laravel\\framework\\src\\Illuminate\\Foundation\\Http\\Kernel.php(144): Illuminate\\Foundation\\Http\\Kernel->sendRequestThroughRouter(Object(Illuminate\\Http\\Request))
#56 C:\\xampp\\htdocs\\ArbiterCoffeeShop HUB\\arbiter-backend\\vendor\\laravel\\framework\\src\\Illuminate\\Foundation\\Application.php(1220): Illuminate\\Foundation\\Http\\Kernel->handle(Object(Illuminate\\Http\\Request))
#57 C:\\xampp\\htdocs\\ArbiterCoffeeShop HUB\\arbiter-backend\\public\\index.php(20): Illuminate\\Foundation\\Application->handleRequest(Object(Illuminate\\Http\\Request))
#58 C:\\xampp\\htdocs\\ArbiterCoffeeShop HUB\\arbiter-backend\\vendor\\laravel\\framework\\src\\Illuminate\\Foundation\\resources\\server.php(23): require_once('C:\\\\xampp\\\\htdocs...')
#59 {main}","severity":"critical","request_id":null,"user_id":null,"url":"http://localhost:8000/api/v1/coffee-beans/featured","method":"GET","ip":"127.0.0.1","user_agent":"Mozilla/5.0 (Windows NT 10.0; Win64; x64) AppleWebKit/537.36 (KHTML, like Gecko) Chrome/142.0.0.0 Safari/537.36 Edg/142.0.0.0","headers":{"host":["localhost:8000"],"connection":["keep-alive"],"sec-ch-ua-platform":["\"Windows\""],"cache-control":["max-age=300"],"sec-ch-ua":["\"Chromium\";v=\"142\", \"Microsoft Edge\";v=\"142\", \"Not_A Brand\";v=\"99\""],"sec-ch-ua-mobile":["?0"],"user-agent":["Mozilla/5.0 (Windows NT 10.0; Win64; x64) AppleWebKit/537.36 (KHTML, like Gecko) Chrome/142.0.0.0 Safari/537.36 Edg/142.0.0.0"],"accept":["application/json"],"dnt":["1"],"x-cache-strategy":["advanced"],"origin":["http://localhost:3000"],"sec-fetch-site":["same-site"],"sec-fetch-mode":["cors"],"sec-fetch-dest":["empty"],"referer":["http://localhost:3000/"],"accept-encoding":["gzip, deflate, br, zstd"],"accept-language":["en-US,en;q=0.9,da;q=0.8"]},"input":[],"session":null,"server_memory":{"peak_usage":6291456,"current_usage":6291456},"timestamp":"2025-12-04T14:43:16.748604Z"} 
[2025-12-04 14:43:16] local.ERROR: SQLSTATE[HY000] [2002] No connection could be made because the target machine actively refused it (Connection: mysql, SQL: select * from `coffee_beans` where `is_featured` = 1 and `coffee_beans`.`deleted_at` is null limit 2) {"exception":"Illuminate\\Database\\QueryException","status_code":500,"error_type":"api_error","severity":"high","request_id":null,"user_id":null,"method":"GET","url":"http://localhost:8000/api/v1/coffee-beans/featured","ip":"127.0.0.1"} 
[2025-12-04 14:43:16] local.ERROR: API Server Error {"request_id":"req_69319dfc783147.07844681","timestamp":"2025-12-04 14:43:16","method":"GET","endpoint":"api/v1/coffee-beans/featured","route":null,"execution_time_ms":8293.29,"memory_kb":1438.37,"status_code":500,"user_id":null,"ip":"127.0.0.1","user_agent":"Mozilla/5.0 (Windows NT 10.0; Win64; x64) AppleWebKit/537.36 (KHTML, like Gecko) Chrome/142.0.0.0 Safari/537.36 Edg/142.0.0.0","error_type":"server_error","severity":"high"} 
[2025-12-04 15:06:41] testing.ERROR: API Server Error {"request_id":"req_6931a38168ed92.32361838","timestamp":"2025-12-04 15:06:41","method":"POST","endpoint":"api/v1/ml/recommendations","route":null,"execution_time_ms":1.94,"memory_kb":37.66,"status_code":500,"user_id":90,"ip":"127.0.0.1","user_agent":"Symfony","error_type":"server_error","severity":"high"} 
[2025-12-04 15:09:14] testing.ERROR: API Server Error {"request_id":"req_6931a41ac4eee4.24116577","timestamp":"2025-12-04 15:09:14","method":"POST","endpoint":"api/v1/ml/recommendations","route":null,"execution_time_ms":4.73,"memory_kb":58.31,"status_code":500,"user_id":94,"ip":"127.0.0.1","user_agent":"Symfony","error_type":"server_error","severity":"high"} 
[2025-12-04 16:18:11] local.ERROR: Exception occurred {"exception_class":"Illuminate\\Database\\QueryException","message":"SQLSTATE[HY000]: General error: 1 near \"SHOW\": syntax error (Connection: sqlite, SQL: SHOW INDEX FROM orders WHERE Key_name = 'idx_orders_status_created')","file":"C:\\xampp\\htdocs\\ArbiterCoffeeShop HUB\\services\\backend\\vendor\\laravel\\framework\\src\\Illuminate\\Database\\Connection.php","line":824,"code":"HY000","trace":"#0 C:\\xampp\\htdocs\\ArbiterCoffeeShop HUB\\services\\backend\\vendor\\laravel\\framework\\src\\Illuminate\\Database\\Connection.php(778): Illuminate\\Database\\Connection->runQueryCallback('SHOW INDEX FROM...', Array, Object(Closure))
#1 C:\\xampp\\htdocs\\ArbiterCoffeeShop HUB\\services\\backend\\vendor\\laravel\\framework\\src\\Illuminate\\Database\\Connection.php(397): Illuminate\\Database\\Connection->run('SHOW INDEX FROM...', Array, Object(Closure))
#2 C:\\xampp\\htdocs\\ArbiterCoffeeShop HUB\\services\\backend\\vendor\\laravel\\framework\\src\\Illuminate\\Database\\DatabaseManager.php(489): Illuminate\\Database\\Connection->select('SHOW INDEX FROM...')
#3 C:\\xampp\\htdocs\\ArbiterCoffeeShop HUB\\services\\backend\\vendor\\laravel\\framework\\src\\Illuminate\\Support\\Facades\\Facade.php(363): Illuminate\\Database\\DatabaseManager->__call('select', Array)
#4 C:\\xampp\\htdocs\\ArbiterCoffeeShop HUB\\services\\backend\\database\\migrations\\2025_11_28_152238_add_performance_indexes.php(18): Illuminate\\Support\\Facades\\Facade::__callStatic('select', Array)
#5 C:\\xampp\\htdocs\\ArbiterCoffeeShop HUB\\services\\backend\\vendor\\laravel\\framework\\src\\Illuminate\\Database\\Schema\\Blueprint.php(109): Illuminate\\Database\\Migrations\\Migration@anonymous->{closure:Illuminate\\Database\\Migrations\\Migration@anonymous(Object(Illuminate\\Database\\Schema\\Blueprint))
#6 [internal function]: Illuminate\\Database\\Schema\\Blueprint->__construct(Object(Illuminate\\Database\\SQLiteConnection), 'orders', Object(Closure))
#7 C:\\xampp\\htdocs\\ArbiterCoffeeShop HUB\\services\\backend\\vendor\\laravel\\framework\\src\\Illuminate\\Container\\Container.php(1211): ReflectionClass->newInstanceArgs(Array)
#8 C:\\xampp\\htdocs\\ArbiterCoffeeShop HUB\\services\\backend\\vendor\\laravel\\framework\\src\\Illuminate\\Container\\Container.php(972): Illuminate\\Container\\Container->build('Illuminate\\\\Data...')
#9 C:\\xampp\\htdocs\\ArbiterCoffeeShop HUB\\services\\backend\\vendor\\laravel\\framework\\src\\Illuminate\\Foundation\\Application.php(1078): Illuminate\\Container\\Container->resolve('Illuminate\\\\Data...', Array, true)
#10 C:\\xampp\\htdocs\\ArbiterCoffeeShop HUB\\services\\backend\\vendor\\laravel\\framework\\src\\Illuminate\\Container\\Container.php(903): Illuminate\\Foundation\\Application->resolve('Illuminate\\\\Data...', Array)
#11 C:\\xampp\\htdocs\\ArbiterCoffeeShop HUB\\services\\backend\\vendor\\laravel\\framework\\src\\Illuminate\\Foundation\\Application.php(1058): Illuminate\\Container\\Container->make('Illuminate\\\\Data...', Array)
#12 C:\\xampp\\htdocs\\ArbiterCoffeeShop HUB\\services\\backend\\vendor\\laravel\\framework\\src\\Illuminate\\Database\\Schema\\Builder.php(636): Illuminate\\Foundation\\Application->make('Illuminate\\\\Data...', Array)
#13 C:\\xampp\\htdocs\\ArbiterCoffeeShop HUB\\services\\backend\\vendor\\laravel\\framework\\src\\Illuminate\\Database\\Schema\\Builder.php(460): Illuminate\\Database\\Schema\\Builder->createBlueprint('orders', Object(Closure))
#14 C:\\xampp\\htdocs\\ArbiterCoffeeShop HUB\\services\\backend\\vendor\\laravel\\framework\\src\\Illuminate\\Support\\Facades\\Facade.php(363): Illuminate\\Database\\Schema\\Builder->table('orders', Object(Closure))
#15 C:\\xampp\\htdocs\\ArbiterCoffeeShop HUB\\services\\backend\\database\\migrations\\2025_11_28_152238_add_performance_indexes.php(16): Illuminate\\Support\\Facades\\Facade::__callStatic('table', Array)
#16 C:\\xampp\\htdocs\\ArbiterCoffeeShop HUB\\services\\backend\\vendor\\laravel\\framework\\src\\Illuminate\\Database\\Migrations\\Migrator.php(514): Illuminate\\Database\\Migrations\\Migration@anonymous->up()
#17 C:\\xampp\\htdocs\\ArbiterCoffeeShop HUB\\services\\backend\\vendor\\laravel\\framework\\src\\Illuminate\\Database\\Migrations\\Migrator.php(439): Illuminate\\Database\\Migrations\\Migrator->runMethod(Object(Illuminate\\Database\\SQLiteConnection), Object(Illuminate\\Database\\Migrations\\Migration@anonymous), 'up')
#18 C:\\xampp\\htdocs\\ArbiterCoffeeShop HUB\\services\\backend\\vendor\\laravel\\framework\\src\\Illuminate\\Database\\Migrations\\Migrator.php(448): Illuminate\\Database\\Migrations\\Migrator->{closure:Illuminate\\Database\\Migrations\\Migrator::runMigration():435}()
#19 C:\\xampp\\htdocs\\ArbiterCoffeeShop HUB\\services\\backend\\vendor\\laravel\\framework\\src\\Illuminate\\Database\\Migrations\\Migrator.php(250): Illuminate\\Database\\Migrations\\Migrator->runMigration(Object(Illuminate\\Database\\Migrations\\Migration@anonymous), 'up')
#20 C:\\xampp\\htdocs\\ArbiterCoffeeShop HUB\\services\\backend\\vendor\\laravel\\framework\\src\\Illuminate\\Console\\View\\Components\\Task.php(41): Illuminate\\Database\\Migrations\\Migrator->{closure:Illuminate\\Database\\Migrations\\Migrator::runUp():250}()
#21 C:\\xampp\\htdocs\\ArbiterCoffeeShop HUB\\services\\backend\\vendor\\laravel\\framework\\src\\Illuminate\\Database\\Migrations\\Migrator.php(809): Illuminate\\Console\\View\\Components\\Task->render('2025_11_28_1522...', Object(Closure))
#22 C:\\xampp\\htdocs\\ArbiterCoffeeShop HUB\\services\\backend\\vendor\\laravel\\framework\\src\\Illuminate\\Database\\Migrations\\Migrator.php(250): Illuminate\\Database\\Migrations\\Migrator->write('Illuminate\\\\Cons...', '2025_11_28_1522...', Object(Closure))
#23 C:\\xampp\\htdocs\\ArbiterCoffeeShop HUB\\services\\backend\\vendor\\laravel\\framework\\src\\Illuminate\\Database\\Migrations\\Migrator.php(210): Illuminate\\Database\\Migrations\\Migrator->runUp('C:\\\\xampp\\\\htdocs...', 1, false)
#24 C:\\xampp\\htdocs\\ArbiterCoffeeShop HUB\\services\\backend\\vendor\\laravel\\framework\\src\\Illuminate\\Database\\Migrations\\Migrator.php(137): Illuminate\\Database\\Migrations\\Migrator->runPending(Array, Array)
#25 C:\\xampp\\htdocs\\ArbiterCoffeeShop HUB\\services\\backend\\vendor\\laravel\\framework\\src\\Illuminate\\Database\\Console\\Migrations\\MigrateCommand.php(116): Illuminate\\Database\\Migrations\\Migrator->run(Array, Array)
#26 C:\\xampp\\htdocs\\ArbiterCoffeeShop HUB\\services\\backend\\vendor\\laravel\\framework\\src\\Illuminate\\Database\\Migrations\\Migrator.php(666): Illuminate\\Database\\Console\\Migrations\\MigrateCommand->{closure:Illuminate\\Database\\Console\\Migrations\\MigrateCommand::runMigrations():109}()
#27 C:\\xampp\\htdocs\\ArbiterCoffeeShop HUB\\services\\backend\\vendor\\laravel\\framework\\src\\Illuminate\\Database\\Console\\Migrations\\MigrateCommand.php(109): Illuminate\\Database\\Migrations\\Migrator->usingConnection(NULL, Object(Closure))
#28 C:\\xampp\\htdocs\\ArbiterCoffeeShop HUB\\services\\backend\\vendor\\laravel\\framework\\src\\Illuminate\\Database\\Console\\Migrations\\MigrateCommand.php(88): Illuminate\\Database\\Console\\Migrations\\MigrateCommand->runMigrations()
#29 C:\\xampp\\htdocs\\ArbiterCoffeeShop HUB\\services\\backend\\vendor\\laravel\\framework\\src\\Illuminate\\Container\\BoundMethod.php(36): Illuminate\\Database\\Console\\Migrations\\MigrateCommand->handle()
#30 C:\\xampp\\htdocs\\ArbiterCoffeeShop HUB\\services\\backend\\vendor\\laravel\\framework\\src\\Illuminate\\Container\\Util.php(43): Illuminate\\Container\\BoundMethod::{closure:Illuminate\\Container\\BoundMethod::call():35}()
#31 C:\\xampp\\htdocs\\ArbiterCoffeeShop HUB\\services\\backend\\vendor\\laravel\\framework\\src\\Illuminate\\Container\\BoundMethod.php(96): Illuminate\\Container\\Util::unwrapIfClosure(Object(Closure))
#32 C:\\xampp\\htdocs\\ArbiterCoffeeShop HUB\\services\\backend\\vendor\\laravel\\framework\\src\\Illuminate\\Container\\BoundMethod.php(35): Illuminate\\Container\\BoundMethod::callBoundMethod(Object(Illuminate\\Foundation\\Application), Array, Object(Closure))
#33 C:\\xampp\\htdocs\\ArbiterCoffeeShop HUB\\services\\backend\\vendor\\laravel\\framework\\src\\Illuminate\\Container\\Container.php(836): Illuminate\\Container\\BoundMethod::call(Object(Illuminate\\Foundation\\Application), Array, Array, NULL)
#34 C:\\xampp\\htdocs\\ArbiterCoffeeShop HUB\\services\\backend\\vendor\\laravel\\framework\\src\\Illuminate\\Console\\Command.php(211): Illuminate\\Container\\Container->call(Array)
#35 C:\\xampp\\htdocs\\ArbiterCoffeeShop HUB\\services\\backend\\vendor\\symfony\\console\\Command\\Command.php(318): Illuminate\\Console\\Command->execute(Object(Symfony\\Component\\Console\\Input\\ArgvInput), Object(Illuminate\\Console\\OutputStyle))
#36 C:\\xampp\\htdocs\\ArbiterCoffeeShop HUB\\services\\backend\\vendor\\laravel\\framework\\src\\Illuminate\\Console\\Command.php(180): Symfony\\Component\\Console\\Command\\Command->run(Object(Symfony\\Component\\Console\\Input\\ArgvInput), Object(Illuminate\\Console\\OutputStyle))
#37 C:\\xampp\\htdocs\\ArbiterCoffeeShop HUB\\services\\backend\\vendor\\symfony\\console\\Application.php(1073): Illuminate\\Console\\Command->run(Object(Symfony\\Component\\Console\\Input\\ArgvInput), Object(Symfony\\Component\\Console\\Output\\ConsoleOutput))
#38 C:\\xampp\\htdocs\\ArbiterCoffeeShop HUB\\services\\backend\\vendor\\symfony\\console\\Application.php(356): Symfony\\Component\\Console\\Application->doRunCommand(Object(Illuminate\\Database\\Console\\Migrations\\MigrateCommand), Object(Symfony\\Component\\Console\\Input\\ArgvInput), Object(Symfony\\Component\\Console\\Output\\ConsoleOutput))
#39 C:\\xampp\\htdocs\\ArbiterCoffeeShop HUB\\services\\backend\\vendor\\symfony\\console\\Application.php(195): Symfony\\Component\\Console\\Application->doRun(Object(Symfony\\Component\\Console\\Input\\ArgvInput), Object(Symfony\\Component\\Console\\Output\\ConsoleOutput))
#40 C:\\xampp\\htdocs\\ArbiterCoffeeShop HUB\\services\\backend\\vendor\\laravel\\framework\\src\\Illuminate\\Foundation\\Console\\Kernel.php(197): Symfony\\Component\\Console\\Application->run(Object(Symfony\\Component\\Console\\Input\\ArgvInput), Object(Symfony\\Component\\Console\\Output\\ConsoleOutput))
#41 C:\\xampp\\htdocs\\ArbiterCoffeeShop HUB\\services\\backend\\vendor\\laravel\\framework\\src\\Illuminate\\Foundation\\Application.php(1235): Illuminate\\Foundation\\Console\\Kernel->handle(Object(Symfony\\Component\\Console\\Input\\ArgvInput), Object(Symfony\\Component\\Console\\Output\\ConsoleOutput))
#42 C:\\xampp\\htdocs\\ArbiterCoffeeShop HUB\\services\\backend\\artisan(16): Illuminate\\Foundation\\Application->handleCommand(Object(Symfony\\Component\\Console\\Input\\ArgvInput))
#43 {main}","severity":"critical","request_id":null,"user_id":null,"url":"http://localhost","method":"GET","ip":"127.0.0.1","user_agent":"Symfony","headers":{"host":["localhost"],"user-agent":["Symfony"],"accept":["text/html,application/xhtml+xml,application/xml;q=0.9,*/*;q=0.8"],"accept-language":["en-us,en;q=0.5"],"accept-charset":["ISO-8859-1,utf-8;q=0.7,*;q=0.7"]},"input":[],"session":null,"server_memory":{"peak_usage":6291456,"current_usage":6291456},"timestamp":"2025-12-04T16:18:11.606035Z"} 
