[2025-12-02 00:55:40] local.ERROR: Exception occurred {"exception_class":"Illuminate\\Database\\QueryException","message":"SQLSTATE[42000]: Syntax error or access violation: 1061 Duplicate key name 'orders_status_created_at_index' (Connection: mysql, SQL: alter table `orders` add index `orders_status_created_at_index`(`status`, `created_at`))","file":"C:\\xampp\\htdocs\\ArbiterCoffeeShop HUB\\arbiter-backend\\vendor\\laravel\\framework\\src\\Illuminate\\Database\\Connection.php","line":824,"code":"42000","trace":"#0 C:\\xampp\\htdocs\\ArbiterCoffeeShop HUB\\arbiter-backend\\vendor\\laravel\\framework\\src\\Illuminate\\Database\\Connection.php(778): Illuminate\\Database\\Connection->runQueryCallback('alter table `or...', Array, Object(Closure))
#1 C:\\xampp\\htdocs\\ArbiterCoffeeShop HUB\\arbiter-backend\\vendor\\laravel\\framework\\src\\Illuminate\\Database\\Connection.php(559): Illuminate\\Database\\Connection->run('alter table `or...', Array, Object(Closure))
#2 C:\\xampp\\htdocs\\ArbiterCoffeeShop HUB\\arbiter-backend\\vendor\\laravel\\framework\\src\\Illuminate\\Database\\Schema\\Blueprint.php(121): Illuminate\\Database\\Connection->statement('alter table `or...')
#3 C:\\xampp\\htdocs\\ArbiterCoffeeShop HUB\\arbiter-backend\\vendor\\laravel\\framework\\src\\Illuminate\\Database\\Schema\\Builder.php(618): Illuminate\\Database\\Schema\\Blueprint->build()
#4 C:\\xampp\\htdocs\\ArbiterCoffeeShop HUB\\arbiter-backend\\vendor\\laravel\\framework\\src\\Illuminate\\Database\\Schema\\Builder.php(460): Illuminate\\Database\\Schema\\Builder->build(Object(Illuminate\\Database\\Schema\\Blueprint))
#5 C:\\xampp\\htdocs\\ArbiterCoffeeShop HUB\\arbiter-backend\\vendor\\laravel\\framework\\src\\Illuminate\\Support\\Facades\\Facade.php(363): Illuminate\\Database\\Schema\\Builder->table('orders', Object(Closure))
#6 C:\\xampp\\htdocs\\ArbiterCoffeeShop HUB\\arbiter-backend\\database\\migrations\\2025_12_01_064256_add_performance_indexes.php(14): Illuminate\\Support\\Facades\\Facade::__callStatic('table', Array)
#7 C:\\xampp\\htdocs\\ArbiterCoffeeShop HUB\\arbiter-backend\\vendor\\laravel\\framework\\src\\Illuminate\\Database\\Migrations\\Migrator.php(514): Illuminate\\Database\\Migrations\\Migration@anonymous->up()
#8 C:\\xampp\\htdocs\\ArbiterCoffeeShop HUB\\arbiter-backend\\vendor\\laravel\\framework\\src\\Illuminate\\Database\\Migrations\\Migrator.php(439): Illuminate\\Database\\Migrations\\Migrator->runMethod(Object(Illuminate\\Database\\MySqlConnection), Object(Illuminate\\Database\\Migrations\\Migration@anonymous), 'up')
#9 C:\\xampp\\htdocs\\ArbiterCoffeeShop HUB\\arbiter-backend\\vendor\\laravel\\framework\\src\\Illuminate\\Database\\Migrations\\Migrator.php(448): Illuminate\\Database\\Migrations\\Migrator->{closure:Illuminate\\Database\\Migrations\\Migrator::runMigration():435}()
#10 C:\\xampp\\htdocs\\ArbiterCoffeeShop HUB\\arbiter-backend\\vendor\\laravel\\framework\\src\\Illuminate\\Database\\Migrations\\Migrator.php(250): Illuminate\\Database\\Migrations\\Migrator->runMigration(Object(Illuminate\\Database\\Migrations\\Migration@anonymous), 'up')
#11 C:\\xampp\\htdocs\\ArbiterCoffeeShop HUB\\arbiter-backend\\vendor\\laravel\\framework\\src\\Illuminate\\Console\\View\\Components\\Task.php(41): Illuminate\\Database\\Migrations\\Migrator->{closure:Illuminate\\Database\\Migrations\\Migrator::runUp():250}()
#12 C:\\xampp\\htdocs\\ArbiterCoffeeShop HUB\\arbiter-backend\\vendor\\laravel\\framework\\src\\Illuminate\\Database\\Migrations\\Migrator.php(809): Illuminate\\Console\\View\\Components\\Task->render('2025_12_01_0642...', Object(Closure))
#13 C:\\xampp\\htdocs\\ArbiterCoffeeShop HUB\\arbiter-backend\\vendor\\laravel\\framework\\src\\Illuminate\\Database\\Migrations\\Migrator.php(250): Illuminate\\Database\\Migrations\\Migrator->write('Illuminate\\\\Cons...', '2025_12_01_0642...', Object(Closure))
#14 C:\\xampp\\htdocs\\ArbiterCoffeeShop HUB\\arbiter-backend\\vendor\\laravel\\framework\\src\\Illuminate\\Database\\Migrations\\Migrator.php(210): Illuminate\\Database\\Migrations\\Migrator->runUp('C:\\\\xampp\\\\htdocs...', 3, false)
#15 C:\\xampp\\htdocs\\ArbiterCoffeeShop HUB\\arbiter-backend\\vendor\\laravel\\framework\\src\\Illuminate\\Database\\Migrations\\Migrator.php(137): Illuminate\\Database\\Migrations\\Migrator->runPending(Array, Array)
#16 C:\\xampp\\htdocs\\ArbiterCoffeeShop HUB\\arbiter-backend\\vendor\\laravel\\framework\\src\\Illuminate\\Database\\Console\\Migrations\\MigrateCommand.php(116): Illuminate\\Database\\Migrations\\Migrator->run(Array, Array)
#17 C:\\xampp\\htdocs\\ArbiterCoffeeShop HUB\\arbiter-backend\\vendor\\laravel\\framework\\src\\Illuminate\\Database\\Migrations\\Migrator.php(666): Illuminate\\Database\\Console\\Migrations\\MigrateCommand->{closure:Illuminate\\Database\\Console\\Migrations\\MigrateCommand::runMigrations():109}()
#18 C:\\xampp\\htdocs\\ArbiterCoffeeShop HUB\\arbiter-backend\\vendor\\laravel\\framework\\src\\Illuminate\\Database\\Console\\Migrations\\MigrateCommand.php(109): Illuminate\\Database\\Migrations\\Migrator->usingConnection(NULL, Object(Closure))
#19 C:\\xampp\\htdocs\\ArbiterCoffeeShop HUB\\arbiter-backend\\vendor\\laravel\\framework\\src\\Illuminate\\Database\\Console\\Migrations\\MigrateCommand.php(88): Illuminate\\Database\\Console\\Migrations\\MigrateCommand->runMigrations()
#20 C:\\xampp\\htdocs\\ArbiterCoffeeShop HUB\\arbiter-backend\\vendor\\laravel\\framework\\src\\Illuminate\\Container\\BoundMethod.php(36): Illuminate\\Database\\Console\\Migrations\\MigrateCommand->handle()
#21 C:\\xampp\\htdocs\\ArbiterCoffeeShop HUB\\arbiter-backend\\vendor\\laravel\\framework\\src\\Illuminate\\Container\\Util.php(43): Illuminate\\Container\\BoundMethod::{closure:Illuminate\\Container\\BoundMethod::call():35}()
#22 C:\\xampp\\htdocs\\ArbiterCoffeeShop HUB\\arbiter-backend\\vendor\\laravel\\framework\\src\\Illuminate\\Container\\BoundMethod.php(96): Illuminate\\Container\\Util::unwrapIfClosure(Object(Closure))
#23 C:\\xampp\\htdocs\\ArbiterCoffeeShop HUB\\arbiter-backend\\vendor\\laravel\\framework\\src\\Illuminate\\Container\\BoundMethod.php(35): Illuminate\\Container\\BoundMethod::callBoundMethod(Object(Illuminate\\Foundation\\Application), Array, Object(Closure))
#24 C:\\xampp\\htdocs\\ArbiterCoffeeShop HUB\\arbiter-backend\\vendor\\laravel\\framework\\src\\Illuminate\\Container\\Container.php(836): Illuminate\\Container\\BoundMethod::call(Object(Illuminate\\Foundation\\Application), Array, Array, NULL)
#25 C:\\xampp\\htdocs\\ArbiterCoffeeShop HUB\\arbiter-backend\\vendor\\laravel\\framework\\src\\Illuminate\\Console\\Command.php(211): Illuminate\\Container\\Container->call(Array)
#26 C:\\xampp\\htdocs\\ArbiterCoffeeShop HUB\\arbiter-backend\\vendor\\symfony\\console\\Command\\Command.php(318): Illuminate\\Console\\Command->execute(Object(Symfony\\Component\\Console\\Input\\ArgvInput), Object(Illuminate\\Console\\OutputStyle))
#27 C:\\xampp\\htdocs\\ArbiterCoffeeShop HUB\\arbiter-backend\\vendor\\laravel\\framework\\src\\Illuminate\\Console\\Command.php(180): Symfony\\Component\\Console\\Command\\Command->run(Object(Symfony\\Component\\Console\\Input\\ArgvInput), Object(Illuminate\\Console\\OutputStyle))
#28 C:\\xampp\\htdocs\\ArbiterCoffeeShop HUB\\arbiter-backend\\vendor\\symfony\\console\\Application.php(1073): Illuminate\\Console\\Command->run(Object(Symfony\\Component\\Console\\Input\\ArgvInput), Object(Symfony\\Component\\Console\\Output\\ConsoleOutput))
#29 C:\\xampp\\htdocs\\ArbiterCoffeeShop HUB\\arbiter-backend\\vendor\\symfony\\console\\Application.php(356): Symfony\\Component\\Console\\Application->doRunCommand(Object(Illuminate\\Database\\Console\\Migrations\\MigrateCommand), Object(Symfony\\Component\\Console\\Input\\ArgvInput), Object(Symfony\\Component\\Console\\Output\\ConsoleOutput))
#30 C:\\xampp\\htdocs\\ArbiterCoffeeShop HUB\\arbiter-backend\\vendor\\symfony\\console\\Application.php(195): Symfony\\Component\\Console\\Application->doRun(Object(Symfony\\Component\\Console\\Input\\ArgvInput), Object(Symfony\\Component\\Console\\Output\\ConsoleOutput))
#31 C:\\xampp\\htdocs\\ArbiterCoffeeShop HUB\\arbiter-backend\\vendor\\laravel\\framework\\src\\Illuminate\\Foundation\\Console\\Kernel.php(197): Symfony\\Component\\Console\\Application->run(Object(Symfony\\Component\\Console\\Input\\ArgvInput), Object(Symfony\\Component\\Console\\Output\\ConsoleOutput))
#32 C:\\xampp\\htdocs\\ArbiterCoffeeShop HUB\\arbiter-backend\\vendor\\laravel\\framework\\src\\Illuminate\\Foundation\\Application.php(1235): Illuminate\\Foundation\\Console\\Kernel->handle(Object(Symfony\\Component\\Console\\Input\\ArgvInput), Object(Symfony\\Component\\Console\\Output\\ConsoleOutput))
#33 C:\\xampp\\htdocs\\ArbiterCoffeeShop HUB\\arbiter-backend\\artisan(16): Illuminate\\Foundation\\Application->handleCommand(Object(Symfony\\Component\\Console\\Input\\ArgvInput))
#34 {main}","severity":"critical","request_id":null,"user_id":null,"url":"http://localhost:8000","method":"GET","ip":"127.0.0.1","user_agent":"Symfony","headers":{"host":["localhost:8000"],"user-agent":["Symfony"],"accept":["text/html,application/xhtml+xml,application/xml;q=0.9,*/*;q=0.8"],"accept-language":["en-us,en;q=0.5"],"accept-charset":["ISO-8859-1,utf-8;q=0.7,*;q=0.7"]},"input":[],"session":null,"server_memory":{"peak_usage":4194304,"current_usage":4194304},"timestamp":"2025-12-02T00:55:40.469364Z"} 
[2025-12-02 15:41:13] local.ERROR: Exception occurred {"exception_class":"ErrorException","message":"preg_match(): No ending delimiter '/' found","file":"C:\\xampp\\htdocs\\ArbiterCoffeeShop HUB\\arbiter-backend\\vendor\\laravel\\framework\\src\\Illuminate\\Validation\\Concerns\\ValidatesAttributes.php","line":2064,"code":0,"trace":"#0 C:\\xampp\\htdocs\\ArbiterCoffeeShop HUB\\arbiter-backend\\vendor\\laravel\\framework\\src\\Illuminate\\Foundation\\Bootstrap\\HandleExceptions.php(258): Illuminate\\Foundation\\Bootstrap\\HandleExceptions->handleError(2, 'preg_match(): N...', 'C:\\\\xampp\\\\htdocs...', 2064)
#1 [internal function]: Illuminate\\Foundation\\Bootstrap\\HandleExceptions->{closure:Illuminate\\Foundation\\Bootstrap\\HandleExceptions::forwardsTo():257}(2, 'preg_match(): N...', 'C:\\\\xampp\\\\htdocs...', 2064)
#2 C:\\xampp\\htdocs\\ArbiterCoffeeShop HUB\\arbiter-backend\\vendor\\laravel\\framework\\src\\Illuminate\\Validation\\Concerns\\ValidatesAttributes.php(2064): preg_match('/^(\\\\+63', '09171234567')
#3 C:\\xampp\\htdocs\\ArbiterCoffeeShop HUB\\arbiter-backend\\vendor\\laravel\\framework\\src\\Illuminate\\Validation\\Validator.php(685): Illuminate\\Validation\\Validator->validateRegex('phone', '09171234567', Array, Object(Illuminate\\Validation\\Validator))
#4 C:\\xampp\\htdocs\\ArbiterCoffeeShop HUB\\arbiter-backend\\vendor\\laravel\\framework\\src\\Illuminate\\Validation\\Validator.php(480): Illuminate\\Validation\\Validator->validateAttribute('phone', 'Regex')
#5 C:\\xampp\\htdocs\\ArbiterCoffeeShop HUB\\arbiter-backend\\vendor\\laravel\\framework\\src\\Illuminate\\Validation\\Validator.php(515): Illuminate\\Validation\\Validator->passes()
#6 C:\\xampp\\htdocs\\ArbiterCoffeeShop HUB\\arbiter-backend\\vendor\\laravel\\framework\\src\\Illuminate\\Validation\\ValidatesWhenResolvedTrait.php(31): Illuminate\\Validation\\Validator->fails()
#7 C:\\xampp\\htdocs\\ArbiterCoffeeShop HUB\\arbiter-backend\\vendor\\laravel\\framework\\src\\Illuminate\\Foundation\\Providers\\FormRequestServiceProvider.php(30): Illuminate\\Foundation\\Http\\FormRequest->validateResolved()
#8 C:\\xampp\\htdocs\\ArbiterCoffeeShop HUB\\arbiter-backend\\vendor\\laravel\\framework\\src\\Illuminate\\Container\\Container.php(1672): Illuminate\\Foundation\\Providers\\FormRequestServiceProvider->{closure:Illuminate\\Foundation\\Providers\\FormRequestServiceProvider::boot():29}(Object(App\\Http\\Requests\\StoreContactRequest), Object(Illuminate\\Foundation\\Application))
#9 C:\\xampp\\htdocs\\ArbiterCoffeeShop HUB\\arbiter-backend\\vendor\\laravel\\framework\\src\\Illuminate\\Container\\Container.php(1608): Illuminate\\Container\\Container->fireCallbackArray(Object(App\\Http\\Requests\\StoreContactRequest), Array)
#10 C:\\xampp\\htdocs\\ArbiterCoffeeShop HUB\\arbiter-backend\\vendor\\laravel\\framework\\src\\Illuminate\\Container\\Container.php(1594): Illuminate\\Container\\Container->fireAfterResolvingCallbacks('App\\\\Http\\\\Reques...', Object(App\\Http\\Requests\\StoreContactRequest))
#11 C:\\xampp\\htdocs\\ArbiterCoffeeShop HUB\\arbiter-backend\\vendor\\laravel\\framework\\src\\Illuminate\\Container\\Container.php(990): Illuminate\\Container\\Container->fireResolvingCallbacks('App\\\\Http\\\\Reques...', Object(App\\Http\\Requests\\StoreContactRequest))
#12 C:\\xampp\\htdocs\\ArbiterCoffeeShop HUB\\arbiter-backend\\vendor\\laravel\\framework\\src\\Illuminate\\Foundation\\Application.php(1078): Illuminate\\Container\\Container->resolve('App\\\\Http\\\\Reques...', Array, true)
#13 C:\\xampp\\htdocs\\ArbiterCoffeeShop HUB\\arbiter-backend\\vendor\\laravel\\framework\\src\\Illuminate\\Container\\Container.php(903): Illuminate\\Foundation\\Application->resolve('App\\\\Http\\\\Reques...', Array)
#14 C:\\xampp\\htdocs\\ArbiterCoffeeShop HUB\\arbiter-backend\\vendor\\laravel\\framework\\src\\Illuminate\\Foundation\\Application.php(1058): Illuminate\\Container\\Container->make('App\\\\Http\\\\Reques...', Array)
#15 C:\\xampp\\htdocs\\ArbiterCoffeeShop HUB\\arbiter-backend\\vendor\\laravel\\framework\\src\\Illuminate\\Routing\\ResolvesRouteDependencies.php(92): Illuminate\\Foundation\\Application->make('App\\\\Http\\\\Reques...')
#16 C:\\xampp\\htdocs\\ArbiterCoffeeShop HUB\\arbiter-backend\\vendor\\laravel\\framework\\src\\Illuminate\\Routing\\ResolvesRouteDependencies.php(51): Illuminate\\Routing\\ControllerDispatcher->transformDependency(Object(ReflectionParameter), Array, Object(stdClass))
#17 C:\\xampp\\htdocs\\ArbiterCoffeeShop HUB\\arbiter-backend\\vendor\\laravel\\framework\\src\\Illuminate\\Routing\\ResolvesRouteDependencies.php(30): Illuminate\\Routing\\ControllerDispatcher->resolveMethodDependencies(Array, Object(ReflectionMethod))
#18 C:\\xampp\\htdocs\\ArbiterCoffeeShop HUB\\arbiter-backend\\vendor\\laravel\\framework\\src\\Illuminate\\Routing\\ControllerDispatcher.php(59): Illuminate\\Routing\\ControllerDispatcher->resolveClassMethodDependencies(Array, Object(App\\Http\\Controllers\\Api\\V1\\ContactController), 'store')
#19 C:\\xampp\\htdocs\\ArbiterCoffeeShop HUB\\arbiter-backend\\vendor\\laravel\\framework\\src\\Illuminate\\Routing\\ControllerDispatcher.php(40): Illuminate\\Routing\\ControllerDispatcher->resolveParameters(Object(Illuminate\\Routing\\Route), Object(App\\Http\\Controllers\\Api\\V1\\ContactController), 'store')
#20 C:\\xampp\\htdocs\\ArbiterCoffeeShop HUB\\arbiter-backend\\vendor\\laravel\\framework\\src\\Illuminate\\Routing\\Route.php(265): Illuminate\\Routing\\ControllerDispatcher->dispatch(Object(Illuminate\\Routing\\Route), Object(App\\Http\\Controllers\\Api\\V1\\ContactController), 'store')
#21 C:\\xampp\\htdocs\\ArbiterCoffeeShop HUB\\arbiter-backend\\vendor\\laravel\\framework\\src\\Illuminate\\Routing\\Route.php(211): Illuminate\\Routing\\Route->runController()
#22 C:\\xampp\\htdocs\\ArbiterCoffeeShop HUB\\arbiter-backend\\vendor\\laravel\\framework\\src\\Illuminate\\Routing\\Router.php(822): Illuminate\\Routing\\Route->run()
#23 C:\\xampp\\htdocs\\ArbiterCoffeeShop HUB\\arbiter-backend\\vendor\\laravel\\framework\\src\\Illuminate\\Pipeline\\Pipeline.php(180): Illuminate\\Routing\\Router->{closure:Illuminate\\Routing\\Router::runRouteWithinStack():821}(Object(Illuminate\\Http\\Request))
#24 C:\\xampp\\htdocs\\ArbiterCoffeeShop HUB\\arbiter-backend\\app\\Http\\Middleware\\SecurityHeaders.php(18): Illuminate\\Pipeline\\Pipeline->{closure:Illuminate\\Pipeline\\Pipeline::prepareDestination():178}(Object(Illuminate\\Http\\Request))
#25 C:\\xampp\\htdocs\\ArbiterCoffeeShop HUB\\arbiter-backend\\vendor\\laravel\\framework\\src\\Illuminate\\Pipeline\\Pipeline.php(219): App\\Http\\Middleware\\SecurityHeaders->handle(Object(Illuminate\\Http\\Request), Object(Closure))
#26 C:\\xampp\\htdocs\\ArbiterCoffeeShop HUB\\arbiter-backend\\app\\Http\\Middleware\\CompressResponse.php(18): Illuminate\\Pipeline\\Pipeline->{closure:{closure:Illuminate\\Pipeline\\Pipeline::carry():194}:195}(Object(Illuminate\\Http\\Request))
#27 C:\\xampp\\htdocs\\ArbiterCoffeeShop HUB\\arbiter-backend\\vendor\\laravel\\framework\\src\\Illuminate\\Pipeline\\Pipeline.php(219): App\\Http\\Middleware\\CompressResponse->handle(Object(Illuminate\\Http\\Request), Object(Closure))
#28 C:\\xampp\\htdocs\\ArbiterCoffeeShop HUB\\arbiter-backend\\app\\Http\\Middleware\\ApiPerformanceMonitor.php(26): Illuminate\\Pipeline\\Pipeline->{closure:{closure:Illuminate\\Pipeline\\Pipeline::carry():194}:195}(Object(Illuminate\\Http\\Request))
#29 C:\\xampp\\htdocs\\ArbiterCoffeeShop HUB\\arbiter-backend\\vendor\\laravel\\framework\\src\\Illuminate\\Pipeline\\Pipeline.php(219): App\\Http\\Middleware\\ApiPerformanceMonitor->handle(Object(Illuminate\\Http\\Request), Object(Closure))
#30 C:\\xampp\\htdocs\\ArbiterCoffeeShop HUB\\arbiter-backend\\vendor\\laravel\\framework\\src\\Illuminate\\Routing\\Middleware\\SubstituteBindings.php(50): Illuminate\\Pipeline\\Pipeline->{closure:{closure:Illuminate\\Pipeline\\Pipeline::carry():194}:195}(Object(Illuminate\\Http\\Request))
#31 C:\\xampp\\htdocs\\ArbiterCoffeeShop HUB\\arbiter-backend\\vendor\\laravel\\framework\\src\\Illuminate\\Pipeline\\Pipeline.php(219): Illuminate\\Routing\\Middleware\\SubstituteBindings->handle(Object(Illuminate\\Http\\Request), Object(Closure))
#32 C:\\xampp\\htdocs\\ArbiterCoffeeShop HUB\\arbiter-backend\\vendor\\laravel\\framework\\src\\Illuminate\\Pipeline\\Pipeline.php(137): Illuminate\\Pipeline\\Pipeline->{closure:{closure:Illuminate\\Pipeline\\Pipeline::carry():194}:195}(Object(Illuminate\\Http\\Request))
#33 C:\\xampp\\htdocs\\ArbiterCoffeeShop HUB\\arbiter-backend\\vendor\\laravel\\framework\\src\\Illuminate\\Routing\\Router.php(821): Illuminate\\Pipeline\\Pipeline->then(Object(Closure))
#34 C:\\xampp\\htdocs\\ArbiterCoffeeShop HUB\\arbiter-backend\\vendor\\laravel\\framework\\src\\Illuminate\\Routing\\Router.php(800): Illuminate\\Routing\\Router->runRouteWithinStack(Object(Illuminate\\Routing\\Route), Object(Illuminate\\Http\\Request))
#35 C:\\xampp\\htdocs\\ArbiterCoffeeShop HUB\\arbiter-backend\\vendor\\laravel\\framework\\src\\Illuminate\\Routing\\Router.php(764): Illuminate\\Routing\\Router->runRoute(Object(Illuminate\\Http\\Request), Object(Illuminate\\Routing\\Route))
#36 C:\\xampp\\htdocs\\ArbiterCoffeeShop HUB\\arbiter-backend\\vendor\\laravel\\framework\\src\\Illuminate\\Routing\\Router.php(753): Illuminate\\Routing\\Router->dispatchToRoute(Object(Illuminate\\Http\\Request))
#37 C:\\xampp\\htdocs\\ArbiterCoffeeShop HUB\\arbiter-backend\\vendor\\laravel\\framework\\src\\Illuminate\\Foundation\\Http\\Kernel.php(200): Illuminate\\Routing\\Router->dispatch(Object(Illuminate\\Http\\Request))
#38 C:\\xampp\\htdocs\\ArbiterCoffeeShop HUB\\arbiter-backend\\vendor\\laravel\\framework\\src\\Illuminate\\Pipeline\\Pipeline.php(180): Illuminate\\Foundation\\Http\\Kernel->{closure:Illuminate\\Foundation\\Http\\Kernel::dispatchToRouter():197}(Object(Illuminate\\Http\\Request))
#39 C:\\xampp\\htdocs\\ArbiterCoffeeShop HUB\\arbiter-backend\\vendor\\barryvdh\\laravel-debugbar\\src\\Middleware\\InjectDebugbar.php(66): Illuminate\\Pipeline\\Pipeline->{closure:Illuminate\\Pipeline\\Pipeline::prepareDestination():178}(Object(Illuminate\\Http\\Request))
#40 C:\\xampp\\htdocs\\ArbiterCoffeeShop HUB\\arbiter-backend\\vendor\\laravel\\framework\\src\\Illuminate\\Pipeline\\Pipeline.php(219): Barryvdh\\Debugbar\\Middleware\\InjectDebugbar->handle(Object(Illuminate\\Http\\Request), Object(Closure))
#41 C:\\xampp\\htdocs\\ArbiterCoffeeShop HUB\\arbiter-backend\\vendor\\laravel\\framework\\src\\Illuminate\\Foundation\\Http\\Middleware\\TransformsRequest.php(21): Illuminate\\Pipeline\\Pipeline->{closure:{closure:Illuminate\\Pipeline\\Pipeline::carry():194}:195}(Object(Illuminate\\Http\\Request))
#42 C:\\xampp\\htdocs\\ArbiterCoffeeShop HUB\\arbiter-backend\\vendor\\laravel\\framework\\src\\Illuminate\\Foundation\\Http\\Middleware\\ConvertEmptyStringsToNull.php(31): Illuminate\\Foundation\\Http\\Middleware\\TransformsRequest->handle(Object(Illuminate\\Http\\Request), Object(Closure))
#43 C:\\xampp\\htdocs\\ArbiterCoffeeShop HUB\\arbiter-backend\\vendor\\laravel\\framework\\src\\Illuminate\\Pipeline\\Pipeline.php(219): Illuminate\\Foundation\\Http\\Middleware\\ConvertEmptyStringsToNull->handle(Object(Illuminate\\Http\\Request), Object(Closure))
#44 C:\\xampp\\htdocs\\ArbiterCoffeeShop HUB\\arbiter-backend\\vendor\\laravel\\framework\\src\\Illuminate\\Foundation\\Http\\Middleware\\TransformsRequest.php(21): Illuminate\\Pipeline\\Pipeline->{closure:{closure:Illuminate\\Pipeline\\Pipeline::carry():194}:195}(Object(Illuminate\\Http\\Request))
#45 C:\\xampp\\htdocs\\ArbiterCoffeeShop HUB\\arbiter-backend\\vendor\\laravel\\framework\\src\\Illuminate\\Foundation\\Http\\Middleware\\TrimStrings.php(51): Illuminate\\Foundation\\Http\\Middleware\\TransformsRequest->handle(Object(Illuminate\\Http\\Request), Object(Closure))
#46 C:\\xampp\\htdocs\\ArbiterCoffeeShop HUB\\arbiter-backend\\vendor\\laravel\\framework\\src\\Illuminate\\Pipeline\\Pipeline.php(219): Illuminate\\Foundation\\Http\\Middleware\\TrimStrings->handle(Object(Illuminate\\Http\\Request), Object(Closure))
#47 C:\\xampp\\htdocs\\ArbiterCoffeeShop HUB\\arbiter-backend\\vendor\\laravel\\framework\\src\\Illuminate\\Http\\Middleware\\ValidatePostSize.php(27): Illuminate\\Pipeline\\Pipeline->{closure:{closure:Illuminate\\Pipeline\\Pipeline::carry():194}:195}(Object(Illuminate\\Http\\Request))
#48 C:\\xampp\\htdocs\\ArbiterCoffeeShop HUB\\arbiter-backend\\vendor\\laravel\\framework\\src\\Illuminate\\Pipeline\\Pipeline.php(219): Illuminate\\Http\\Middleware\\ValidatePostSize->handle(Object(Illuminate\\Http\\Request), Object(Closure))
#49 C:\\xampp\\htdocs\\ArbiterCoffeeShop HUB\\arbiter-backend\\vendor\\laravel\\framework\\src\\Illuminate\\Foundation\\Http\\Middleware\\PreventRequestsDuringMaintenance.php(109): Illuminate\\Pipeline\\Pipeline->{closure:{closure:Illuminate\\Pipeline\\Pipeline::carry():194}:195}(Object(Illuminate\\Http\\Request))
#50 C:\\xampp\\htdocs\\ArbiterCoffeeShop HUB\\arbiter-backend\\vendor\\laravel\\framework\\src\\Illuminate\\Pipeline\\Pipeline.php(219): Illuminate\\Foundation\\Http\\Middleware\\PreventRequestsDuringMaintenance->handle(Object(Illuminate\\Http\\Request), Object(Closure))
#51 C:\\xampp\\htdocs\\ArbiterCoffeeShop HUB\\arbiter-backend\\vendor\\laravel\\framework\\src\\Illuminate\\Http\\Middleware\\HandleCors.php(61): Illuminate\\Pipeline\\Pipeline->{closure:{closure:Illuminate\\Pipeline\\Pipeline::carry():194}:195}(Object(Illuminate\\Http\\Request))
#52 C:\\xampp\\htdocs\\ArbiterCoffeeShop HUB\\arbiter-backend\\vendor\\laravel\\framework\\src\\Illuminate\\Pipeline\\Pipeline.php(219): Illuminate\\Http\\Middleware\\HandleCors->handle(Object(Illuminate\\Http\\Request), Object(Closure))
#53 C:\\xampp\\htdocs\\ArbiterCoffeeShop HUB\\arbiter-backend\\vendor\\laravel\\framework\\src\\Illuminate\\Http\\Middleware\\TrustProxies.php(58): Illuminate\\Pipeline\\Pipeline->{closure:{closure:Illuminate\\Pipeline\\Pipeline::carry():194}:195}(Object(Illuminate\\Http\\Request))
#54 C:\\xampp\\htdocs\\ArbiterCoffeeShop HUB\\arbiter-backend\\vendor\\laravel\\framework\\src\\Illuminate\\Pipeline\\Pipeline.php(219): Illuminate\\Http\\Middleware\\TrustProxies->handle(Object(Illuminate\\Http\\Request), Object(Closure))
#55 C:\\xampp\\htdocs\\ArbiterCoffeeShop HUB\\arbiter-backend\\vendor\\laravel\\framework\\src\\Illuminate\\Foundation\\Http\\Middleware\\InvokeDeferredCallbacks.php(22): Illuminate\\Pipeline\\Pipeline->{closure:{closure:Illuminate\\Pipeline\\Pipeline::carry():194}:195}(Object(Illuminate\\Http\\Request))
#56 C:\\xampp\\htdocs\\ArbiterCoffeeShop HUB\\arbiter-backend\\vendor\\laravel\\framework\\src\\Illuminate\\Pipeline\\Pipeline.php(219): Illuminate\\Foundation\\Http\\Middleware\\InvokeDeferredCallbacks->handle(Object(Illuminate\\Http\\Request), Object(Closure))
#57 C:\\xampp\\htdocs\\ArbiterCoffeeShop HUB\\arbiter-backend\\vendor\\laravel\\framework\\src\\Illuminate\\Http\\Middleware\\ValidatePathEncoding.php(26): Illuminate\\Pipeline\\Pipeline->{closure:{closure:Illuminate\\Pipeline\\Pipeline::carry():194}:195}(Object(Illuminate\\Http\\Request))
#58 C:\\xampp\\htdocs\\ArbiterCoffeeShop HUB\\arbiter-backend\\vendor\\laravel\\framework\\src\\Illuminate\\Pipeline\\Pipeline.php(219): Illuminate\\Http\\Middleware\\ValidatePathEncoding->handle(Object(Illuminate\\Http\\Request), Object(Closure))
#59 C:\\xampp\\htdocs\\ArbiterCoffeeShop HUB\\arbiter-backend\\vendor\\laravel\\framework\\src\\Illuminate\\Pipeline\\Pipeline.php(137): Illuminate\\Pipeline\\Pipeline->{closure:{closure:Illuminate\\Pipeline\\Pipeline::carry():194}:195}(Object(Illuminate\\Http\\Request))
#60 C:\\xampp\\htdocs\\ArbiterCoffeeShop HUB\\arbiter-backend\\vendor\\laravel\\framework\\src\\Illuminate\\Foundation\\Http\\Kernel.php(175): Illuminate\\Pipeline\\Pipeline->then(Object(Closure))
#61 C:\\xampp\\htdocs\\ArbiterCoffeeShop HUB\\arbiter-backend\\vendor\\laravel\\framework\\src\\Illuminate\\Foundation\\Http\\Kernel.php(144): Illuminate\\Foundation\\Http\\Kernel->sendRequestThroughRouter(Object(Illuminate\\Http\\Request))
#62 C:\\xampp\\htdocs\\ArbiterCoffeeShop HUB\\arbiter-backend\\vendor\\laravel\\framework\\src\\Illuminate\\Foundation\\Application.php(1220): Illuminate\\Foundation\\Http\\Kernel->handle(Object(Illuminate\\Http\\Request))
#63 C:\\xampp\\htdocs\\ArbiterCoffeeShop HUB\\arbiter-backend\\public\\index.php(20): Illuminate\\Foundation\\Application->handleRequest(Object(Illuminate\\Http\\Request))
#64 C:\\xampp\\htdocs\\ArbiterCoffeeShop HUB\\arbiter-backend\\vendor\\laravel\\framework\\src\\Illuminate\\Foundation\\resources\\server.php(23): require_once('C:\\\\xampp\\\\htdocs...')
#65 {main}","severity":"high","request_id":null,"user_id":null,"url":"http://localhost:8000/api/v1/contact","method":"POST","ip":"127.0.0.1","user_agent":"Mozilla/5.0 (Windows NT 10.0; Win64; x64) AppleWebKit/537.36 (KHTML, like Gecko) Cypress/15.7.0 Chrome/138.0.7204.251 Electron/37.6.0 Safari/537.36","headers":{"connection":["keep-alive"],"host":["localhost:8000"],"proxy-connection":["keep-alive"],"content-length":["149"],"sec-ch-ua-platform":["\"Windows\""],"user-agent":["Mozilla/5.0 (Windows NT 10.0; Win64; x64) AppleWebKit/537.36 (KHTML, like Gecko) Cypress/15.7.0 Chrome/138.0.7204.251 Electron/37.6.0 Safari/537.36"],"accept":["application/json"],"sec-ch-ua":["\"Not)A;Brand\";v=\"8\", \"Chromium\";v=\"138\""],"content-type":["application/json"],"sec-ch-ua-mobile":["?0"],"origin":["http://localhost:3000"],"sec-fetch-site":["same-site"],"sec-fetch-mode":["cors"],"sec-fetch-dest":["empty"],"referer":["http://localhost:3000/"],"accept-encoding":["gzip"],"accept-language":["en-US"]},"input":{"name":"John Doe","email":"john@example.com","phone":"09171234567","inquiryType":"general","message":"I would like to inquire about your services."},"session":null,"server_memory":{"peak_usage":6291456,"current_usage":6291456},"timestamp":"2025-12-02T15:41:13.107323Z"} 
[2025-12-02 15:41:13] local.ERROR: preg_match(): No ending delimiter '/' found {"exception":"ErrorException","status_code":500,"error_type":"api_error","severity":"high","request_id":null,"user_id":null,"method":"POST","url":"http://localhost:8000/api/v1/contact","ip":"127.0.0.1"} 
[2025-12-02 15:41:13] local.ERROR: API Server Error {"request_id":"req_692f0898ddcab2.82205362","timestamp":"2025-12-02 15:41:13","method":"POST","endpoint":"api/v1/contact","route":null,"execution_time_ms":216.71,"memory_kb":733.17,"status_code":500,"user_id":null,"ip":"127.0.0.1","user_agent":"Mozilla/5.0 (Windows NT 10.0; Win64; x64) AppleWebKit/537.36 (KHTML, like Gecko) Cypress/15.7.0 Chrome/138.0.7204.251 Electron/37.6.0 Safari/537.36","error_type":"server_error","severity":"high"} 
