[2025-12-08 20:24:37] local.ERROR: Exception occurred {"exception_class":"Psy\\Exception\\ParseErrorException","message":"PHP Parse error: Syntax error, unexpected '=' on line 1","file":"C:\\xampp\\htdocs\\ArbiterCoffeeShop HUB\\services\\backend\\vendor\\psy\\psysh\\src\\Exception\\ParseErrorException.php","line":44,"code":0,"trace":"#0 C:\\xampp\\htdocs\\ArbiterCoffeeShop HUB\\services\\backend\\vendor\\psy\\psysh\\src\\CodeCleaner.php(560): Psy\\Exception\\ParseErrorException::fromParseError(Object(PhpParser\\Error))
#1 C:\\xampp\\htdocs\\ArbiterCoffeeShop HUB\\services\\backend\\vendor\\psy\\psysh\\src\\CodeCleaner.php(283): Psy\\CodeCleaner->parse('<?php echo 'Tes...', false)
#2 C:\\xampp\\htdocs\\ArbiterCoffeeShop HUB\\services\\backend\\vendor\\psy\\psysh\\src\\Shell.php(934): Psy\\CodeCleaner->clean(Array, false)
#3 C:\\xampp\\htdocs\\ArbiterCoffeeShop HUB\\services\\backend\\vendor\\psy\\psysh\\src\\Shell.php(968): Psy\\Shell->addCode('echo 'Testing M...', true)
#4 C:\\xampp\\htdocs\\ArbiterCoffeeShop HUB\\services\\backend\\vendor\\psy\\psysh\\src\\Shell.php(1511): Psy\\Shell->setCode('echo 'Testing M...', true)
#5 C:\\xampp\\htdocs\\ArbiterCoffeeShop HUB\\services\\backend\\vendor\\laravel\\tinker\\src\\Console\\TinkerCommand.php(76): Psy\\Shell->execute('echo 'Testing M...')
#6 C:\\xampp\\htdocs\\ArbiterCoffeeShop HUB\\services\\backend\\vendor\\laravel\\framework\\src\\Illuminate\\Container\\BoundMethod.php(36): Laravel\\Tinker\\Console\\TinkerCommand->handle()
#7 C:\\xampp\\htdocs\\ArbiterCoffeeShop HUB\\services\\backend\\vendor\\laravel\\framework\\src\\Illuminate\\Container\\Util.php(43): Illuminate\\Container\\BoundMethod::{closure:Illuminate\\Container\\BoundMethod::call():35}()
#8 C:\\xampp\\htdocs\\ArbiterCoffeeShop HUB\\services\\backend\\vendor\\laravel\\framework\\src\\Illuminate\\Container\\BoundMethod.php(96): Illuminate\\Container\\Util::unwrapIfClosure(Object(Closure))
#9 C:\\xampp\\htdocs\\ArbiterCoffeeShop HUB\\services\\backend\\vendor\\laravel\\framework\\src\\Illuminate\\Container\\BoundMethod.php(35): Illuminate\\Container\\BoundMethod::callBoundMethod(Object(Illuminate\\Foundation\\Application), Array, Object(Closure))
#10 C:\\xampp\\htdocs\\ArbiterCoffeeShop HUB\\services\\backend\\vendor\\laravel\\framework\\src\\Illuminate\\Container\\Container.php(836): Illuminate\\Container\\BoundMethod::call(Object(Illuminate\\Foundation\\Application), Array, Array, NULL)
#11 C:\\xampp\\htdocs\\ArbiterCoffeeShop HUB\\services\\backend\\vendor\\laravel\\framework\\src\\Illuminate\\Console\\Command.php(211): Illuminate\\Container\\Container->call(Array)
#12 C:\\xampp\\htdocs\\ArbiterCoffeeShop HUB\\services\\backend\\vendor\\symfony\\console\\Command\\Command.php(318): Illuminate\\Console\\Command->execute(Object(Symfony\\Component\\Console\\Input\\ArgvInput), Object(Illuminate\\Console\\OutputStyle))
#13 C:\\xampp\\htdocs\\ArbiterCoffeeShop HUB\\services\\backend\\vendor\\laravel\\framework\\src\\Illuminate\\Console\\Command.php(180): Symfony\\Component\\Console\\Command\\Command->run(Object(Symfony\\Component\\Console\\Input\\ArgvInput), Object(Illuminate\\Console\\OutputStyle))
#14 C:\\xampp\\htdocs\\ArbiterCoffeeShop HUB\\services\\backend\\vendor\\symfony\\console\\Application.php(1073): Illuminate\\Console\\Command->run(Object(Symfony\\Component\\Console\\Input\\ArgvInput), Object(Symfony\\Component\\Console\\Output\\ConsoleOutput))
#15 C:\\xampp\\htdocs\\ArbiterCoffeeShop HUB\\services\\backend\\vendor\\symfony\\console\\Application.php(356): Symfony\\Component\\Console\\Application->doRunCommand(Object(Laravel\\Tinker\\Console\\TinkerCommand), Object(Symfony\\Component\\Console\\Input\\ArgvInput), Object(Symfony\\Component\\Console\\Output\\ConsoleOutput))
#16 C:\\xampp\\htdocs\\ArbiterCoffeeShop HUB\\services\\backend\\vendor\\symfony\\console\\Application.php(195): Symfony\\Component\\Console\\Application->doRun(Object(Symfony\\Component\\Console\\Input\\ArgvInput), Object(Symfony\\Component\\Console\\Output\\ConsoleOutput))
#17 C:\\xampp\\htdocs\\ArbiterCoffeeShop HUB\\services\\backend\\vendor\\laravel\\framework\\src\\Illuminate\\Foundation\\Console\\Kernel.php(197): Symfony\\Component\\Console\\Application->run(Object(Symfony\\Component\\Console\\Input\\ArgvInput), Object(Symfony\\Component\\Console\\Output\\ConsoleOutput))
#18 C:\\xampp\\htdocs\\ArbiterCoffeeShop HUB\\services\\backend\\vendor\\laravel\\framework\\src\\Illuminate\\Foundation\\Application.php(1235): Illuminate\\Foundation\\Console\\Kernel->handle(Object(Symfony\\Component\\Console\\Input\\ArgvInput), Object(Symfony\\Component\\Console\\Output\\ConsoleOutput))
#19 C:\\xampp\\htdocs\\ArbiterCoffeeShop HUB\\services\\backend\\artisan(16): Illuminate\\Foundation\\Application->handleCommand(Object(Symfony\\Component\\Console\\Input\\ArgvInput))
#20 {main}","severity":"high","request_id":null,"user_id":null,"url":"http://localhost","method":"GET","ip":"127.0.0.1","user_agent":"Symfony","headers":{"host":["localhost"],"user-agent":["Symfony"],"accept":["text/html,application/xhtml+xml,application/xml;q=0.9,*/*;q=0.8"],"accept-language":["en-us,en;q=0.5"],"accept-charset":["ISO-8859-1,utf-8;q=0.7,*;q=0.7"]},"input":[],"session":null,"server_memory":{"peak_usage":20971520,"current_usage":12582912},"timestamp":"2025-12-08T20:24:37.510018Z"} 
[2025-12-08 22:58:16] local.ERROR: API Server Error {"request_id":"req_69375808aa5749.77304836","timestamp":"2025-12-08 22:58:16","method":"GET","endpoint":"api/v1/notifications/vapid-key","route":null,"execution_time_ms":18.14,"memory_kb":135.62,"status_code":500,"user_id":null,"ip":"127.0.0.1","user_agent":"Mozilla/5.0 (Windows NT; Windows NT 10.0; en-US) WindowsPowerShell/5.1.26100.7309","error_type":"server_error","severity":"high"} 
[2025-12-08 23:07:01] local.ERROR: API Server Error {"request_id":"req_69375a15bde9e7.01831108","timestamp":"2025-12-08 23:07:01","method":"GET","endpoint":"api/v1/notifications/vapid-key","route":null,"execution_time_ms":41.96,"memory_kb":134.62,"status_code":500,"user_id":null,"ip":"127.0.0.1","user_agent":"Mozilla/5.0 (Windows NT 10.0; Win64; x64) AppleWebKit/537.36 (KHTML, like Gecko) Chrome/143.0.0.0 Safari/537.36 Edg/143.0.0.0","error_type":"server_error","severity":"high"} 
[2025-12-08 23:17:42] local.ERROR: Exception occurred {"exception_class":"Psy\\Exception\\ParseErrorException","message":"PHP Parse error: Syntax error, unexpected T_NS_SEPARATOR, expecting T_VARIABLE on line 1","file":"C:\\xampp\\htdocs\\ArbiterCoffeeShop HUB\\services\\backend\\vendor\\psy\\psysh\\src\\Exception\\ParseErrorException.php","line":44,"code":0,"trace":"#0 C:\\xampp\\htdocs\\ArbiterCoffeeShop HUB\\services\\backend\\vendor\\psy\\psysh\\src\\CodeCleaner.php(560): Psy\\Exception\\ParseErrorException::fromParseError(Object(PhpParser\\Error))
#1 C:\\xampp\\htdocs\\ArbiterCoffeeShop HUB\\services\\backend\\vendor\\psy\\psysh\\src\\CodeCleaner.php(283): Psy\\CodeCleaner->parse('<?php App\\\\Model...', false)
#2 C:\\xampp\\htdocs\\ArbiterCoffeeShop HUB\\services\\backend\\vendor\\psy\\psysh\\src\\Shell.php(934): Psy\\CodeCleaner->clean(Array, false)
#3 C:\\xampp\\htdocs\\ArbiterCoffeeShop HUB\\services\\backend\\vendor\\psy\\psysh\\src\\Shell.php(968): Psy\\Shell->addCode('App\\\\Models\\\\User...', true)
#4 C:\\xampp\\htdocs\\ArbiterCoffeeShop HUB\\services\\backend\\vendor\\psy\\psysh\\src\\Shell.php(1511): Psy\\Shell->setCode('App\\\\Models\\\\User...', true)
#5 C:\\xampp\\htdocs\\ArbiterCoffeeShop HUB\\services\\backend\\vendor\\laravel\\tinker\\src\\Console\\TinkerCommand.php(76): Psy\\Shell->execute('App\\\\Models\\\\User...')
#6 C:\\xampp\\htdocs\\ArbiterCoffeeShop HUB\\services\\backend\\vendor\\laravel\\framework\\src\\Illuminate\\Container\\BoundMethod.php(36): Laravel\\Tinker\\Console\\TinkerCommand->handle()
#7 C:\\xampp\\htdocs\\ArbiterCoffeeShop HUB\\services\\backend\\vendor\\laravel\\framework\\src\\Illuminate\\Container\\Util.php(43): Illuminate\\Container\\BoundMethod::{closure:Illuminate\\Container\\BoundMethod::call():35}()
#8 C:\\xampp\\htdocs\\ArbiterCoffeeShop HUB\\services\\backend\\vendor\\laravel\\framework\\src\\Illuminate\\Container\\BoundMethod.php(96): Illuminate\\Container\\Util::unwrapIfClosure(Object(Closure))
#9 C:\\xampp\\htdocs\\ArbiterCoffeeShop HUB\\services\\backend\\vendor\\laravel\\framework\\src\\Illuminate\\Container\\BoundMethod.php(35): Illuminate\\Container\\BoundMethod::callBoundMethod(Object(Illuminate\\Foundation\\Application), Array, Object(Closure))
#10 C:\\xampp\\htdocs\\ArbiterCoffeeShop HUB\\services\\backend\\vendor\\laravel\\framework\\src\\Illuminate\\Container\\Container.php(836): Illuminate\\Container\\BoundMethod::call(Object(Illuminate\\Foundation\\Application), Array, Array, NULL)
#11 C:\\xampp\\htdocs\\ArbiterCoffeeShop HUB\\services\\backend\\vendor\\laravel\\framework\\src\\Illuminate\\Console\\Command.php(211): Illuminate\\Container\\Container->call(Array)
#12 C:\\xampp\\htdocs\\ArbiterCoffeeShop HUB\\services\\backend\\vendor\\symfony\\console\\Command\\Command.php(318): Illuminate\\Console\\Command->execute(Object(Symfony\\Component\\Console\\Input\\ArgvInput), Object(Illuminate\\Console\\OutputStyle))
#13 C:\\xampp\\htdocs\\ArbiterCoffeeShop HUB\\services\\backend\\vendor\\laravel\\framework\\src\\Illuminate\\Console\\Command.php(180): Symfony\\Component\\Console\\Command\\Command->run(Object(Symfony\\Component\\Console\\Input\\ArgvInput), Object(Illuminate\\Console\\OutputStyle))
#14 C:\\xampp\\htdocs\\ArbiterCoffeeShop HUB\\services\\backend\\vendor\\symfony\\console\\Application.php(1073): Illuminate\\Console\\Command->run(Object(Symfony\\Component\\Console\\Input\\ArgvInput), Object(Symfony\\Component\\Console\\Output\\ConsoleOutput))
#15 C:\\xampp\\htdocs\\ArbiterCoffeeShop HUB\\services\\backend\\vendor\\symfony\\console\\Application.php(356): Symfony\\Component\\Console\\Application->doRunCommand(Object(Laravel\\Tinker\\Console\\TinkerCommand), Object(Symfony\\Component\\Console\\Input\\ArgvInput), Object(Symfony\\Component\\Console\\Output\\ConsoleOutput))
#16 C:\\xampp\\htdocs\\ArbiterCoffeeShop HUB\\services\\backend\\vendor\\symfony\\console\\Application.php(195): Symfony\\Component\\Console\\Application->doRun(Object(Symfony\\Component\\Console\\Input\\ArgvInput), Object(Symfony\\Component\\Console\\Output\\ConsoleOutput))
#17 C:\\xampp\\htdocs\\ArbiterCoffeeShop HUB\\services\\backend\\vendor\\laravel\\framework\\src\\Illuminate\\Foundation\\Console\\Kernel.php(197): Symfony\\Component\\Console\\Application->run(Object(Symfony\\Component\\Console\\Input\\ArgvInput), Object(Symfony\\Component\\Console\\Output\\ConsoleOutput))
#18 C:\\xampp\\htdocs\\ArbiterCoffeeShop HUB\\services\\backend\\vendor\\laravel\\framework\\src\\Illuminate\\Foundation\\Application.php(1235): Illuminate\\Foundation\\Console\\Kernel->handle(Object(Symfony\\Component\\Console\\Input\\ArgvInput), Object(Symfony\\Component\\Console\\Output\\ConsoleOutput))
#19 C:\\xampp\\htdocs\\ArbiterCoffeeShop HUB\\services\\backend\\artisan(16): Illuminate\\Foundation\\Application->handleCommand(Object(Symfony\\Component\\Console\\Input\\ArgvInput))
#20 {main}","severity":"high","request_id":null,"user_id":null,"url":"http://localhost","method":"GET","ip":"127.0.0.1","user_agent":"Symfony","headers":{"host":["localhost"],"user-agent":["Symfony"],"accept":["text/html,application/xhtml+xml,application/xml;q=0.9,*/*;q=0.8"],"accept-language":["en-us,en;q=0.5"],"accept-charset":["ISO-8859-1,utf-8;q=0.7,*;q=0.7"]},"input":[],"session":null,"server_memory":{"peak_usage":8388608,"current_usage":8388608},"timestamp":"2025-12-08T23:17:42.760995Z"} 
[2025-12-08 23:17:44] local.ERROR: Exception occurred {"exception_class":"Psy\\Exception\\ParseErrorException","message":"PHP Parse error: Syntax error, unexpected T_NS_SEPARATOR on line 1","file":"C:\\xampp\\htdocs\\ArbiterCoffeeShop HUB\\services\\backend\\vendor\\psy\\psysh\\src\\Exception\\ParseErrorException.php","line":44,"code":0,"trace":"#0 C:\\xampp\\htdocs\\ArbiterCoffeeShop HUB\\services\\backend\\vendor\\psy\\psysh\\src\\CodeCleaner.php(560): Psy\\Exception\\ParseErrorException::fromParseError(Object(PhpParser\\Error))
#1 C:\\xampp\\htdocs\\ArbiterCoffeeShop HUB\\services\\backend\\vendor\\psy\\psysh\\src\\CodeCleaner.php(283): Psy\\CodeCleaner->parse('<?php \\\\ = App\\\\M...', false)
#2 C:\\xampp\\htdocs\\ArbiterCoffeeShop HUB\\services\\backend\\vendor\\psy\\psysh\\src\\Shell.php(934): Psy\\CodeCleaner->clean(Array, false)
#3 C:\\xampp\\htdocs\\ArbiterCoffeeShop HUB\\services\\backend\\vendor\\psy\\psysh\\src\\Shell.php(968): Psy\\Shell->addCode('\\\\ = App\\\\Models\\\\...', true)
#4 C:\\xampp\\htdocs\\ArbiterCoffeeShop HUB\\services\\backend\\vendor\\psy\\psysh\\src\\Shell.php(1511): Psy\\Shell->setCode('\\\\ = App\\\\Models\\\\...', true)
#5 C:\\xampp\\htdocs\\ArbiterCoffeeShop HUB\\services\\backend\\vendor\\laravel\\tinker\\src\\Console\\TinkerCommand.php(76): Psy\\Shell->execute('\\\\ = App\\\\Models\\\\...')
#6 C:\\xampp\\htdocs\\ArbiterCoffeeShop HUB\\services\\backend\\vendor\\laravel\\framework\\src\\Illuminate\\Container\\BoundMethod.php(36): Laravel\\Tinker\\Console\\TinkerCommand->handle()
#7 C:\\xampp\\htdocs\\ArbiterCoffeeShop HUB\\services\\backend\\vendor\\laravel\\framework\\src\\Illuminate\\Container\\Util.php(43): Illuminate\\Container\\BoundMethod::{closure:Illuminate\\Container\\BoundMethod::call():35}()
#8 C:\\xampp\\htdocs\\ArbiterCoffeeShop HUB\\services\\backend\\vendor\\laravel\\framework\\src\\Illuminate\\Container\\BoundMethod.php(96): Illuminate\\Container\\Util::unwrapIfClosure(Object(Closure))
#9 C:\\xampp\\htdocs\\ArbiterCoffeeShop HUB\\services\\backend\\vendor\\laravel\\framework\\src\\Illuminate\\Container\\BoundMethod.php(35): Illuminate\\Container\\BoundMethod::callBoundMethod(Object(Illuminate\\Foundation\\Application), Array, Object(Closure))
#10 C:\\xampp\\htdocs\\ArbiterCoffeeShop HUB\\services\\backend\\vendor\\laravel\\framework\\src\\Illuminate\\Container\\Container.php(836): Illuminate\\Container\\BoundMethod::call(Object(Illuminate\\Foundation\\Application), Array, Array, NULL)
#11 C:\\xampp\\htdocs\\ArbiterCoffeeShop HUB\\services\\backend\\vendor\\laravel\\framework\\src\\Illuminate\\Console\\Command.php(211): Illuminate\\Container\\Container->call(Array)
#12 C:\\xampp\\htdocs\\ArbiterCoffeeShop HUB\\services\\backend\\vendor\\symfony\\console\\Command\\Command.php(318): Illuminate\\Console\\Command->execute(Object(Symfony\\Component\\Console\\Input\\ArgvInput), Object(Illuminate\\Console\\OutputStyle))
#13 C:\\xampp\\htdocs\\ArbiterCoffeeShop HUB\\services\\backend\\vendor\\laravel\\framework\\src\\Illuminate\\Console\\Command.php(180): Symfony\\Component\\Console\\Command\\Command->run(Object(Symfony\\Component\\Console\\Input\\ArgvInput), Object(Illuminate\\Console\\OutputStyle))
#14 C:\\xampp\\htdocs\\ArbiterCoffeeShop HUB\\services\\backend\\vendor\\symfony\\console\\Application.php(1073): Illuminate\\Console\\Command->run(Object(Symfony\\Component\\Console\\Input\\ArgvInput), Object(Symfony\\Component\\Console\\Output\\ConsoleOutput))
#15 C:\\xampp\\htdocs\\ArbiterCoffeeShop HUB\\services\\backend\\vendor\\symfony\\console\\Application.php(356): Symfony\\Component\\Console\\Application->doRunCommand(Object(Laravel\\Tinker\\Console\\TinkerCommand), Object(Symfony\\Component\\Console\\Input\\ArgvInput), Object(Symfony\\Component\\Console\\Output\\ConsoleOutput))
#16 C:\\xampp\\htdocs\\ArbiterCoffeeShop HUB\\services\\backend\\vendor\\symfony\\console\\Application.php(195): Symfony\\Component\\Console\\Application->doRun(Object(Symfony\\Component\\Console\\Input\\ArgvInput), Object(Symfony\\Component\\Console\\Output\\ConsoleOutput))
#17 C:\\xampp\\htdocs\\ArbiterCoffeeShop HUB\\services\\backend\\vendor\\laravel\\framework\\src\\Illuminate\\Foundation\\Console\\Kernel.php(197): Symfony\\Component\\Console\\Application->run(Object(Symfony\\Component\\Console\\Input\\ArgvInput), Object(Symfony\\Component\\Console\\Output\\ConsoleOutput))
#18 C:\\xampp\\htdocs\\ArbiterCoffeeShop HUB\\services\\backend\\vendor\\laravel\\framework\\src\\Illuminate\\Foundation\\Application.php(1235): Illuminate\\Foundation\\Console\\Kernel->handle(Object(Symfony\\Component\\Console\\Input\\ArgvInput), Object(Symfony\\Component\\Console\\Output\\ConsoleOutput))
#19 C:\\xampp\\htdocs\\ArbiterCoffeeShop HUB\\services\\backend\\artisan(16): Illuminate\\Foundation\\Application->handleCommand(Object(Symfony\\Component\\Console\\Input\\ArgvInput))
#20 {main}","severity":"high","request_id":null,"user_id":null,"url":"http://localhost","method":"GET","ip":"127.0.0.1","user_agent":"Symfony","headers":{"host":["localhost"],"user-agent":["Symfony"],"accept":["text/html,application/xhtml+xml,application/xml;q=0.9,*/*;q=0.8"],"accept-language":["en-us,en;q=0.5"],"accept-charset":["ISO-8859-1,utf-8;q=0.7,*;q=0.7"]},"input":[],"session":null,"server_memory":{"peak_usage":8388608,"current_usage":8388608},"timestamp":"2025-12-08T23:17:44.856175Z"} 
[2025-12-08 23:17:49] local.ERROR: Exception occurred {"exception_class":"Illuminate\\Database\\UniqueConstraintViolationException","message":"SQLSTATE[23000]: Integrity constraint violation: 19 UNIQUE constraint failed: users.email (Connection: sqlite, SQL: insert into \"users\" (\"name\", \"email\", \"password\", \"updated_at\", \"created_at\") values (Admin User, admin@arbiter.com, $2y$12$5S3DQPMrIUpxJ16/n.ylTuQkaEjTX7p45Ff3aj8oc3zWRN1BKYQVm, 2025-12-08 23:17:49, 2025-12-08 23:17:49))","file":"C:\\xampp\\htdocs\\ArbiterCoffeeShop HUB\\services\\backend\\vendor\\laravel\\framework\\src\\Illuminate\\Database\\Connection.php","line":819,"code":"23000","trace":"#0 C:\\xampp\\htdocs\\ArbiterCoffeeShop HUB\\services\\backend\\vendor\\laravel\\framework\\src\\Illuminate\\Database\\Connection.php(778): Illuminate\\Database\\Connection->runQueryCallback('insert into \"us...', Array, Object(Closure))
#1 C:\\xampp\\htdocs\\ArbiterCoffeeShop HUB\\services\\backend\\vendor\\laravel\\framework\\src\\Illuminate\\Database\\Connection.php(559): Illuminate\\Database\\Connection->run('insert into \"us...', Array, Object(Closure))
#2 C:\\xampp\\htdocs\\ArbiterCoffeeShop HUB\\services\\backend\\vendor\\laravel\\framework\\src\\Illuminate\\Database\\Connection.php(523): Illuminate\\Database\\Connection->statement('insert into \"us...', Array)
#3 C:\\xampp\\htdocs\\ArbiterCoffeeShop HUB\\services\\backend\\vendor\\laravel\\framework\\src\\Illuminate\\Database\\Query\\Processors\\Processor.php(32): Illuminate\\Database\\Connection->insert('insert into \"us...', Array)
#4 C:\\xampp\\htdocs\\ArbiterCoffeeShop HUB\\services\\backend\\vendor\\laravel\\framework\\src\\Illuminate\\Database\\Query\\Builder.php(3853): Illuminate\\Database\\Query\\Processors\\Processor->processInsertGetId(Object(Illuminate\\Database\\Query\\Builder), 'insert into \"us...', Array, 'id')
#5 C:\\xampp\\htdocs\\ArbiterCoffeeShop HUB\\services\\backend\\vendor\\laravel\\framework\\src\\Illuminate\\Database\\Eloquent\\Builder.php(2235): Illuminate\\Database\\Query\\Builder->insertGetId(Array, 'id')
#6 C:\\xampp\\htdocs\\ArbiterCoffeeShop HUB\\services\\backend\\vendor\\laravel\\framework\\src\\Illuminate\\Database\\Eloquent\\Model.php(1436): Illuminate\\Database\\Eloquent\\Builder->__call('insertGetId', Array)
#7 C:\\xampp\\htdocs\\ArbiterCoffeeShop HUB\\services\\backend\\vendor\\laravel\\framework\\src\\Illuminate\\Database\\Eloquent\\Model.php(1401): Illuminate\\Database\\Eloquent\\Model->insertAndSetId(Object(Illuminate\\Database\\Eloquent\\Builder), Array)
#8 C:\\xampp\\htdocs\\ArbiterCoffeeShop HUB\\services\\backend\\vendor\\laravel\\framework\\src\\Illuminate\\Database\\Eloquent\\Model.php(1240): Illuminate\\Database\\Eloquent\\Model->performInsert(Object(Illuminate\\Database\\Eloquent\\Builder))
#9 C:\\xampp\\htdocs\\ArbiterCoffeeShop HUB\\services\\backend\\vendor\\laravel\\framework\\src\\Illuminate\\Database\\Eloquent\\Builder.php(1219): Illuminate\\Database\\Eloquent\\Model->save()
#10 C:\\xampp\\htdocs\\ArbiterCoffeeShop HUB\\services\\backend\\vendor\\laravel\\framework\\src\\Illuminate\\Support\\helpers.php(390): Illuminate\\Database\\Eloquent\\Builder->{closure:Illuminate\\Database\\Eloquent\\Builder::create():1218}(Object(App\\Models\\User))
#11 C:\\xampp\\htdocs\\ArbiterCoffeeShop HUB\\services\\backend\\vendor\\laravel\\framework\\src\\Illuminate\\Database\\Eloquent\\Builder.php(1218): tap(Object(App\\Models\\User), Object(Closure))
#12 C:\\xampp\\htdocs\\ArbiterCoffeeShop HUB\\services\\backend\\vendor\\laravel\\framework\\src\\Illuminate\\Support\\Traits\\ForwardsCalls.php(23): Illuminate\\Database\\Eloquent\\Builder->create(Array)
#13 C:\\xampp\\htdocs\\ArbiterCoffeeShop HUB\\services\\backend\\vendor\\laravel\\framework\\src\\Illuminate\\Database\\Eloquent\\Model.php(2540): Illuminate\\Database\\Eloquent\\Model->forwardCallTo(Object(Illuminate\\Database\\Eloquent\\Builder), 'create', Array)
#14 C:\\xampp\\htdocs\\ArbiterCoffeeShop HUB\\services\\backend\\vendor\\laravel\\framework\\src\\Illuminate\\Database\\Eloquent\\Model.php(2556): Illuminate\\Database\\Eloquent\\Model->__call('create', Array)
#15 C:\\xampp\\htdocs\\ArbiterCoffeeShop HUB\\services\\backend\\database\\seeders\\DatabaseSeeder.php(32): Illuminate\\Database\\Eloquent\\Model::__callStatic('create', Array)
#16 C:\\xampp\\htdocs\\ArbiterCoffeeShop HUB\\services\\backend\\vendor\\laravel\\framework\\src\\Illuminate\\Container\\BoundMethod.php(36): Database\\Seeders\\DatabaseSeeder->run()
#17 C:\\xampp\\htdocs\\ArbiterCoffeeShop HUB\\services\\backend\\vendor\\laravel\\framework\\src\\Illuminate\\Container\\Util.php(43): Illuminate\\Container\\BoundMethod::{closure:Illuminate\\Container\\BoundMethod::call():35}()
#18 C:\\xampp\\htdocs\\ArbiterCoffeeShop HUB\\services\\backend\\vendor\\laravel\\framework\\src\\Illuminate\\Container\\BoundMethod.php(96): Illuminate\\Container\\Util::unwrapIfClosure(Object(Closure))
#19 C:\\xampp\\htdocs\\ArbiterCoffeeShop HUB\\services\\backend\\vendor\\laravel\\framework\\src\\Illuminate\\Container\\BoundMethod.php(35): Illuminate\\Container\\BoundMethod::callBoundMethod(Object(Illuminate\\Foundation\\Application), Array, Object(Closure))
#20 C:\\xampp\\htdocs\\ArbiterCoffeeShop HUB\\services\\backend\\vendor\\laravel\\framework\\src\\Illuminate\\Container\\Container.php(836): Illuminate\\Container\\BoundMethod::call(Object(Illuminate\\Foundation\\Application), Array, Array, NULL)
#21 C:\\xampp\\htdocs\\ArbiterCoffeeShop HUB\\services\\backend\\vendor\\laravel\\framework\\src\\Illuminate\\Database\\Seeder.php(184): Illuminate\\Container\\Container->call(Array, Array)
#22 C:\\xampp\\htdocs\\ArbiterCoffeeShop HUB\\services\\backend\\vendor\\laravel\\framework\\src\\Illuminate\\Database\\Eloquent\\Concerns\\HasEvents.php(454): Illuminate\\Database\\Seeder->{closure:Illuminate\\Database\\Seeder::__invoke():183}()
#23 C:\\xampp\\htdocs\\ArbiterCoffeeShop HUB\\services\\backend\\vendor\\laravel\\framework\\src\\Illuminate\\Database\\Console\\Seeds\\WithoutModelEvents.php(17): Illuminate\\Database\\Eloquent\\Model::withoutEvents(Object(Closure))
#24 C:\\xampp\\htdocs\\ArbiterCoffeeShop HUB\\services\\backend\\vendor\\laravel\\framework\\src\\Illuminate\\Database\\Seeder.php(193): Database\\Seeders\\DatabaseSeeder->{closure:Illuminate\\Database\\Console\\Seeds\\WithoutModelEvents::withoutModelEvents():17}()
#25 C:\\xampp\\htdocs\\ArbiterCoffeeShop HUB\\services\\backend\\vendor\\laravel\\framework\\src\\Illuminate\\Database\\Console\\Seeds\\SeedCommand.php(71): Illuminate\\Database\\Seeder->__invoke()
#26 C:\\xampp\\htdocs\\ArbiterCoffeeShop HUB\\services\\backend\\vendor\\laravel\\framework\\src\\Illuminate\\Database\\Eloquent\\Concerns\\GuardsAttributes.php(157): Illuminate\\Database\\Console\\Seeds\\SeedCommand->{closure:Illuminate\\Database\\Console\\Seeds\\SeedCommand::handle():70}()
#27 C:\\xampp\\htdocs\\ArbiterCoffeeShop HUB\\services\\backend\\vendor\\laravel\\framework\\src\\Illuminate\\Database\\Console\\Seeds\\SeedCommand.php(70): Illuminate\\Database\\Eloquent\\Model::unguarded(Object(Closure))
#28 C:\\xampp\\htdocs\\ArbiterCoffeeShop HUB\\services\\backend\\vendor\\laravel\\framework\\src\\Illuminate\\Container\\BoundMethod.php(36): Illuminate\\Database\\Console\\Seeds\\SeedCommand->handle()
#29 C:\\xampp\\htdocs\\ArbiterCoffeeShop HUB\\services\\backend\\vendor\\laravel\\framework\\src\\Illuminate\\Container\\Util.php(43): Illuminate\\Container\\BoundMethod::{closure:Illuminate\\Container\\BoundMethod::call():35}()
#30 C:\\xampp\\htdocs\\ArbiterCoffeeShop HUB\\services\\backend\\vendor\\laravel\\framework\\src\\Illuminate\\Container\\BoundMethod.php(96): Illuminate\\Container\\Util::unwrapIfClosure(Object(Closure))
#31 C:\\xampp\\htdocs\\ArbiterCoffeeShop HUB\\services\\backend\\vendor\\laravel\\framework\\src\\Illuminate\\Container\\BoundMethod.php(35): Illuminate\\Container\\BoundMethod::callBoundMethod(Object(Illuminate\\Foundation\\Application), Array, Object(Closure))
#32 C:\\xampp\\htdocs\\ArbiterCoffeeShop HUB\\services\\backend\\vendor\\laravel\\framework\\src\\Illuminate\\Container\\Container.php(836): Illuminate\\Container\\BoundMethod::call(Object(Illuminate\\Foundation\\Application), Array, Array, NULL)
#33 C:\\xampp\\htdocs\\ArbiterCoffeeShop HUB\\services\\backend\\vendor\\laravel\\framework\\src\\Illuminate\\Console\\Command.php(211): Illuminate\\Container\\Container->call(Array)
#34 C:\\xampp\\htdocs\\ArbiterCoffeeShop HUB\\services\\backend\\vendor\\symfony\\console\\Command\\Command.php(318): Illuminate\\Console\\Command->execute(Object(Symfony\\Component\\Console\\Input\\ArgvInput), Object(Illuminate\\Console\\OutputStyle))
#35 C:\\xampp\\htdocs\\ArbiterCoffeeShop HUB\\services\\backend\\vendor\\laravel\\framework\\src\\Illuminate\\Console\\Command.php(180): Symfony\\Component\\Console\\Command\\Command->run(Object(Symfony\\Component\\Console\\Input\\ArgvInput), Object(Illuminate\\Console\\OutputStyle))
#36 C:\\xampp\\htdocs\\ArbiterCoffeeShop HUB\\services\\backend\\vendor\\symfony\\console\\Application.php(1073): Illuminate\\Console\\Command->run(Object(Symfony\\Component\\Console\\Input\\ArgvInput), Object(Symfony\\Component\\Console\\Output\\ConsoleOutput))
#37 C:\\xampp\\htdocs\\ArbiterCoffeeShop HUB\\services\\backend\\vendor\\symfony\\console\\Application.php(356): Symfony\\Component\\Console\\Application->doRunCommand(Object(Illuminate\\Database\\Console\\Seeds\\SeedCommand), Object(Symfony\\Component\\Console\\Input\\ArgvInput), Object(Symfony\\Component\\Console\\Output\\ConsoleOutput))
#38 C:\\xampp\\htdocs\\ArbiterCoffeeShop HUB\\services\\backend\\vendor\\symfony\\console\\Application.php(195): Symfony\\Component\\Console\\Application->doRun(Object(Symfony\\Component\\Console\\Input\\ArgvInput), Object(Symfony\\Component\\Console\\Output\\ConsoleOutput))
#39 C:\\xampp\\htdocs\\ArbiterCoffeeShop HUB\\services\\backend\\vendor\\laravel\\framework\\src\\Illuminate\\Foundation\\Console\\Kernel.php(197): Symfony\\Component\\Console\\Application->run(Object(Symfony\\Component\\Console\\Input\\ArgvInput), Object(Symfony\\Component\\Console\\Output\\ConsoleOutput))
#40 C:\\xampp\\htdocs\\ArbiterCoffeeShop HUB\\services\\backend\\vendor\\laravel\\framework\\src\\Illuminate\\Foundation\\Application.php(1235): Illuminate\\Foundation\\Console\\Kernel->handle(Object(Symfony\\Component\\Console\\Input\\ArgvInput), Object(Symfony\\Component\\Console\\Output\\ConsoleOutput))
#41 C:\\xampp\\htdocs\\ArbiterCoffeeShop HUB\\services\\backend\\artisan(16): Illuminate\\Foundation\\Application->handleCommand(Object(Symfony\\Component\\Console\\Input\\ArgvInput))
#42 {main}","severity":"critical","request_id":null,"user_id":null,"url":"http://localhost","method":"GET","ip":"127.0.0.1","user_agent":"Symfony","headers":{"host":["localhost"],"user-agent":["Symfony"],"accept":["text/html,application/xhtml+xml,application/xml;q=0.9,*/*;q=0.8"],"accept-language":["en-us,en;q=0.5"],"accept-charset":["ISO-8859-1,utf-8;q=0.7,*;q=0.7"]},"input":[],"session":null,"server_memory":{"peak_usage":6291456,"current_usage":6291456},"timestamp":"2025-12-08T23:17:49.635496Z"} 
